Do the baseline
Batch_size:  8
Total_epochs:  50
Debug:  True
Augmenttion:  False
Resolution Steps:  4
********************Do All********************
File Source:  IOP
Training:   39
Validation:  16
Test:       16
Trainable params:  2207402
######   Loss Function is ###### Dice Loss
Train Epoch: 1 [8/39 (25%)]	Loss: 0.569603
Train Epoch: 1 [24/39 (75%)]	Loss: 0.449894

Training set: Average loss: 0.4828
Time taken for epoch =  29.240736484527588
Validation set: Average loss: 0.5182


Train Epoch: 2 [8/39 (25%)]	Loss: 0.401757
Train Epoch: 2 [24/39 (75%)]	Loss: 0.384822

Training set: Average loss: 0.3925
Time taken for epoch =  26.702020168304443
Validation set: Average loss: 0.4555


Train Epoch: 3 [8/39 (25%)]	Loss: 0.375447
Train Epoch: 3 [24/39 (75%)]	Loss: 0.373067

Training set: Average loss: 0.3761
Time taken for epoch =  26.396625757217407
Validation set: Average loss: 0.4507


Train Epoch: 4 [8/39 (25%)]	Loss: 0.367313
Train Epoch: 4 [24/39 (75%)]	Loss: 0.356302

Training set: Average loss: 0.3601
Time taken for epoch =  26.25079035758972
Validation set: Average loss: 0.3849


Train Epoch: 5 [8/39 (25%)]	Loss: 0.356898
Train Epoch: 5 [24/39 (75%)]	Loss: 0.343855

Training set: Average loss: 0.3482
Time taken for epoch =  26.172849893569946
Validation set: Average loss: 0.3777


Train Epoch: 6 [8/39 (25%)]	Loss: 0.349615
Train Epoch: 6 [24/39 (75%)]	Loss: 0.326841

Training set: Average loss: 0.3372
Time taken for epoch =  26.262413024902344
Validation set: Average loss: 0.3517


Train Epoch: 7 [8/39 (25%)]	Loss: 0.336263
Train Epoch: 7 [24/39 (75%)]	Loss: 0.329039

Training set: Average loss: 0.3283
Time taken for epoch =  26.09883975982666
Validation set: Average loss: 0.3393


Train Epoch: 8 [8/39 (25%)]	Loss: 0.332501
Train Epoch: 8 [24/39 (75%)]	Loss: 0.318294

Training set: Average loss: 0.3195
Time taken for epoch =  26.216771841049194
Validation set: Average loss: 0.3228


Train Epoch: 9 [8/39 (25%)]	Loss: 0.302893
Train Epoch: 9 [24/39 (75%)]	Loss: 0.308384

Training set: Average loss: 0.3078
Time taken for epoch =  25.956082820892334
Validation set: Average loss: 0.3109


Train Epoch: 10 [8/39 (25%)]	Loss: 0.295954
Train Epoch: 10 [24/39 (75%)]	Loss: 0.296042

Training set: Average loss: 0.2971
Time taken for epoch =  26.078415632247925
Validation set: Average loss: 0.3038


Train Epoch: 11 [8/39 (25%)]	Loss: 0.283994
Train Epoch: 11 [24/39 (75%)]	Loss: 0.297787

Training set: Average loss: 0.2863
Time taken for epoch =  26.150137186050415
Validation set: Average loss: 0.2916


Train Epoch: 12 [8/39 (25%)]	Loss: 0.296376
Train Epoch: 12 [24/39 (75%)]	Loss: 0.272438

Training set: Average loss: 0.2798
Time taken for epoch =  26.06999945640564
Validation set: Average loss: 0.2846


Train Epoch: 13 [8/39 (25%)]	Loss: 0.273577
Train Epoch: 13 [24/39 (75%)]	Loss: 0.269096

Training set: Average loss: 0.2698
Time taken for epoch =  26.089942693710327
Validation set: Average loss: 0.2784


Train Epoch: 14 [8/39 (25%)]	Loss: 0.266911
Train Epoch: 14 [24/39 (75%)]	Loss: 0.261704

Training set: Average loss: 0.2604
Time taken for epoch =  26.009639501571655
Validation set: Average loss: 0.2731


Train Epoch: 15 [8/39 (25%)]	Loss: 0.250526
Train Epoch: 15 [24/39 (75%)]	Loss: 0.252020

Training set: Average loss: 0.2488
Time taken for epoch =  26.26372528076172
Validation set: Average loss: 0.2677


Train Epoch: 16 [8/39 (25%)]	Loss: 0.232681
Train Epoch: 16 [24/39 (75%)]	Loss: 0.251159

Training set: Average loss: 0.2392
Time taken for epoch =  26.106462001800537
Validation set: Average loss: 0.2623


Train Epoch: 17 [8/39 (25%)]	Loss: 0.233077
Train Epoch: 17 [24/39 (75%)]	Loss: 0.213939

Training set: Average loss: 0.2294
Time taken for epoch =  26.15841007232666
Validation set: Average loss: 0.2533


Train Epoch: 18 [8/39 (25%)]	Loss: 0.218984
Train Epoch: 18 [24/39 (75%)]	Loss: 0.214891

Training set: Average loss: 0.2172
Time taken for epoch =  26.017142057418823
Validation set: Average loss: 0.2438


Train Epoch: 19 [8/39 (25%)]	Loss: 0.234435
Train Epoch: 19 [24/39 (75%)]	Loss: 0.203393

Training set: Average loss: 0.2142
Time taken for epoch =  25.971733808517456
Validation set: Average loss: 0.2357


Train Epoch: 20 [8/39 (25%)]	Loss: 0.196003
Train Epoch: 20 [24/39 (75%)]	Loss: 0.191839

Training set: Average loss: 0.2062
Time taken for epoch =  26.17975926399231
Validation set: Average loss: 0.2201


Train Epoch: 21 [8/39 (25%)]	Loss: 0.198666
Train Epoch: 21 [24/39 (75%)]	Loss: 0.200257

Training set: Average loss: 0.2010
Time taken for epoch =  25.955159425735474
Validation set: Average loss: 0.2205


Train Epoch: 22 [8/39 (25%)]	Loss: 0.186146
Train Epoch: 22 [24/39 (75%)]	Loss: 0.177776

Training set: Average loss: 0.1900
Time taken for epoch =  26.10133957862854
Validation set: Average loss: 0.2491


Train Epoch: 23 [8/39 (25%)]	Loss: 0.189021
Train Epoch: 23 [24/39 (75%)]	Loss: 0.170440

Training set: Average loss: 0.1812
Time taken for epoch =  26.028472661972046
Validation set: Average loss: 0.1857


Train Epoch: 24 [8/39 (25%)]	Loss: 0.163973
Train Epoch: 24 [24/39 (75%)]	Loss: 0.166679

Training set: Average loss: 0.1701
Time taken for epoch =  26.036191701889038
Validation set: Average loss: 0.1750


Train Epoch: 25 [8/39 (25%)]	Loss: 0.157838
Train Epoch: 25 [24/39 (75%)]	Loss: 0.189242

Training set: Average loss: 0.1629
Time taken for epoch =  25.98996138572693
Validation set: Average loss: 0.1710


Train Epoch: 26 [8/39 (25%)]	Loss: 0.156923
Train Epoch: 26 [24/39 (75%)]	Loss: 0.166454

Training set: Average loss: 0.1588
Time taken for epoch =  26.03022813796997
Validation set: Average loss: 0.1605


Train Epoch: 27 [8/39 (25%)]	Loss: 0.153486
Train Epoch: 27 [24/39 (75%)]	Loss: 0.160395

Training set: Average loss: 0.1501
Time taken for epoch =  26.010869026184082
Validation set: Average loss: 0.1498


Train Epoch: 28 [8/39 (25%)]	Loss: 0.150279
Train Epoch: 28 [24/39 (75%)]	Loss: 0.137779

Training set: Average loss: 0.1442
Time taken for epoch =  26.08402132987976
Validation set: Average loss: 0.1475


Train Epoch: 29 [8/39 (25%)]	Loss: 0.128337
Train Epoch: 29 [24/39 (75%)]	Loss: 0.141887

Training set: Average loss: 0.1361
Time taken for epoch =  26.25006651878357
Validation set: Average loss: 0.1438


Train Epoch: 30 [8/39 (25%)]	Loss: 0.138946
Train Epoch: 30 [24/39 (75%)]	Loss: 0.138015

Training set: Average loss: 0.1302
Time taken for epoch =  26.198912620544434
Validation set: Average loss: 0.1358


Train Epoch: 31 [8/39 (25%)]	Loss: 0.114445
Train Epoch: 31 [24/39 (75%)]	Loss: 0.116776

Training set: Average loss: 0.1263
Time taken for epoch =  26.30115818977356
Validation set: Average loss: 0.1297


Train Epoch: 32 [8/39 (25%)]	Loss: 0.118644
Train Epoch: 32 [24/39 (75%)]	Loss: 0.108117

Training set: Average loss: 0.1101
Time taken for epoch =  26.14896583557129
Validation set: Average loss: 0.1260


Train Epoch: 33 [8/39 (25%)]	Loss: 0.127937
Train Epoch: 33 [24/39 (75%)]	Loss: 0.099087

Training set: Average loss: 0.1089
Time taken for epoch =  26.162278652191162
Validation set: Average loss: 0.1192


Train Epoch: 34 [8/39 (25%)]	Loss: 0.125047
Train Epoch: 34 [24/39 (75%)]	Loss: 0.106779

Training set: Average loss: 0.1161
Time taken for epoch =  26.104017972946167
Validation set: Average loss: 0.1143


Train Epoch: 35 [8/39 (25%)]	Loss: 0.097751
Train Epoch: 35 [24/39 (75%)]	Loss: 0.135513

Training set: Average loss: 0.1096
Time taken for epoch =  26.091689825057983
Validation set: Average loss: 0.1083


Train Epoch: 36 [8/39 (25%)]	Loss: 0.110955
Train Epoch: 36 [24/39 (75%)]	Loss: 0.097534

Training set: Average loss: 0.1065
Time taken for epoch =  26.111817359924316
Validation set: Average loss: 0.1048


Train Epoch: 37 [8/39 (25%)]	Loss: 0.110145
Train Epoch: 37 [24/39 (75%)]	Loss: 0.080715

Training set: Average loss: 0.1046
Time taken for epoch =  25.997209310531616
Validation set: Average loss: 0.1047


Train Epoch: 38 [8/39 (25%)]	Loss: 0.112553
Train Epoch: 38 [24/39 (75%)]	Loss: 0.078643

Training set: Average loss: 0.0953
Time taken for epoch =  26.09374976158142
Validation set: Average loss: 0.5110


Train Epoch: 39 [8/39 (25%)]	Loss: 0.123678
Train Epoch: 39 [24/39 (75%)]	Loss: 0.080429

Training set: Average loss: 0.0996
Time taken for epoch =  26.25855827331543
Validation set: Average loss: 0.0985


Train Epoch: 40 [8/39 (25%)]	Loss: 0.076342
Train Epoch: 40 [24/39 (75%)]	Loss: 0.104965

Training set: Average loss: 0.0962
Time taken for epoch =  26.072169303894043
Validation set: Average loss: 0.1002


Train Epoch: 41 [8/39 (25%)]	Loss: 0.074790
Train Epoch: 41 [24/39 (75%)]	Loss: 0.097092

Training set: Average loss: 0.0915
Time taken for epoch =  26.012993574142456
Validation set: Average loss: 0.0909


Train Epoch: 42 [8/39 (25%)]	Loss: 0.092823
Train Epoch: 42 [24/39 (75%)]	Loss: 0.068063

Training set: Average loss: 0.0835
Time taken for epoch =  26.1719331741333
Validation set: Average loss: 0.0858


Train Epoch: 43 [8/39 (25%)]	Loss: 0.067263
Train Epoch: 43 [24/39 (75%)]	Loss: 0.065974

Training set: Average loss: 0.0802
Time taken for epoch =  26.2436261177063
Validation set: Average loss: 0.0835


Train Epoch: 44 [8/39 (25%)]	Loss: 0.073643
Train Epoch: 44 [24/39 (75%)]	Loss: 0.060886

Training set: Average loss: 0.0842
Time taken for epoch =  25.93464756011963
Validation set: Average loss: 0.0817


Train Epoch: 45 [8/39 (25%)]	Loss: 0.086554
Train Epoch: 45 [24/39 (75%)]	Loss: 0.067684

Training set: Average loss: 0.0743
Time taken for epoch =  26.22259759902954
Validation set: Average loss: 0.0808


Train Epoch: 46 [8/39 (25%)]	Loss: 0.059462
Train Epoch: 46 [24/39 (75%)]	Loss: 0.084515

Training set: Average loss: 0.0763
Time taken for epoch =  26.18189525604248
Validation set: Average loss: 0.0762


Train Epoch: 47 [8/39 (25%)]	Loss: 0.057479
Train Epoch: 47 [24/39 (75%)]	Loss: 0.080541

Training set: Average loss: 0.0769
Time taken for epoch =  26.008674383163452
Validation set: Average loss: 0.0753


Train Epoch: 48 [8/39 (25%)]	Loss: 0.079336
Train Epoch: 48 [24/39 (75%)]	Loss: 0.054573

Training set: Average loss: 0.0690
Time taken for epoch =  26.066882610321045
Validation set: Average loss: 0.0705


Train Epoch: 49 [8/39 (25%)]	Loss: 0.054650
Train Epoch: 49 [24/39 (75%)]	Loss: 0.076209

Training set: Average loss: 0.0653
Time taken for epoch =  26.448266744613647
Validation set: Average loss: 0.0697


Train Epoch: 50 [8/39 (25%)]	Loss: 0.049521
Train Epoch: 50 [24/39 (75%)]	Loss: 0.048886

Training set: Average loss: 0.0564
Time taken for epoch =  26.305452346801758
Validation set: Average loss: 0.0681


Losses Information (train, val):  [[0.48282218 0.3924936  0.37609378 0.3601497  0.3482437  0.33715335
  0.32825744 0.3194635  0.307848   0.2970969  0.28625986 0.27976826
  0.26976335 0.26037493 0.24875763 0.2392039  0.22939166 0.21723352
  0.21415937 0.20621261 0.20101723 0.19001716 0.18119636 0.17009161
  0.16288736 0.15875971 0.15010072 0.14417869 0.13607989 0.13023248
  0.1262812  0.11009432 0.10886845 0.11607168 0.10961981 0.10652983
  0.10458283 0.09533125 0.09957375 0.09618407 0.09151357 0.08346153
  0.08015611 0.08424856 0.07428846 0.07630502 0.07694902 0.06897068
  0.06527887 0.05642027]
 [0.51816297 0.45545566 0.45066    0.38488024 0.37765515 0.35174018
  0.33934486 0.3228191  0.31091934 0.30379227 0.29160807 0.28461552
  0.2783813  0.27312106 0.26769704 0.26234865 0.25329208 0.24375694
  0.23571701 0.22011462 0.22054751 0.2490655  0.18570712 0.17504492
  0.17102131 0.16048843 0.14980245 0.14747056 0.14378846 0.1358344
  0.12971124 0.12602451 0.11921281 0.11425773 0.10834417 0.10479431
  0.10468663 0.510959   0.09852879 0.10022203 0.09085741 0.08583267
  0.08354482 0.08168538 0.08077006 0.07623395 0.07525422 0.07048053
  0.06965093 0.06812403]]
Dice Value:  0.961081326007843
IoU Score:  0.9317108392715454
********************Do All********************
File Source:  Guys
Training:   174
Validation:  70
Test:       73
Trainable params:  2207402
######   Loss Function is ###### Dice Loss
Train Epoch: 1 [8/174 (5%)]	Loss: 0.510232
Train Epoch: 1 [24/174 (14%)]	Loss: 0.435616
Train Epoch: 1 [40/174 (24%)]	Loss: 0.415338
Train Epoch: 1 [56/174 (33%)]	Loss: 0.412829
Train Epoch: 1 [72/174 (43%)]	Loss: 0.404259
Train Epoch: 1 [88/174 (52%)]	Loss: 0.396784
Train Epoch: 1 [104/174 (62%)]	Loss: 0.390443
Train Epoch: 1 [120/174 (71%)]	Loss: 0.383661
Train Epoch: 1 [136/174 (81%)]	Loss: 0.379446
Train Epoch: 1 [152/174 (90%)]	Loss: 0.373227
Train Epoch: 1 [168/174 (100%)]	Loss: 0.374790

Training set: Average loss: 0.4048
Time taken for epoch =  194.0513677597046
Validation set: Average loss: 0.3707


Train Epoch: 2 [8/174 (5%)]	Loss: 0.364535
Train Epoch: 2 [24/174 (14%)]	Loss: 0.362718
Train Epoch: 2 [40/174 (24%)]	Loss: 0.359158
Train Epoch: 2 [56/174 (33%)]	Loss: 0.352439
Train Epoch: 2 [72/174 (43%)]	Loss: 0.343812
Train Epoch: 2 [88/174 (52%)]	Loss: 0.343010
Train Epoch: 2 [104/174 (62%)]	Loss: 0.329973
Train Epoch: 2 [120/174 (71%)]	Loss: 0.328529
Train Epoch: 2 [136/174 (81%)]	Loss: 0.330909
Train Epoch: 2 [152/174 (90%)]	Loss: 0.316203
Train Epoch: 2 [168/174 (100%)]	Loss: 0.312479

Training set: Average loss: 0.3399
Time taken for epoch =  192.53311729431152
Validation set: Average loss: 0.3321


Train Epoch: 3 [8/174 (5%)]	Loss: 0.313166
Train Epoch: 3 [24/174 (14%)]	Loss: 0.303783
Train Epoch: 3 [40/174 (24%)]	Loss: 0.294539
Train Epoch: 3 [56/174 (33%)]	Loss: 0.291990
Train Epoch: 3 [72/174 (43%)]	Loss: 0.289690
Train Epoch: 3 [88/174 (52%)]	Loss: 0.277105
Train Epoch: 3 [104/174 (62%)]	Loss: 0.272765
Train Epoch: 3 [120/174 (71%)]	Loss: 0.270642
Train Epoch: 3 [136/174 (81%)]	Loss: 0.263318
Train Epoch: 3 [152/174 (90%)]	Loss: 0.254724
Train Epoch: 3 [168/174 (100%)]	Loss: 0.248739

Training set: Average loss: 0.2800
Time taken for epoch =  193.30875873565674
Validation set: Average loss: 0.2887


Train Epoch: 4 [8/174 (5%)]	Loss: 0.249990
Train Epoch: 4 [24/174 (14%)]	Loss: 0.233924
Train Epoch: 4 [40/174 (24%)]	Loss: 0.231853
Train Epoch: 4 [56/174 (33%)]	Loss: 0.229806
Train Epoch: 4 [72/174 (43%)]	Loss: 0.222245
Train Epoch: 4 [88/174 (52%)]	Loss: 0.218488
Train Epoch: 4 [104/174 (62%)]	Loss: 0.214446
Train Epoch: 4 [120/174 (71%)]	Loss: 0.206814
Train Epoch: 4 [136/174 (81%)]	Loss: 0.195968
Train Epoch: 4 [152/174 (90%)]	Loss: 0.191459
Train Epoch: 4 [168/174 (100%)]	Loss: 0.187413

Training set: Average loss: 0.2178
Time taken for epoch =  193.21176028251648
Validation set: Average loss: 0.2043


Train Epoch: 5 [8/174 (5%)]	Loss: 0.183927
Train Epoch: 5 [24/174 (14%)]	Loss: 0.182682
Train Epoch: 5 [40/174 (24%)]	Loss: 0.176292
Train Epoch: 5 [56/174 (33%)]	Loss: 0.185951
Train Epoch: 5 [72/174 (43%)]	Loss: 0.170991
Train Epoch: 5 [88/174 (52%)]	Loss: 0.162757
Train Epoch: 5 [104/174 (62%)]	Loss: 0.157359
Train Epoch: 5 [120/174 (71%)]	Loss: 0.155337
Train Epoch: 5 [136/174 (81%)]	Loss: 0.156287
Train Epoch: 5 [152/174 (90%)]	Loss: 0.145896
Train Epoch: 5 [168/174 (100%)]	Loss: 0.143510

Training set: Average loss: 0.1664
Time taken for epoch =  194.46006441116333
Validation set: Average loss: 0.3183


Train Epoch: 6 [8/174 (5%)]	Loss: 0.139596
Train Epoch: 6 [24/174 (14%)]	Loss: 0.135240
Train Epoch: 6 [40/174 (24%)]	Loss: 0.131014
Train Epoch: 6 [56/174 (33%)]	Loss: 0.126905
Train Epoch: 6 [72/174 (43%)]	Loss: 0.123669
Train Epoch: 6 [88/174 (52%)]	Loss: 0.121588
Train Epoch: 6 [104/174 (62%)]	Loss: 0.122251
Train Epoch: 6 [120/174 (71%)]	Loss: 0.113308
Train Epoch: 6 [136/174 (81%)]	Loss: 0.115039
Train Epoch: 6 [152/174 (90%)]	Loss: 0.108876
Train Epoch: 6 [168/174 (100%)]	Loss: 0.106798

Training set: Average loss: 0.1225
Time taken for epoch =  194.36171126365662
Validation set: Average loss: 0.1777


Train Epoch: 7 [8/174 (5%)]	Loss: 0.102978
Train Epoch: 7 [24/174 (14%)]	Loss: 0.102314
Train Epoch: 7 [40/174 (24%)]	Loss: 0.099510
Train Epoch: 7 [56/174 (33%)]	Loss: 0.097057
Train Epoch: 7 [72/174 (43%)]	Loss: 0.092451
Train Epoch: 7 [88/174 (52%)]	Loss: 0.090687
Train Epoch: 7 [104/174 (62%)]	Loss: 0.094612
Train Epoch: 7 [120/174 (71%)]	Loss: 0.090173
Train Epoch: 7 [136/174 (81%)]	Loss: 0.084909
Train Epoch: 7 [152/174 (90%)]	Loss: 0.082281
Train Epoch: 7 [168/174 (100%)]	Loss: 0.081245

Training set: Average loss: 0.0925
Time taken for epoch =  191.85246014595032
Validation set: Average loss: 0.0854


Train Epoch: 8 [8/174 (5%)]	Loss: 0.080335
Train Epoch: 8 [24/174 (14%)]	Loss: 0.077682
Train Epoch: 8 [40/174 (24%)]	Loss: 0.075338
Train Epoch: 8 [56/174 (33%)]	Loss: 0.075191
Train Epoch: 8 [72/174 (43%)]	Loss: 0.072492
Train Epoch: 8 [88/174 (52%)]	Loss: 0.070622
Train Epoch: 8 [104/174 (62%)]	Loss: 0.070179
Train Epoch: 8 [120/174 (71%)]	Loss: 0.072059
Train Epoch: 8 [136/174 (81%)]	Loss: 0.068285
Train Epoch: 8 [152/174 (90%)]	Loss: 0.067035
Train Epoch: 8 [168/174 (100%)]	Loss: 0.067936

Training set: Average loss: 0.0724
Time taken for epoch =  193.50633716583252
Validation set: Average loss: 0.0658


Train Epoch: 9 [8/174 (5%)]	Loss: 0.065470
Train Epoch: 9 [24/174 (14%)]	Loss: 0.060648
Train Epoch: 9 [40/174 (24%)]	Loss: 0.060384
Train Epoch: 9 [56/174 (33%)]	Loss: 0.058249
Train Epoch: 9 [72/174 (43%)]	Loss: 0.061843
Train Epoch: 9 [88/174 (52%)]	Loss: 0.056235
Train Epoch: 9 [104/174 (62%)]	Loss: 0.056154
Train Epoch: 9 [120/174 (71%)]	Loss: 0.060403
Train Epoch: 9 [136/174 (81%)]	Loss: 0.058598
Train Epoch: 9 [152/174 (90%)]	Loss: 0.058424
Train Epoch: 9 [168/174 (100%)]	Loss: 0.052279

Training set: Average loss: 0.0584
Time taken for epoch =  196.84350395202637
Validation set: Average loss: 0.0537


Train Epoch: 10 [8/174 (5%)]	Loss: 0.056429
Train Epoch: 10 [24/174 (14%)]	Loss: 0.052721
Train Epoch: 10 [40/174 (24%)]	Loss: 0.049306
Train Epoch: 10 [56/174 (33%)]	Loss: 0.048131
Train Epoch: 10 [72/174 (43%)]	Loss: 0.047654
Train Epoch: 10 [88/174 (52%)]	Loss: 0.053017
Train Epoch: 10 [104/174 (62%)]	Loss: 0.046554
Train Epoch: 10 [120/174 (71%)]	Loss: 0.046291
Train Epoch: 10 [136/174 (81%)]	Loss: 0.044428
Train Epoch: 10 [152/174 (90%)]	Loss: 0.044203
Train Epoch: 10 [168/174 (100%)]	Loss: 0.045099

Training set: Average loss: 0.0483
Time taken for epoch =  195.32033443450928
Validation set: Average loss: 0.0455


Train Epoch: 11 [8/174 (5%)]	Loss: 0.044052
Train Epoch: 11 [24/174 (14%)]	Loss: 0.043156
Train Epoch: 11 [40/174 (24%)]	Loss: 0.042015
Train Epoch: 11 [56/174 (33%)]	Loss: 0.041467
Train Epoch: 11 [72/174 (43%)]	Loss: 0.039992
Train Epoch: 11 [88/174 (52%)]	Loss: 0.041715
Train Epoch: 11 [104/174 (62%)]	Loss: 0.038959
Train Epoch: 11 [120/174 (71%)]	Loss: 0.039370
Train Epoch: 11 [136/174 (81%)]	Loss: 0.037744
Train Epoch: 11 [152/174 (90%)]	Loss: 0.038075
Train Epoch: 11 [168/174 (100%)]	Loss: 0.041275

Training set: Average loss: 0.0416
Time taken for epoch =  194.05533742904663
Validation set: Average loss: 0.0397


Train Epoch: 12 [8/174 (5%)]	Loss: 0.040816
Train Epoch: 12 [24/174 (14%)]	Loss: 0.037116
Train Epoch: 12 [40/174 (24%)]	Loss: 0.037087
Train Epoch: 12 [56/174 (33%)]	Loss: 0.035177
Train Epoch: 12 [72/174 (43%)]	Loss: 0.035060
Train Epoch: 12 [88/174 (52%)]	Loss: 0.034446
Train Epoch: 12 [104/174 (62%)]	Loss: 0.036646
Train Epoch: 12 [120/174 (71%)]	Loss: 0.033369
Train Epoch: 12 [136/174 (81%)]	Loss: 0.033194
Train Epoch: 12 [152/174 (90%)]	Loss: 0.033295
Train Epoch: 12 [168/174 (100%)]	Loss: 0.034036

Training set: Average loss: 0.0363
Time taken for epoch =  193.62212467193604
Validation set: Average loss: 0.0355


Train Epoch: 13 [8/174 (5%)]	Loss: 0.032455
Train Epoch: 13 [24/174 (14%)]	Loss: 0.031704
Train Epoch: 13 [40/174 (24%)]	Loss: 0.032318
Train Epoch: 13 [56/174 (33%)]	Loss: 0.032435
Train Epoch: 13 [72/174 (43%)]	Loss: 0.032557
Train Epoch: 13 [88/174 (52%)]	Loss: 0.031003
Train Epoch: 13 [104/174 (62%)]	Loss: 0.030458
Train Epoch: 13 [120/174 (71%)]	Loss: 0.029814
Train Epoch: 13 [136/174 (81%)]	Loss: 0.033220
Train Epoch: 13 [152/174 (90%)]	Loss: 0.029660
Train Epoch: 13 [168/174 (100%)]	Loss: 0.029392

Training set: Average loss: 0.0321
Time taken for epoch =  192.19614458084106
Validation set: Average loss: 0.0301


Train Epoch: 14 [8/174 (5%)]	Loss: 0.029067
Train Epoch: 14 [24/174 (14%)]	Loss: 0.028512
Train Epoch: 14 [40/174 (24%)]	Loss: 0.027999
Train Epoch: 14 [56/174 (33%)]	Loss: 0.027897
Train Epoch: 14 [72/174 (43%)]	Loss: 0.028151
Train Epoch: 14 [88/174 (52%)]	Loss: 0.027715
Train Epoch: 14 [104/174 (62%)]	Loss: 0.027714
Train Epoch: 14 [120/174 (71%)]	Loss: 0.028125
Train Epoch: 14 [136/174 (81%)]	Loss: 0.032114
Train Epoch: 14 [152/174 (90%)]	Loss: 0.026473
Train Epoch: 14 [168/174 (100%)]	Loss: 0.027899

Training set: Average loss: 0.0290
Time taken for epoch =  194.58291959762573
Validation set: Average loss: 0.0276


Train Epoch: 15 [8/174 (5%)]	Loss: 0.026575
Train Epoch: 15 [24/174 (14%)]	Loss: 0.028389
Train Epoch: 15 [40/174 (24%)]	Loss: 0.028748
Train Epoch: 15 [56/174 (33%)]	Loss: 0.025934
Train Epoch: 15 [72/174 (43%)]	Loss: 0.026431
Train Epoch: 15 [88/174 (52%)]	Loss: 0.025967
Train Epoch: 15 [104/174 (62%)]	Loss: 0.033746
Train Epoch: 15 [120/174 (71%)]	Loss: 0.031197
Train Epoch: 15 [136/174 (81%)]	Loss: 0.024745
Train Epoch: 15 [152/174 (90%)]	Loss: 0.025084
Train Epoch: 15 [168/174 (100%)]	Loss: 0.023769

Training set: Average loss: 0.0272
Time taken for epoch =  194.59736371040344
Validation set: Average loss: 0.0264


Train Epoch: 16 [8/174 (5%)]	Loss: 0.029457
Train Epoch: 16 [24/174 (14%)]	Loss: 0.024324
Train Epoch: 16 [40/174 (24%)]	Loss: 0.023338
Train Epoch: 16 [56/174 (33%)]	Loss: 0.024084
Train Epoch: 16 [72/174 (43%)]	Loss: 0.023272
Train Epoch: 16 [88/174 (52%)]	Loss: 0.029891
Train Epoch: 16 [104/174 (62%)]	Loss: 0.023890
Train Epoch: 16 [120/174 (71%)]	Loss: 0.023376
Train Epoch: 16 [136/174 (81%)]	Loss: 0.024177
Train Epoch: 16 [152/174 (90%)]	Loss: 0.022332
Train Epoch: 16 [168/174 (100%)]	Loss: 0.028430

Training set: Average loss: 0.0250
Time taken for epoch =  191.57774710655212
Validation set: Average loss: 0.4652


Train Epoch: 17 [8/174 (5%)]	Loss: 0.022444
Train Epoch: 17 [24/174 (14%)]	Loss: 0.028116
Train Epoch: 17 [40/174 (24%)]	Loss: 0.027413
Train Epoch: 17 [56/174 (33%)]	Loss: 0.022607
Train Epoch: 17 [72/174 (43%)]	Loss: 0.022638
Train Epoch: 17 [88/174 (52%)]	Loss: 0.022195
Train Epoch: 17 [104/174 (62%)]	Loss: 0.021750
Train Epoch: 17 [120/174 (71%)]	Loss: 0.021686
Train Epoch: 17 [136/174 (81%)]	Loss: 0.021906
Train Epoch: 17 [152/174 (90%)]	Loss: 0.020752
Train Epoch: 17 [168/174 (100%)]	Loss: 0.020748

Training set: Average loss: 0.0234
Time taken for epoch =  192.8990113735199
Validation set: Average loss: 0.0220


Train Epoch: 18 [8/174 (5%)]	Loss: 0.020622
Train Epoch: 18 [24/174 (14%)]	Loss: 0.021285
Train Epoch: 18 [40/174 (24%)]	Loss: 0.020345
Train Epoch: 18 [56/174 (33%)]	Loss: 0.025179
Train Epoch: 18 [72/174 (43%)]	Loss: 0.019965
Train Epoch: 18 [88/174 (52%)]	Loss: 0.022218
Train Epoch: 18 [104/174 (62%)]	Loss: 0.021201
Train Epoch: 18 [120/174 (71%)]	Loss: 0.020210
Train Epoch: 18 [136/174 (81%)]	Loss: 0.020148
Train Epoch: 18 [152/174 (90%)]	Loss: 0.030743
Train Epoch: 18 [168/174 (100%)]	Loss: 0.020459

Training set: Average loss: 0.0218
Time taken for epoch =  194.6030867099762
Validation set: Average loss: 0.0224


Train Epoch: 19 [8/174 (5%)]	Loss: 0.025181
Train Epoch: 19 [24/174 (14%)]	Loss: 0.019318
Train Epoch: 19 [40/174 (24%)]	Loss: 0.020912
Train Epoch: 19 [56/174 (33%)]	Loss: 0.019863
Train Epoch: 19 [72/174 (43%)]	Loss: 0.019890
Train Epoch: 19 [88/174 (52%)]	Loss: 0.024140
Train Epoch: 19 [104/174 (62%)]	Loss: 0.018823
Train Epoch: 19 [120/174 (71%)]	Loss: 0.018883
Train Epoch: 19 [136/174 (81%)]	Loss: 0.018702
Train Epoch: 19 [152/174 (90%)]	Loss: 0.019838
Train Epoch: 19 [168/174 (100%)]	Loss: 0.019140

Training set: Average loss: 0.0204
Time taken for epoch =  193.0438871383667
Validation set: Average loss: 0.0196


Train Epoch: 20 [8/174 (5%)]	Loss: 0.018138
Train Epoch: 20 [24/174 (14%)]	Loss: 0.018604
Train Epoch: 20 [40/174 (24%)]	Loss: 0.017931
Train Epoch: 20 [56/174 (33%)]	Loss: 0.022198
Train Epoch: 20 [72/174 (43%)]	Loss: 0.023499
Train Epoch: 20 [88/174 (52%)]	Loss: 0.018025
Train Epoch: 20 [104/174 (62%)]	Loss: 0.018834
Train Epoch: 20 [120/174 (71%)]	Loss: 0.018901
Train Epoch: 20 [136/174 (81%)]	Loss: 0.017835
Train Epoch: 20 [152/174 (90%)]	Loss: 0.019041
Train Epoch: 20 [168/174 (100%)]	Loss: 0.017921

Training set: Average loss: 0.0194
Time taken for epoch =  194.05835819244385
Validation set: Average loss: 0.0187


Train Epoch: 21 [8/174 (5%)]	Loss: 0.022583
Train Epoch: 21 [24/174 (14%)]	Loss: 0.017642
Train Epoch: 21 [40/174 (24%)]	Loss: 0.017447
Train Epoch: 21 [56/174 (33%)]	Loss: 0.017411
Train Epoch: 21 [72/174 (43%)]	Loss: 0.019717
Train Epoch: 21 [88/174 (52%)]	Loss: 0.021874
Train Epoch: 21 [104/174 (62%)]	Loss: 0.016888
Train Epoch: 21 [120/174 (71%)]	Loss: 0.017678
Train Epoch: 21 [136/174 (81%)]	Loss: 0.017112
Train Epoch: 21 [152/174 (90%)]	Loss: 0.018341
Train Epoch: 21 [168/174 (100%)]	Loss: 0.016218

Training set: Average loss: 0.0186
Time taken for epoch =  195.45767879486084
Validation set: Average loss: 0.0180


Train Epoch: 22 [8/174 (5%)]	Loss: 0.016964
Train Epoch: 22 [24/174 (14%)]	Loss: 0.022385
Train Epoch: 22 [40/174 (24%)]	Loss: 0.017314
Train Epoch: 22 [56/174 (33%)]	Loss: 0.017499
Train Epoch: 22 [72/174 (43%)]	Loss: 0.016823
Train Epoch: 22 [88/174 (52%)]	Loss: 0.020490
Train Epoch: 22 [104/174 (62%)]	Loss: 0.016362
Train Epoch: 22 [120/174 (71%)]	Loss: 0.016231
Train Epoch: 22 [136/174 (81%)]	Loss: 0.016544
Train Epoch: 22 [152/174 (90%)]	Loss: 0.016066
Train Epoch: 22 [168/174 (100%)]	Loss: 0.016307

Training set: Average loss: 0.0179
Time taken for epoch =  194.47370100021362
Validation set: Average loss: 0.0180


Train Epoch: 23 [8/174 (5%)]	Loss: 0.017211
Train Epoch: 23 [24/174 (14%)]	Loss: 0.017818
Train Epoch: 23 [40/174 (24%)]	Loss: 0.015872
Train Epoch: 23 [56/174 (33%)]	Loss: 0.016201
Train Epoch: 23 [72/174 (43%)]	Loss: 0.015566
Train Epoch: 23 [88/174 (52%)]	Loss: 0.020484
Train Epoch: 23 [104/174 (62%)]	Loss: 0.015824
Train Epoch: 23 [120/174 (71%)]	Loss: 0.016585
Train Epoch: 23 [136/174 (81%)]	Loss: 0.020511
Train Epoch: 23 [152/174 (90%)]	Loss: 0.015406
Train Epoch: 23 [168/174 (100%)]	Loss: 0.016273

Training set: Average loss: 0.0172
Time taken for epoch =  193.94786596298218
Validation set: Average loss: 0.0166


Train Epoch: 24 [8/174 (5%)]	Loss: 0.015057
Train Epoch: 24 [24/174 (14%)]	Loss: 0.018944
Train Epoch: 24 [40/174 (24%)]	Loss: 0.015094
Train Epoch: 24 [56/174 (33%)]	Loss: 0.014920
Train Epoch: 24 [72/174 (43%)]	Loss: 0.015418
Train Epoch: 24 [88/174 (52%)]	Loss: 0.015574
Train Epoch: 24 [104/174 (62%)]	Loss: 0.015362
Train Epoch: 24 [120/174 (71%)]	Loss: 0.016264
Train Epoch: 24 [136/174 (81%)]	Loss: 0.019768
Train Epoch: 24 [152/174 (90%)]	Loss: 0.015850
Train Epoch: 24 [168/174 (100%)]	Loss: 0.020635

Training set: Average loss: 0.0166
Time taken for epoch =  195.03488397598267
Validation set: Average loss: 0.0161


Train Epoch: 25 [8/174 (5%)]	Loss: 0.015598
Train Epoch: 25 [24/174 (14%)]	Loss: 0.014464
Train Epoch: 25 [40/174 (24%)]	Loss: 0.015289
Train Epoch: 25 [56/174 (33%)]	Loss: 0.020038
Train Epoch: 25 [72/174 (43%)]	Loss: 0.019213
Train Epoch: 25 [88/174 (52%)]	Loss: 0.015391
Train Epoch: 25 [104/174 (62%)]	Loss: 0.014236
Train Epoch: 25 [120/174 (71%)]	Loss: 0.014478
Train Epoch: 25 [136/174 (81%)]	Loss: 0.014781
Train Epoch: 25 [152/174 (90%)]	Loss: 0.020348
Train Epoch: 25 [168/174 (100%)]	Loss: 0.014721

Training set: Average loss: 0.0162
Time taken for epoch =  192.62896394729614
Validation set: Average loss: 0.0159


Train Epoch: 26 [8/174 (5%)]	Loss: 0.014936
Train Epoch: 26 [24/174 (14%)]	Loss: 0.014398
Train Epoch: 26 [40/174 (24%)]	Loss: 0.014546
Train Epoch: 26 [56/174 (33%)]	Loss: 0.023085
Train Epoch: 26 [72/174 (43%)]	Loss: 0.014963
Train Epoch: 26 [88/174 (52%)]	Loss: 0.019997
Train Epoch: 26 [104/174 (62%)]	Loss: 0.013911
Train Epoch: 26 [120/174 (71%)]	Loss: 0.019315
Train Epoch: 26 [136/174 (81%)]	Loss: 0.014246
Train Epoch: 26 [152/174 (90%)]	Loss: 0.014823
Train Epoch: 26 [168/174 (100%)]	Loss: 0.013778

Training set: Average loss: 0.0157
Time taken for epoch =  193.86737728118896
Validation set: Average loss: 0.0150


Train Epoch: 27 [8/174 (5%)]	Loss: 0.014470
Train Epoch: 27 [24/174 (14%)]	Loss: 0.013369
Train Epoch: 27 [40/174 (24%)]	Loss: 0.013677
Train Epoch: 27 [56/174 (33%)]	Loss: 0.015450
Train Epoch: 27 [72/174 (43%)]	Loss: 0.013858
Train Epoch: 27 [88/174 (52%)]	Loss: 0.019154
Train Epoch: 27 [104/174 (62%)]	Loss: 0.013770
Train Epoch: 27 [120/174 (71%)]	Loss: 0.017740
Train Epoch: 27 [136/174 (81%)]	Loss: 0.016939
Train Epoch: 27 [152/174 (90%)]	Loss: 0.014015
Train Epoch: 27 [168/174 (100%)]	Loss: 0.014514

Training set: Average loss: 0.0151
Time taken for epoch =  193.48806881904602
Validation set: Average loss: 0.0159


Train Epoch: 28 [8/174 (5%)]	Loss: 0.014663
Train Epoch: 28 [24/174 (14%)]	Loss: 0.017781
Train Epoch: 28 [40/174 (24%)]	Loss: 0.013682
Train Epoch: 28 [56/174 (33%)]	Loss: 0.017551
Train Epoch: 28 [72/174 (43%)]	Loss: 0.014510
Train Epoch: 28 [88/174 (52%)]	Loss: 0.014337
Train Epoch: 28 [104/174 (62%)]	Loss: 0.019590
Train Epoch: 28 [120/174 (71%)]	Loss: 0.014421
Train Epoch: 28 [136/174 (81%)]	Loss: 0.014565
Train Epoch: 28 [152/174 (90%)]	Loss: 0.013488
Train Epoch: 28 [168/174 (100%)]	Loss: 0.013585

Training set: Average loss: 0.0151
Time taken for epoch =  192.22892093658447
Validation set: Average loss: 0.0143


Train Epoch: 29 [8/174 (5%)]	Loss: 0.013772
Train Epoch: 29 [24/174 (14%)]	Loss: 0.012545
Train Epoch: 29 [40/174 (24%)]	Loss: 0.013217
Train Epoch: 29 [56/174 (33%)]	Loss: 0.013885
Train Epoch: 29 [72/174 (43%)]	Loss: 0.013206
Train Epoch: 29 [88/174 (52%)]	Loss: 0.012958
Train Epoch: 29 [104/174 (62%)]	Loss: 0.013350
Train Epoch: 29 [120/174 (71%)]	Loss: 0.017290
Train Epoch: 29 [136/174 (81%)]	Loss: 0.012972
Train Epoch: 29 [152/174 (90%)]	Loss: 0.015740
Train Epoch: 29 [168/174 (100%)]	Loss: 0.013219

Training set: Average loss: 0.0147
Time taken for epoch =  191.34903216362
Validation set: Average loss: 0.0144


Train Epoch: 30 [8/174 (5%)]	Loss: 0.017861
Train Epoch: 30 [24/174 (14%)]	Loss: 0.014259
Train Epoch: 30 [40/174 (24%)]	Loss: 0.017522
Train Epoch: 30 [56/174 (33%)]	Loss: 0.014406
Train Epoch: 30 [72/174 (43%)]	Loss: 0.012709
Train Epoch: 30 [88/174 (52%)]	Loss: 0.014507
Train Epoch: 30 [104/174 (62%)]	Loss: 0.012834
Train Epoch: 30 [120/174 (71%)]	Loss: 0.016959
Train Epoch: 30 [136/174 (81%)]	Loss: 0.013403
Train Epoch: 30 [152/174 (90%)]	Loss: 0.012838
Train Epoch: 30 [168/174 (100%)]	Loss: 0.012687

Training set: Average loss: 0.0145
Time taken for epoch =  190.7938632965088
Validation set: Average loss: 0.0141


Train Epoch: 31 [8/174 (5%)]	Loss: 0.012909
Train Epoch: 31 [24/174 (14%)]	Loss: 0.012350
Train Epoch: 31 [40/174 (24%)]	Loss: 0.013753
Train Epoch: 31 [56/174 (33%)]	Loss: 0.013038
Train Epoch: 31 [72/174 (43%)]	Loss: 0.012168
Train Epoch: 31 [88/174 (52%)]	Loss: 0.013388
Train Epoch: 31 [104/174 (62%)]	Loss: 0.012524
Train Epoch: 31 [120/174 (71%)]	Loss: 0.012907
Train Epoch: 31 [136/174 (81%)]	Loss: 0.014245
Train Epoch: 31 [152/174 (90%)]	Loss: 0.012794
Train Epoch: 31 [168/174 (100%)]	Loss: 0.012687

Training set: Average loss: 0.0139
Time taken for epoch =  192.67824006080627
Validation set: Average loss: 0.0141


Train Epoch: 32 [8/174 (5%)]	Loss: 0.012233
Train Epoch: 32 [24/174 (14%)]	Loss: 0.012851
Train Epoch: 32 [40/174 (24%)]	Loss: 0.013236
Train Epoch: 32 [56/174 (33%)]	Loss: 0.013833
Train Epoch: 32 [72/174 (43%)]	Loss: 0.022930
Train Epoch: 32 [88/174 (52%)]	Loss: 0.012285
Train Epoch: 32 [104/174 (62%)]	Loss: 0.012769
Train Epoch: 32 [120/174 (71%)]	Loss: 0.012782
Train Epoch: 32 [136/174 (81%)]	Loss: 0.013162
Train Epoch: 32 [152/174 (90%)]	Loss: 0.012281
Train Epoch: 32 [168/174 (100%)]	Loss: 0.017805

Training set: Average loss: 0.0136
Time taken for epoch =  191.2445878982544
Validation set: Average loss: 0.0137


Train Epoch: 33 [8/174 (5%)]	Loss: 0.013017
Train Epoch: 33 [24/174 (14%)]	Loss: 0.013757
Train Epoch: 33 [40/174 (24%)]	Loss: 0.012280
Train Epoch: 33 [56/174 (33%)]	Loss: 0.021499
Train Epoch: 33 [72/174 (43%)]	Loss: 0.012421
Train Epoch: 33 [88/174 (52%)]	Loss: 0.012625
Train Epoch: 33 [104/174 (62%)]	Loss: 0.016498
Train Epoch: 33 [120/174 (71%)]	Loss: 0.012433
Train Epoch: 33 [136/174 (81%)]	Loss: 0.012251
Train Epoch: 33 [152/174 (90%)]	Loss: 0.018185
Train Epoch: 33 [168/174 (100%)]	Loss: 0.012681

Training set: Average loss: 0.0136
Time taken for epoch =  190.7451605796814
Validation set: Average loss: 0.0138


Train Epoch: 34 [8/174 (5%)]	Loss: 0.011968
Train Epoch: 34 [24/174 (14%)]	Loss: 0.012315
Train Epoch: 34 [40/174 (24%)]	Loss: 0.011622
Train Epoch: 34 [56/174 (33%)]	Loss: 0.013244
Train Epoch: 34 [72/174 (43%)]	Loss: 0.012428
Train Epoch: 34 [88/174 (52%)]	Loss: 0.013463
Train Epoch: 34 [104/174 (62%)]	Loss: 0.012110
Train Epoch: 34 [120/174 (71%)]	Loss: 0.011872
Train Epoch: 34 [136/174 (81%)]	Loss: 0.011695
Train Epoch: 34 [152/174 (90%)]	Loss: 0.017396
Train Epoch: 34 [168/174 (100%)]	Loss: 0.012261

Training set: Average loss: 0.0133
Time taken for epoch =  190.42963457107544
Validation set: Average loss: 0.0132


Train Epoch: 35 [8/174 (5%)]	Loss: 0.013228
Train Epoch: 35 [24/174 (14%)]	Loss: 0.012799
Train Epoch: 35 [40/174 (24%)]	Loss: 0.018195
Train Epoch: 35 [56/174 (33%)]	Loss: 0.017659
Train Epoch: 35 [72/174 (43%)]	Loss: 0.016405
Train Epoch: 35 [88/174 (52%)]	Loss: 0.012150
Train Epoch: 35 [104/174 (62%)]	Loss: 0.012162
Train Epoch: 35 [120/174 (71%)]	Loss: 0.011638
Train Epoch: 35 [136/174 (81%)]	Loss: 0.011614
Train Epoch: 35 [152/174 (90%)]	Loss: 0.011457
Train Epoch: 35 [168/174 (100%)]	Loss: 0.011713

Training set: Average loss: 0.0132
Time taken for epoch =  190.63254475593567
Validation set: Average loss: 0.0130


Train Epoch: 36 [8/174 (5%)]	Loss: 0.014982
Train Epoch: 36 [24/174 (14%)]	Loss: 0.012797
Train Epoch: 36 [40/174 (24%)]	Loss: 0.011900
Train Epoch: 36 [56/174 (33%)]	Loss: 0.011544
Train Epoch: 36 [72/174 (43%)]	Loss: 0.011603
Train Epoch: 36 [88/174 (52%)]	Loss: 0.011920
Train Epoch: 36 [104/174 (62%)]	Loss: 0.011211
Train Epoch: 36 [120/174 (71%)]	Loss: 0.011896
Train Epoch: 36 [136/174 (81%)]	Loss: 0.011408
Train Epoch: 36 [152/174 (90%)]	Loss: 0.011278
Train Epoch: 36 [168/174 (100%)]	Loss: 0.016034

Training set: Average loss: 0.0128
Time taken for epoch =  209.26815390586853
Validation set: Average loss: 0.0129


Train Epoch: 37 [8/174 (5%)]	Loss: 0.017011
Train Epoch: 37 [24/174 (14%)]	Loss: 0.011591
Train Epoch: 37 [40/174 (24%)]	Loss: 0.019703
Train Epoch: 37 [56/174 (33%)]	Loss: 0.010998
Train Epoch: 37 [72/174 (43%)]	Loss: 0.012321
Train Epoch: 37 [88/174 (52%)]	Loss: 0.011775
Train Epoch: 37 [104/174 (62%)]	Loss: 0.011817
Train Epoch: 37 [120/174 (71%)]	Loss: 0.012323
Train Epoch: 37 [136/174 (81%)]	Loss: 0.011253
Train Epoch: 37 [152/174 (90%)]	Loss: 0.011903
Train Epoch: 37 [168/174 (100%)]	Loss: 0.011388

Training set: Average loss: 0.0127
Time taken for epoch =  473.9567153453827
Validation set: Average loss: 0.0941


Train Epoch: 38 [8/174 (5%)]	Loss: 0.011789
Train Epoch: 38 [24/174 (14%)]	Loss: 0.012624
Train Epoch: 38 [40/174 (24%)]	Loss: 0.011403
Train Epoch: 38 [56/174 (33%)]	Loss: 0.011612
Train Epoch: 38 [72/174 (43%)]	Loss: 0.011025
Train Epoch: 38 [88/174 (52%)]	Loss: 0.011558
Train Epoch: 38 [104/174 (62%)]	Loss: 0.015497
Train Epoch: 38 [120/174 (71%)]	Loss: 0.011483
Train Epoch: 38 [136/174 (81%)]	Loss: 0.011380
Train Epoch: 38 [152/174 (90%)]	Loss: 0.012015
Train Epoch: 38 [168/174 (100%)]	Loss: 0.011542

Training set: Average loss: 0.0126
Time taken for epoch =  207.66602158546448
Validation set: Average loss: 0.0127


Train Epoch: 39 [8/174 (5%)]	Loss: 0.011887
Train Epoch: 39 [24/174 (14%)]	Loss: 0.011034
Train Epoch: 39 [40/174 (24%)]	Loss: 0.016036
Train Epoch: 39 [56/174 (33%)]	Loss: 0.017244
Train Epoch: 39 [72/174 (43%)]	Loss: 0.012385
Train Epoch: 39 [88/174 (52%)]	Loss: 0.011258
Train Epoch: 39 [104/174 (62%)]	Loss: 0.016125
Train Epoch: 39 [120/174 (71%)]	Loss: 0.011100
Train Epoch: 39 [136/174 (81%)]	Loss: 0.011638
Train Epoch: 39 [152/174 (90%)]	Loss: 0.011751
Train Epoch: 39 [168/174 (100%)]	Loss: 0.011172

Training set: Average loss: 0.0126
Time taken for epoch =  198.28598499298096
Validation set: Average loss: 0.0127


Train Epoch: 40 [8/174 (5%)]	Loss: 0.016187
Train Epoch: 40 [24/174 (14%)]	Loss: 0.011636
Train Epoch: 40 [40/174 (24%)]	Loss: 0.011872
Train Epoch: 40 [56/174 (33%)]	Loss: 0.015542
Train Epoch: 40 [72/174 (43%)]	Loss: 0.011155
Train Epoch: 40 [88/174 (52%)]	Loss: 0.010848
Train Epoch: 40 [104/174 (62%)]	Loss: 0.020037
Train Epoch: 40 [120/174 (71%)]	Loss: 0.011236
Train Epoch: 40 [136/174 (81%)]	Loss: 0.011109
Train Epoch: 40 [152/174 (90%)]	Loss: 0.011304
Train Epoch: 40 [168/174 (100%)]	Loss: 0.011550

Training set: Average loss: 0.0125
Time taken for epoch =  196.09352374076843
Validation set: Average loss: 0.0125


Train Epoch: 41 [8/174 (5%)]	Loss: 0.011478
Train Epoch: 41 [24/174 (14%)]	Loss: 0.012301
Train Epoch: 41 [40/174 (24%)]	Loss: 0.014946
Train Epoch: 41 [56/174 (33%)]	Loss: 0.010785
Train Epoch: 41 [72/174 (43%)]	Loss: 0.010477
Train Epoch: 41 [88/174 (52%)]	Loss: 0.011232
Train Epoch: 41 [104/174 (62%)]	Loss: 0.010673
Train Epoch: 41 [120/174 (71%)]	Loss: 0.017189
Train Epoch: 41 [136/174 (81%)]	Loss: 0.015957
Train Epoch: 41 [152/174 (90%)]	Loss: 0.011128
Train Epoch: 41 [168/174 (100%)]	Loss: 0.010521

Training set: Average loss: 0.0121
Time taken for epoch =  199.77004957199097
Validation set: Average loss: 0.0120


Train Epoch: 42 [8/174 (5%)]	Loss: 0.010980
Train Epoch: 42 [24/174 (14%)]	Loss: 0.010812
Train Epoch: 42 [40/174 (24%)]	Loss: 0.010902
Train Epoch: 42 [56/174 (33%)]	Loss: 0.012016
Train Epoch: 42 [72/174 (43%)]	Loss: 0.011411
Train Epoch: 42 [88/174 (52%)]	Loss: 0.014229
Train Epoch: 42 [104/174 (62%)]	Loss: 0.015883
Train Epoch: 42 [120/174 (71%)]	Loss: 0.011330
Train Epoch: 42 [136/174 (81%)]	Loss: 0.010593
Train Epoch: 42 [152/174 (90%)]	Loss: 0.012194
Train Epoch: 42 [168/174 (100%)]	Loss: 0.011586

Training set: Average loss: 0.0123
Time taken for epoch =  198.07398462295532
Validation set: Average loss: 0.0121


Train Epoch: 43 [8/174 (5%)]	Loss: 0.011366
Train Epoch: 43 [24/174 (14%)]	Loss: 0.010527
Train Epoch: 43 [40/174 (24%)]	Loss: 0.010559
Train Epoch: 43 [56/174 (33%)]	Loss: 0.011155
Train Epoch: 43 [72/174 (43%)]	Loss: 0.010417
Train Epoch: 43 [88/174 (52%)]	Loss: 0.010952
Train Epoch: 43 [104/174 (62%)]	Loss: 0.011186
Train Epoch: 43 [120/174 (71%)]	Loss: 0.014578
Train Epoch: 43 [136/174 (81%)]	Loss: 0.014045
Train Epoch: 43 [152/174 (90%)]	Loss: 0.010834
Train Epoch: 43 [168/174 (100%)]	Loss: 0.011709

Training set: Average loss: 0.0121
Time taken for epoch =  206.6432478427887
Validation set: Average loss: 0.0122


Train Epoch: 44 [8/174 (5%)]	Loss: 0.015328
Train Epoch: 44 [24/174 (14%)]	Loss: 0.013954
Train Epoch: 44 [40/174 (24%)]	Loss: 0.010429
Train Epoch: 44 [56/174 (33%)]	Loss: 0.010850
Train Epoch: 44 [72/174 (43%)]	Loss: 0.011165
Train Epoch: 44 [88/174 (52%)]	Loss: 0.010704
Train Epoch: 44 [104/174 (62%)]	Loss: 0.016105
Train Epoch: 44 [120/174 (71%)]	Loss: 0.009987
Train Epoch: 44 [136/174 (81%)]	Loss: 0.010216
Train Epoch: 44 [152/174 (90%)]	Loss: 0.010772
Train Epoch: 44 [168/174 (100%)]	Loss: 0.010523

Training set: Average loss: 0.0118
Time taken for epoch =  199.60474562644958
Validation set: Average loss: 0.0126


Train Epoch: 45 [8/174 (5%)]	Loss: 0.010811
Train Epoch: 45 [24/174 (14%)]	Loss: 0.010461
Train Epoch: 45 [40/174 (24%)]	Loss: 0.015383
Train Epoch: 45 [56/174 (33%)]	Loss: 0.010648
Train Epoch: 45 [72/174 (43%)]	Loss: 0.010022
Train Epoch: 45 [88/174 (52%)]	Loss: 0.010606
Train Epoch: 45 [104/174 (62%)]	Loss: 0.011610
Train Epoch: 45 [120/174 (71%)]	Loss: 0.010309
Train Epoch: 45 [136/174 (81%)]	Loss: 0.010249
Train Epoch: 45 [152/174 (90%)]	Loss: 0.010430
Train Epoch: 45 [168/174 (100%)]	Loss: 0.015609

Training set: Average loss: 0.0114
Time taken for epoch =  201.3261001110077
Validation set: Average loss: 0.0120


Train Epoch: 46 [8/174 (5%)]	Loss: 0.010774
Train Epoch: 46 [24/174 (14%)]	Loss: 0.010980
Train Epoch: 46 [40/174 (24%)]	Loss: 0.010200
Train Epoch: 46 [56/174 (33%)]	Loss: 0.012503
Train Epoch: 46 [72/174 (43%)]	Loss: 0.010898
Train Epoch: 46 [88/174 (52%)]	Loss: 0.015697
Train Epoch: 46 [104/174 (62%)]	Loss: 0.011052
Train Epoch: 46 [120/174 (71%)]	Loss: 0.010701
Train Epoch: 46 [136/174 (81%)]	Loss: 0.015931
Train Epoch: 46 [152/174 (90%)]	Loss: 0.010902
Train Epoch: 46 [168/174 (100%)]	Loss: 0.010218

Training set: Average loss: 0.0120
Time taken for epoch =  207.30274724960327
Validation set: Average loss: 0.0118


Train Epoch: 47 [8/174 (5%)]	Loss: 0.010260
Train Epoch: 47 [24/174 (14%)]	Loss: 0.011499
Train Epoch: 47 [40/174 (24%)]	Loss: 0.010376
Train Epoch: 47 [56/174 (33%)]	Loss: 0.013954
Train Epoch: 47 [72/174 (43%)]	Loss: 0.010347
Train Epoch: 47 [88/174 (52%)]	Loss: 0.010475
Train Epoch: 47 [104/174 (62%)]	Loss: 0.010905
Train Epoch: 47 [120/174 (71%)]	Loss: 0.011090
Train Epoch: 47 [136/174 (81%)]	Loss: 0.010292
Train Epoch: 47 [152/174 (90%)]	Loss: 0.010763
Train Epoch: 47 [168/174 (100%)]	Loss: 0.010430

Training set: Average loss: 0.0116
Time taken for epoch =  219.24271869659424
Validation set: Average loss: 0.0121


Train Epoch: 48 [8/174 (5%)]	Loss: 0.010669
Train Epoch: 48 [24/174 (14%)]	Loss: 0.010691
Train Epoch: 48 [40/174 (24%)]	Loss: 0.010509
Train Epoch: 48 [56/174 (33%)]	Loss: 0.014076
Train Epoch: 48 [72/174 (43%)]	Loss: 0.010538
Train Epoch: 48 [88/174 (52%)]	Loss: 0.014828
Train Epoch: 48 [104/174 (62%)]	Loss: 0.014295
Train Epoch: 48 [120/174 (71%)]	Loss: 0.010815
Train Epoch: 48 [136/174 (81%)]	Loss: 0.010235
Train Epoch: 48 [152/174 (90%)]	Loss: 0.016288
Train Epoch: 48 [168/174 (100%)]	Loss: 0.010593

Training set: Average loss: 0.0116
Time taken for epoch =  218.21951150894165
Validation set: Average loss: 0.0122


Train Epoch: 49 [8/174 (5%)]	Loss: 0.010651
Train Epoch: 49 [24/174 (14%)]	Loss: 0.011258
Train Epoch: 49 [40/174 (24%)]	Loss: 0.010118
Train Epoch: 49 [56/174 (33%)]	Loss: 0.010589
Train Epoch: 49 [72/174 (43%)]	Loss: 0.009796
Train Epoch: 49 [88/174 (52%)]	Loss: 0.014123
Train Epoch: 49 [104/174 (62%)]	Loss: 0.010146
Train Epoch: 49 [120/174 (71%)]	Loss: 0.010110
Train Epoch: 49 [136/174 (81%)]	Loss: 0.010271
Train Epoch: 49 [152/174 (90%)]	Loss: 0.015033
Train Epoch: 49 [168/174 (100%)]	Loss: 0.010094

Training set: Average loss: 0.0112
Time taken for epoch =  218.21764206886292
Validation set: Average loss: 0.0115


Train Epoch: 50 [8/174 (5%)]	Loss: 0.014992
Train Epoch: 50 [24/174 (14%)]	Loss: 0.010138
Train Epoch: 50 [40/174 (24%)]	Loss: 0.010318
Train Epoch: 50 [56/174 (33%)]	Loss: 0.009745
Train Epoch: 50 [72/174 (43%)]	Loss: 0.013984
Train Epoch: 50 [88/174 (52%)]	Loss: 0.009669
Train Epoch: 50 [104/174 (62%)]	Loss: 0.010730
Train Epoch: 50 [120/174 (71%)]	Loss: 0.009715
Train Epoch: 50 [136/174 (81%)]	Loss: 0.013498
Train Epoch: 50 [152/174 (90%)]	Loss: 0.010091
Train Epoch: 50 [168/174 (100%)]	Loss: 0.010970

Training set: Average loss: 0.0112
Time taken for epoch =  208.03938341140747
Validation set: Average loss: 0.0113


Losses Information (train, val):  [[0.4047876  0.33991513 0.27999794 0.21784566 0.16642101 0.12245993
  0.09253005 0.07243966 0.05842404 0.04827862 0.04158222 0.0362835
  0.03206792 0.02899683 0.02722596 0.0249991  0.0234051  0.02177809
  0.02038461 0.01939441 0.01855939 0.01785773 0.01716583 0.01663855
  0.01620131 0.01572139 0.01511451 0.01513306 0.01472382 0.0144937
  0.01390864 0.01364047 0.01358313 0.01331527 0.01316333 0.01278069
  0.01270536 0.0126448  0.01258182 0.01247577 0.01209326 0.01226119
  0.01214353 0.01181379 0.01136443 0.01198487 0.01164602 0.0115586
  0.01124339 0.01117407]
 [0.37065968 0.33214432 0.28866306 0.2042608  0.31834236 0.17772888
  0.08535931 0.0658401  0.05367088 0.0454893  0.03970919 0.03553547
  0.0300936  0.02761442 0.02644496 0.46523547 0.02202623 0.02242923
  0.01960786 0.0187062  0.01798851 0.01799618 0.01664131 0.01614727
  0.01586926 0.0149804  0.01587835 0.01432063 0.01435698 0.0140786
  0.01413654 0.01366299 0.01382587 0.01321729 0.01299097 0.01294245
  0.09411912 0.0126651  0.01272092 0.01249882 0.01203654 0.0120562
  0.01220995 0.0126447  0.01196571 0.0118259  0.01213579 0.01224594
  0.01151999 0.01132276]]
Dice Value:  0.9860994815826416
IoU Score:  0.9725870490074158
********************Do All********************
File Source:  HH
Training:   97
Validation:  39
Test:       40
Trainable params:  2207402
######   Loss Function is ###### Dice Loss
Train Epoch: 1 [8/97 (8%)]	Loss: 0.527829
Train Epoch: 1 [24/97 (25%)]	Loss: 0.470094
Train Epoch: 1 [40/97 (42%)]	Loss: 0.454221
Train Epoch: 1 [56/97 (58%)]	Loss: 0.448447
Train Epoch: 1 [72/97 (75%)]	Loss: 0.436015
Train Epoch: 1 [88/97 (92%)]	Loss: 0.431090

Training set: Average loss: 0.4554
Time taken for epoch =  100.86354088783264
Validation set: Average loss: 0.4348


Train Epoch: 2 [8/97 (8%)]	Loss: 0.422975
Train Epoch: 2 [24/97 (25%)]	Loss: 0.416948
Train Epoch: 2 [40/97 (42%)]	Loss: 0.415293
Train Epoch: 2 [56/97 (58%)]	Loss: 0.405583
Train Epoch: 2 [72/97 (75%)]	Loss: 0.402683
Train Epoch: 2 [88/97 (92%)]	Loss: 0.395312

Training set: Average loss: 0.4089
Time taken for epoch =  100.74582648277283
Validation set: Average loss: 0.4166


Train Epoch: 3 [8/97 (8%)]	Loss: 0.389652
Train Epoch: 3 [24/97 (25%)]	Loss: 0.383893
Train Epoch: 3 [40/97 (42%)]	Loss: 0.385494
Train Epoch: 3 [56/97 (58%)]	Loss: 0.375799
Train Epoch: 3 [72/97 (75%)]	Loss: 0.375676
Train Epoch: 3 [88/97 (92%)]	Loss: 0.361863

Training set: Average loss: 0.3766
Time taken for epoch =  99.72522902488708
Validation set: Average loss: 0.3875


Train Epoch: 4 [8/97 (8%)]	Loss: 0.357059
Train Epoch: 4 [24/97 (25%)]	Loss: 0.357960
Train Epoch: 4 [40/97 (42%)]	Loss: 0.344530
Train Epoch: 4 [56/97 (58%)]	Loss: 0.341955
Train Epoch: 4 [72/97 (75%)]	Loss: 0.338177
Train Epoch: 4 [88/97 (92%)]	Loss: 0.333689

Training set: Average loss: 0.3442
Time taken for epoch =  100.8767728805542
Validation set: Average loss: 0.3509


Train Epoch: 5 [8/97 (8%)]	Loss: 0.324862
Train Epoch: 5 [24/97 (25%)]	Loss: 0.321852
Train Epoch: 5 [40/97 (42%)]	Loss: 0.316027
Train Epoch: 5 [56/97 (58%)]	Loss: 0.307574
Train Epoch: 5 [72/97 (75%)]	Loss: 0.304183
Train Epoch: 5 [88/97 (92%)]	Loss: 0.296750

Training set: Average loss: 0.3109
Time taken for epoch =  103.71904230117798
Validation set: Average loss: 0.3082


Train Epoch: 6 [8/97 (8%)]	Loss: 0.290282
Train Epoch: 6 [24/97 (25%)]	Loss: 0.289589
Train Epoch: 6 [40/97 (42%)]	Loss: 0.283877
Train Epoch: 6 [56/97 (58%)]	Loss: 0.273989
Train Epoch: 6 [72/97 (75%)]	Loss: 0.263555
Train Epoch: 6 [88/97 (92%)]	Loss: 0.274639

Training set: Average loss: 0.2769
Time taken for epoch =  102.8297209739685
Validation set: Average loss: 0.2602


Train Epoch: 7 [8/97 (8%)]	Loss: 0.262733
Train Epoch: 7 [24/97 (25%)]	Loss: 0.260440
Train Epoch: 7 [40/97 (42%)]	Loss: 0.248431
Train Epoch: 7 [56/97 (58%)]	Loss: 0.240768
Train Epoch: 7 [72/97 (75%)]	Loss: 0.233367
Train Epoch: 7 [88/97 (92%)]	Loss: 0.228739

Training set: Average loss: 0.2406
Time taken for epoch =  102.83975005149841
Validation set: Average loss: 0.2486


Train Epoch: 8 [8/97 (8%)]	Loss: 0.220800
Train Epoch: 8 [24/97 (25%)]	Loss: 0.211995
Train Epoch: 8 [40/97 (42%)]	Loss: 0.213293
Train Epoch: 8 [56/97 (58%)]	Loss: 0.201450
Train Epoch: 8 [72/97 (75%)]	Loss: 0.194345
Train Epoch: 8 [88/97 (92%)]	Loss: 0.187387

Training set: Average loss: 0.2050
Time taken for epoch =  101.47704648971558
Validation set: Average loss: 0.2002


Train Epoch: 9 [8/97 (8%)]	Loss: 0.183049
Train Epoch: 9 [24/97 (25%)]	Loss: 0.180563
Train Epoch: 9 [40/97 (42%)]	Loss: 0.190660
Train Epoch: 9 [56/97 (58%)]	Loss: 0.170305
Train Epoch: 9 [72/97 (75%)]	Loss: 0.164421
Train Epoch: 9 [88/97 (92%)]	Loss: 0.163060

Training set: Average loss: 0.1736
Time taken for epoch =  103.81196689605713
Validation set: Average loss: 0.1666


Train Epoch: 10 [8/97 (8%)]	Loss: 0.154657
Train Epoch: 10 [24/97 (25%)]	Loss: 0.150487
Train Epoch: 10 [40/97 (42%)]	Loss: 0.146291
Train Epoch: 10 [56/97 (58%)]	Loss: 0.144694
Train Epoch: 10 [72/97 (75%)]	Loss: 0.140046
Train Epoch: 10 [88/97 (92%)]	Loss: 0.139467

Training set: Average loss: 0.1470
Time taken for epoch =  101.82345032691956
Validation set: Average loss: 0.1348


Train Epoch: 11 [8/97 (8%)]	Loss: 0.133825
Train Epoch: 11 [24/97 (25%)]	Loss: 0.128596
Train Epoch: 11 [40/97 (42%)]	Loss: 0.127359
Train Epoch: 11 [56/97 (58%)]	Loss: 0.122066
Train Epoch: 11 [72/97 (75%)]	Loss: 0.135907
Train Epoch: 11 [88/97 (92%)]	Loss: 0.116906

Training set: Average loss: 0.1259
Time taken for epoch =  102.91146302223206
Validation set: Average loss: 0.1019


Train Epoch: 12 [8/97 (8%)]	Loss: 0.115448
Train Epoch: 12 [24/97 (25%)]	Loss: 0.110994
Train Epoch: 12 [40/97 (42%)]	Loss: 0.107715
Train Epoch: 12 [56/97 (58%)]	Loss: 0.103905
Train Epoch: 12 [72/97 (75%)]	Loss: 0.106360
Train Epoch: 12 [88/97 (92%)]	Loss: 0.100505

Training set: Average loss: 0.1082
Time taken for epoch =  100.06154823303223
Validation set: Average loss: 0.0857


Train Epoch: 13 [8/97 (8%)]	Loss: 0.098075
Train Epoch: 13 [24/97 (25%)]	Loss: 0.096163
Train Epoch: 13 [40/97 (42%)]	Loss: 0.092620
Train Epoch: 13 [56/97 (58%)]	Loss: 0.109484
Train Epoch: 13 [72/97 (75%)]	Loss: 0.088881
Train Epoch: 13 [88/97 (92%)]	Loss: 0.085628

Training set: Average loss: 0.0937
Time taken for epoch =  99.1516945362091
Validation set: Average loss: 0.0851


Train Epoch: 14 [8/97 (8%)]	Loss: 0.083580
Train Epoch: 14 [24/97 (25%)]	Loss: 0.082648
Train Epoch: 14 [40/97 (42%)]	Loss: 0.080520
Train Epoch: 14 [56/97 (58%)]	Loss: 0.098541
Train Epoch: 14 [72/97 (75%)]	Loss: 0.076976
Train Epoch: 14 [88/97 (92%)]	Loss: 0.076084

Training set: Average loss: 0.0816
Time taken for epoch =  100.68985986709595
Validation set: Average loss: 0.0660


Train Epoch: 15 [8/97 (8%)]	Loss: 0.094191
Train Epoch: 15 [24/97 (25%)]	Loss: 0.073441
Train Epoch: 15 [40/97 (42%)]	Loss: 0.070483
Train Epoch: 15 [56/97 (58%)]	Loss: 0.071088
Train Epoch: 15 [72/97 (75%)]	Loss: 0.067825
Train Epoch: 15 [88/97 (92%)]	Loss: 0.066180

Training set: Average loss: 0.0723
Time taken for epoch =  100.21955585479736
Validation set: Average loss: 0.0626


Train Epoch: 16 [8/97 (8%)]	Loss: 0.065386
Train Epoch: 16 [24/97 (25%)]	Loss: 0.063285
Train Epoch: 16 [40/97 (42%)]	Loss: 0.062789
Train Epoch: 16 [56/97 (58%)]	Loss: 0.061911
Train Epoch: 16 [72/97 (75%)]	Loss: 0.060761
Train Epoch: 16 [88/97 (92%)]	Loss: 0.059742

Training set: Average loss: 0.0641
Time taken for epoch =  99.68179130554199
Validation set: Average loss: 0.0625


Train Epoch: 17 [8/97 (8%)]	Loss: 0.057684
Train Epoch: 17 [24/97 (25%)]	Loss: 0.058749
Train Epoch: 17 [40/97 (42%)]	Loss: 0.055933
Train Epoch: 17 [56/97 (58%)]	Loss: 0.054835
Train Epoch: 17 [72/97 (75%)]	Loss: 0.053918
Train Epoch: 17 [88/97 (92%)]	Loss: 0.053346

Training set: Average loss: 0.0579
Time taken for epoch =  99.05583667755127
Validation set: Average loss: 0.0559


Train Epoch: 18 [8/97 (8%)]	Loss: 0.051838
Train Epoch: 18 [24/97 (25%)]	Loss: 0.051471
Train Epoch: 18 [40/97 (42%)]	Loss: 0.070427
Train Epoch: 18 [56/97 (58%)]	Loss: 0.050973
Train Epoch: 18 [72/97 (75%)]	Loss: 0.049631
Train Epoch: 18 [88/97 (92%)]	Loss: 0.067439

Training set: Average loss: 0.0544
Time taken for epoch =  98.79642295837402
Validation set: Average loss: 0.2971


Train Epoch: 19 [8/97 (8%)]	Loss: 0.058401
Train Epoch: 19 [24/97 (25%)]	Loss: 0.054260
Train Epoch: 19 [40/97 (42%)]	Loss: 0.051672
Train Epoch: 19 [56/97 (58%)]	Loss: 0.057970
Train Epoch: 19 [72/97 (75%)]	Loss: 0.051058
Train Epoch: 19 [88/97 (92%)]	Loss: 0.052434

Training set: Average loss: 0.0547
Time taken for epoch =  99.73999643325806
Validation set: Average loss: 0.0436


Train Epoch: 20 [8/97 (8%)]	Loss: 0.047039
Train Epoch: 20 [24/97 (25%)]	Loss: 0.045611
Train Epoch: 20 [40/97 (42%)]	Loss: 0.045117
Train Epoch: 20 [56/97 (58%)]	Loss: 0.068461
Train Epoch: 20 [72/97 (75%)]	Loss: 0.043282
Train Epoch: 20 [88/97 (92%)]	Loss: 0.045191

Training set: Average loss: 0.0474
Time taken for epoch =  97.19326043128967
Validation set: Average loss: 0.0632


Train Epoch: 21 [8/97 (8%)]	Loss: 0.042290
Train Epoch: 21 [24/97 (25%)]	Loss: 0.047835
Train Epoch: 21 [40/97 (42%)]	Loss: 0.042581
Train Epoch: 21 [56/97 (58%)]	Loss: 0.040456
Train Epoch: 21 [72/97 (75%)]	Loss: 0.040220
Train Epoch: 21 [88/97 (92%)]	Loss: 0.061408

Training set: Average loss: 0.0432
Time taken for epoch =  94.58902335166931
Validation set: Average loss: 0.0387


Train Epoch: 22 [8/97 (8%)]	Loss: 0.039322
Train Epoch: 22 [24/97 (25%)]	Loss: 0.038041
Train Epoch: 22 [40/97 (42%)]	Loss: 0.036703
Train Epoch: 22 [56/97 (58%)]	Loss: 0.057724
Train Epoch: 22 [72/97 (75%)]	Loss: 0.036463
Train Epoch: 22 [88/97 (92%)]	Loss: 0.036111

Training set: Average loss: 0.0395
Time taken for epoch =  93.83080959320068
Validation set: Average loss: 0.0366


Train Epoch: 23 [8/97 (8%)]	Loss: 0.034467
Train Epoch: 23 [24/97 (25%)]	Loss: 0.034648
Train Epoch: 23 [40/97 (42%)]	Loss: 0.035760
Train Epoch: 23 [56/97 (58%)]	Loss: 0.033826
Train Epoch: 23 [72/97 (75%)]	Loss: 0.033924
Train Epoch: 23 [88/97 (92%)]	Loss: 0.034182

Training set: Average loss: 0.0374
Time taken for epoch =  98.14994740486145
Validation set: Average loss: 0.0357


Train Epoch: 24 [8/97 (8%)]	Loss: 0.056187
Train Epoch: 24 [24/97 (25%)]	Loss: 0.031380
Train Epoch: 24 [40/97 (42%)]	Loss: 0.039984
Train Epoch: 24 [56/97 (58%)]	Loss: 0.032419
Train Epoch: 24 [72/97 (75%)]	Loss: 0.031616
Train Epoch: 24 [88/97 (92%)]	Loss: 0.033140

Training set: Average loss: 0.0349
Time taken for epoch =  97.15845370292664
Validation set: Average loss: 0.0333


Train Epoch: 25 [8/97 (8%)]	Loss: 0.031234
Train Epoch: 25 [24/97 (25%)]	Loss: 0.032545
Train Epoch: 25 [40/97 (42%)]	Loss: 0.031045
Train Epoch: 25 [56/97 (58%)]	Loss: 0.030452
Train Epoch: 25 [72/97 (75%)]	Loss: 0.052077
Train Epoch: 25 [88/97 (92%)]	Loss: 0.029143

Training set: Average loss: 0.0329
Time taken for epoch =  99.52952480316162
Validation set: Average loss: 0.0281


Train Epoch: 26 [8/97 (8%)]	Loss: 0.030085
Train Epoch: 26 [24/97 (25%)]	Loss: 0.029826
Train Epoch: 26 [40/97 (42%)]	Loss: 0.029238
Train Epoch: 26 [56/97 (58%)]	Loss: 0.027396
Train Epoch: 26 [72/97 (75%)]	Loss: 0.028157
Train Epoch: 26 [88/97 (92%)]	Loss: 0.027253

Training set: Average loss: 0.0309
Time taken for epoch =  98.3325788974762
Validation set: Average loss: 0.0284


Train Epoch: 27 [8/97 (8%)]	Loss: 0.050071
Train Epoch: 27 [24/97 (25%)]	Loss: 0.027567
Train Epoch: 27 [40/97 (42%)]	Loss: 0.026107
Train Epoch: 27 [56/97 (58%)]	Loss: 0.026521
Train Epoch: 27 [72/97 (75%)]	Loss: 0.027013
Train Epoch: 27 [88/97 (92%)]	Loss: 0.025438

Training set: Average loss: 0.0290
Time taken for epoch =  98.9220986366272
Validation set: Average loss: 0.0263


Train Epoch: 28 [8/97 (8%)]	Loss: 0.026911
Train Epoch: 28 [24/97 (25%)]	Loss: 0.025042
Train Epoch: 28 [40/97 (42%)]	Loss: 0.025758
Train Epoch: 28 [56/97 (58%)]	Loss: 0.025278
Train Epoch: 28 [72/97 (75%)]	Loss: 0.024916
Train Epoch: 28 [88/97 (92%)]	Loss: 0.024480

Training set: Average loss: 0.0278
Time taken for epoch =  101.07730150222778
Validation set: Average loss: 0.0251


Train Epoch: 29 [8/97 (8%)]	Loss: 0.024689
Train Epoch: 29 [24/97 (25%)]	Loss: 0.024534
Train Epoch: 29 [40/97 (42%)]	Loss: 0.024965
Train Epoch: 29 [56/97 (58%)]	Loss: 0.024234
Train Epoch: 29 [72/97 (75%)]	Loss: 0.030481
Train Epoch: 29 [88/97 (92%)]	Loss: 0.023569

Training set: Average loss: 0.0267
Time taken for epoch =  104.319491147995
Validation set: Average loss: 0.0243


Train Epoch: 30 [8/97 (8%)]	Loss: 0.022982
Train Epoch: 30 [24/97 (25%)]	Loss: 0.023505
Train Epoch: 30 [40/97 (42%)]	Loss: 0.024555
Train Epoch: 30 [56/97 (58%)]	Loss: 0.024062
Train Epoch: 30 [72/97 (75%)]	Loss: 0.044716
Train Epoch: 30 [88/97 (92%)]	Loss: 0.022131

Training set: Average loss: 0.0258
Time taken for epoch =  103.5965895652771
Validation set: Average loss: 0.0241


Train Epoch: 31 [8/97 (8%)]	Loss: 0.022560
Train Epoch: 31 [24/97 (25%)]	Loss: 0.022329
Train Epoch: 31 [40/97 (42%)]	Loss: 0.022367
Train Epoch: 31 [56/97 (58%)]	Loss: 0.022513
Train Epoch: 31 [72/97 (75%)]	Loss: 0.021769
Train Epoch: 31 [88/97 (92%)]	Loss: 0.044601

Training set: Average loss: 0.0246
Time taken for epoch =  101.45842504501343
Validation set: Average loss: 0.0224


Train Epoch: 32 [8/97 (8%)]	Loss: 0.021371
Train Epoch: 32 [24/97 (25%)]	Loss: 0.021293
Train Epoch: 32 [40/97 (42%)]	Loss: 0.021460
Train Epoch: 32 [56/97 (58%)]	Loss: 0.021968
Train Epoch: 32 [72/97 (75%)]	Loss: 0.020987
Train Epoch: 32 [88/97 (92%)]	Loss: 0.021383

Training set: Average loss: 0.0238
Time taken for epoch =  103.49026703834534
Validation set: Average loss: 0.0222


Train Epoch: 33 [8/97 (8%)]	Loss: 0.020827
Train Epoch: 33 [24/97 (25%)]	Loss: 0.020920
Train Epoch: 33 [40/97 (42%)]	Loss: 0.026987
Train Epoch: 33 [56/97 (58%)]	Loss: 0.021056
Train Epoch: 33 [72/97 (75%)]	Loss: 0.020780
Train Epoch: 33 [88/97 (92%)]	Loss: 0.041354

Training set: Average loss: 0.0231
Time taken for epoch =  103.00812673568726
Validation set: Average loss: 0.0211


Train Epoch: 34 [8/97 (8%)]	Loss: 0.020179
Train Epoch: 34 [24/97 (25%)]	Loss: 0.020478
Train Epoch: 34 [40/97 (42%)]	Loss: 0.019656
Train Epoch: 34 [56/97 (58%)]	Loss: 0.026436
Train Epoch: 34 [72/97 (75%)]	Loss: 0.021316
Train Epoch: 34 [88/97 (92%)]	Loss: 0.020451

Training set: Average loss: 0.0225
Time taken for epoch =  104.51357913017273
Validation set: Average loss: 0.0200


Train Epoch: 35 [8/97 (8%)]	Loss: 0.020128
Train Epoch: 35 [24/97 (25%)]	Loss: 0.019715
Train Epoch: 35 [40/97 (42%)]	Loss: 0.019430
Train Epoch: 35 [56/97 (58%)]	Loss: 0.041380
Train Epoch: 35 [72/97 (75%)]	Loss: 0.019190
Train Epoch: 35 [88/97 (92%)]	Loss: 0.020683

Training set: Average loss: 0.0219
Time taken for epoch =  98.75272679328918
Validation set: Average loss: 0.0196


Train Epoch: 36 [8/97 (8%)]	Loss: 0.019707
Train Epoch: 36 [24/97 (25%)]	Loss: 0.024376
Train Epoch: 36 [40/97 (42%)]	Loss: 0.019972
Train Epoch: 36 [56/97 (58%)]	Loss: 0.018730
Train Epoch: 36 [72/97 (75%)]	Loss: 0.018826
Train Epoch: 36 [88/97 (92%)]	Loss: 0.018256

Training set: Average loss: 0.0213
Time taken for epoch =  102.86909484863281
Validation set: Average loss: 0.0188


Train Epoch: 37 [8/97 (8%)]	Loss: 0.020149
Train Epoch: 37 [24/97 (25%)]	Loss: 0.018697
Train Epoch: 37 [40/97 (42%)]	Loss: 0.020534
Train Epoch: 37 [56/97 (58%)]	Loss: 0.018651
Train Epoch: 37 [72/97 (75%)]	Loss: 0.024165
Train Epoch: 37 [88/97 (92%)]	Loss: 0.039343

Training set: Average loss: 0.0210
Time taken for epoch =  102.83477544784546
Validation set: Average loss: 0.0192


Train Epoch: 38 [8/97 (8%)]	Loss: 0.018343
Train Epoch: 38 [24/97 (25%)]	Loss: 0.018781
Train Epoch: 38 [40/97 (42%)]	Loss: 0.017781
Train Epoch: 38 [56/97 (58%)]	Loss: 0.017732
Train Epoch: 38 [72/97 (75%)]	Loss: 0.017651
Train Epoch: 38 [88/97 (92%)]	Loss: 0.017882

Training set: Average loss: 0.0202
Time taken for epoch =  100.60967755317688
Validation set: Average loss: 0.0183


Train Epoch: 39 [8/97 (8%)]	Loss: 0.040172
Train Epoch: 39 [24/97 (25%)]	Loss: 0.017177
Train Epoch: 39 [40/97 (42%)]	Loss: 0.017045
Train Epoch: 39 [56/97 (58%)]	Loss: 0.017081
Train Epoch: 39 [72/97 (75%)]	Loss: 0.017698
Train Epoch: 39 [88/97 (92%)]	Loss: 0.017925

Training set: Average loss: 0.0198
Time taken for epoch =  97.29262971878052
Validation set: Average loss: 0.0181


Train Epoch: 40 [8/97 (8%)]	Loss: 0.016617
Train Epoch: 40 [24/97 (25%)]	Loss: 0.017199
Train Epoch: 40 [40/97 (42%)]	Loss: 0.018909
Train Epoch: 40 [56/97 (58%)]	Loss: 0.015843
Train Epoch: 40 [72/97 (75%)]	Loss: 0.017370
Train Epoch: 40 [88/97 (92%)]	Loss: 0.023007

Training set: Average loss: 0.0194
Time taken for epoch =  97.18016576766968
Validation set: Average loss: 0.0171


Train Epoch: 41 [8/97 (8%)]	Loss: 0.016252
Train Epoch: 41 [24/97 (25%)]	Loss: 0.016344
Train Epoch: 41 [40/97 (42%)]	Loss: 0.016699
Train Epoch: 41 [56/97 (58%)]	Loss: 0.038766
Train Epoch: 41 [72/97 (75%)]	Loss: 0.015834
Train Epoch: 41 [88/97 (92%)]	Loss: 0.022720

Training set: Average loss: 0.0191
Time taken for epoch =  96.78024005889893
Validation set: Average loss: 0.0163


Train Epoch: 42 [8/97 (8%)]	Loss: 0.022456
Train Epoch: 42 [24/97 (25%)]	Loss: 0.016671
Train Epoch: 42 [40/97 (42%)]	Loss: 0.016002
Train Epoch: 42 [56/97 (58%)]	Loss: 0.016202
Train Epoch: 42 [72/97 (75%)]	Loss: 0.016366
Train Epoch: 42 [88/97 (92%)]	Loss: 0.017098

Training set: Average loss: 0.0189
Time taken for epoch =  97.40230321884155
Validation set: Average loss: 0.0163


Train Epoch: 43 [8/97 (8%)]	Loss: 0.021325
Train Epoch: 43 [24/97 (25%)]	Loss: 0.016098
Train Epoch: 43 [40/97 (42%)]	Loss: 0.037737
Train Epoch: 43 [56/97 (58%)]	Loss: 0.015857
Train Epoch: 43 [72/97 (75%)]	Loss: 0.016758
Train Epoch: 43 [88/97 (92%)]	Loss: 0.015243

Training set: Average loss: 0.0182
Time taken for epoch =  96.47901058197021
Validation set: Average loss: 0.0170


Train Epoch: 44 [8/97 (8%)]	Loss: 0.015062
Train Epoch: 44 [24/97 (25%)]	Loss: 0.015732
Train Epoch: 44 [40/97 (42%)]	Loss: 0.016737
Train Epoch: 44 [56/97 (58%)]	Loss: 0.015523
Train Epoch: 44 [72/97 (75%)]	Loss: 0.021164
Train Epoch: 44 [88/97 (92%)]	Loss: 0.015153

Training set: Average loss: 0.0180
Time taken for epoch =  96.73776888847351
Validation set: Average loss: 0.0157


Train Epoch: 45 [8/97 (8%)]	Loss: 0.015606
Train Epoch: 45 [24/97 (25%)]	Loss: 0.015713
Train Epoch: 45 [40/97 (42%)]	Loss: 0.014966
Train Epoch: 45 [56/97 (58%)]	Loss: 0.015078
Train Epoch: 45 [72/97 (75%)]	Loss: 0.014981
Train Epoch: 45 [88/97 (92%)]	Loss: 0.014539

Training set: Average loss: 0.0174
Time taken for epoch =  96.66897797584534
Validation set: Average loss: 0.0158


Train Epoch: 46 [8/97 (8%)]	Loss: 0.036756
Train Epoch: 46 [24/97 (25%)]	Loss: 0.015736
Train Epoch: 46 [40/97 (42%)]	Loss: 0.015078
Train Epoch: 46 [56/97 (58%)]	Loss: 0.014603
Train Epoch: 46 [72/97 (75%)]	Loss: 0.015659
Train Epoch: 46 [88/97 (92%)]	Loss: 0.014166

Training set: Average loss: 0.0175
Time taken for epoch =  97.09345889091492
Validation set: Average loss: 0.0163


Train Epoch: 47 [8/97 (8%)]	Loss: 0.015373
Train Epoch: 47 [24/97 (25%)]	Loss: 0.015147
Train Epoch: 47 [40/97 (42%)]	Loss: 0.015193
Train Epoch: 47 [56/97 (58%)]	Loss: 0.014292
Train Epoch: 47 [72/97 (75%)]	Loss: 0.014145
Train Epoch: 47 [88/97 (92%)]	Loss: 0.014851

Training set: Average loss: 0.0170
Time taken for epoch =  97.00664710998535
Validation set: Average loss: 0.0151


Train Epoch: 48 [8/97 (8%)]	Loss: 0.014076
Train Epoch: 48 [24/97 (25%)]	Loss: 0.014062
Train Epoch: 48 [40/97 (42%)]	Loss: 0.014437
Train Epoch: 48 [56/97 (58%)]	Loss: 0.014942
Train Epoch: 48 [72/97 (75%)]	Loss: 0.035670
Train Epoch: 48 [88/97 (92%)]	Loss: 0.014470

Training set: Average loss: 0.0167
Time taken for epoch =  96.6514539718628
Validation set: Average loss: 0.0145


Train Epoch: 49 [8/97 (8%)]	Loss: 0.015009
Train Epoch: 49 [24/97 (25%)]	Loss: 0.014464
Train Epoch: 49 [40/97 (42%)]	Loss: 0.014502
Train Epoch: 49 [56/97 (58%)]	Loss: 0.014686
Train Epoch: 49 [72/97 (75%)]	Loss: 0.014189
Train Epoch: 49 [88/97 (92%)]	Loss: 0.019724

Training set: Average loss: 0.0166
Time taken for epoch =  97.41225051879883
Validation set: Average loss: 0.0156


Train Epoch: 50 [8/97 (8%)]	Loss: 0.014533
Train Epoch: 50 [24/97 (25%)]	Loss: 0.014841
Train Epoch: 50 [40/97 (42%)]	Loss: 0.013898
Train Epoch: 50 [56/97 (58%)]	Loss: 0.013667
Train Epoch: 50 [72/97 (75%)]	Loss: 0.014055
Train Epoch: 50 [88/97 (92%)]	Loss: 0.013882

Training set: Average loss: 0.0164
Time taken for epoch =  96.34873175621033
Validation set: Average loss: 0.0144


Losses Information (train, val):  [[0.4554124  0.40885532 0.37663624 0.34416476 0.3108581  0.27689806
  0.24058379 0.2049609  0.17364632 0.14696908 0.12591986 0.10824493
  0.09370986 0.08159175 0.07229338 0.06408217 0.05788067 0.05443738
  0.05466743 0.04735489 0.04318915 0.03948446 0.03741739 0.03489164
  0.03291238 0.0308501  0.02904543 0.02776344 0.02674655 0.02576013
  0.0246148  0.02384198 0.02306488 0.02247687 0.02192804 0.02128753
  0.02102299 0.02016628 0.01975411 0.01937573 0.01911585 0.01891269
  0.01821236 0.01804161 0.01744441 0.01748076 0.01700075 0.01665876
  0.01663464 0.01635621]
 [0.4348294  0.4166352  0.38750386 0.35088444 0.3081692  0.26019415
  0.2485762  0.20015068 0.16655116 0.13476491 0.10185167 0.08567058
  0.08514472 0.06602833 0.06257495 0.06252633 0.05592591 0.29714766
  0.04359747 0.06319656 0.03870605 0.03659432 0.0357127  0.03330637
  0.02814703 0.02836953 0.02634407 0.02513348 0.02431102 0.02408101
  0.02239139 0.02220251 0.02108888 0.01998091 0.0195531  0.01883722
  0.01920733 0.01833641 0.01807795 0.01708425 0.01625508 0.01630286
  0.01699238 0.01567407 0.01584771 0.01631769 0.01512248 0.01453527
  0.01564605 0.01436818]]
Dice Value:  0.9843146204948425
IoU Score:  0.9691863059997559
Do the augmentation
