Do the augmentation
Batch_size:  16
Total_epochs:  60
Debug:  True
Augmenttion:  True
Preprocess:  True
Resolution Steps:  4
File Source:  IOP
Augmentation Type:  Affine
********************Do Affine********************
********************Do Preprocess********************
********************Do Augmentation********************
Training:   43
Validation:  14
Test:       14
Trainable params:  5647874
######   Loss Function is ###### Dice Loss
Train Epoch: 1 [16/43 (33%)]	Loss: 0.559030
Train Epoch: 1 [33/43 (100%)]	Loss: 0.480301
Training set: Average loss: 0.5229
Time taken for epoch =  40.86381983757019
Validation set: Average loss: 0.6109


Train Epoch: 2 [16/43 (33%)]	Loss: 0.450886
Train Epoch: 2 [33/43 (100%)]	Loss: 0.429362
Training set: Average loss: 0.4390
Time taken for epoch =  40.95019865036011
Validation set: Average loss: 0.5435


Train Epoch: 3 [16/43 (33%)]	Loss: 0.410802
Train Epoch: 3 [33/43 (100%)]	Loss: 0.377988
Training set: Average loss: 0.3937
Time taken for epoch =  40.980833530426025
Validation set: Average loss: 0.5817


Train Epoch: 4 [16/43 (33%)]	Loss: 0.374966
Train Epoch: 4 [33/43 (100%)]	Loss: 0.360392
Training set: Average loss: 0.3627
Time taken for epoch =  40.677978515625
Validation set: Average loss: 0.5762


Train Epoch: 5 [16/43 (33%)]	Loss: 0.339283
Train Epoch: 5 [33/43 (100%)]	Loss: 0.310467
Training set: Average loss: 0.3242
Time taken for epoch =  40.88016748428345
Validation set: Average loss: 0.5827


Train Epoch: 6 [16/43 (33%)]	Loss: 0.293920
Train Epoch: 6 [33/43 (100%)]	Loss: 0.285281
Training set: Average loss: 0.2846
Time taken for epoch =  40.86702847480774
Validation set: Average loss: 0.3282


Train Epoch: 7 [16/43 (33%)]	Loss: 0.245366
Train Epoch: 7 [33/43 (100%)]	Loss: 0.231693
Training set: Average loss: 0.2444
Time taken for epoch =  40.97725296020508
Validation set: Average loss: 0.3556


Train Epoch: 8 [16/43 (33%)]	Loss: 0.227947
Train Epoch: 8 [33/43 (100%)]	Loss: 0.201575
Training set: Average loss: 0.2146
Time taken for epoch =  40.787065267562866
Validation set: Average loss: 0.3612


Train Epoch: 9 [16/43 (33%)]	Loss: 0.205063
Train Epoch: 9 [33/43 (100%)]	Loss: 0.158074
Training set: Average loss: 0.1827
Time taken for epoch =  40.7304961681366
Validation set: Average loss: 0.2206


Train Epoch: 10 [16/43 (33%)]	Loss: 0.176052
Train Epoch: 10 [33/43 (100%)]	Loss: 0.140442
Training set: Average loss: 0.1596
Time taken for epoch =  40.73309063911438
Validation set: Average loss: 0.1403


Train Epoch: 11 [16/43 (33%)]	Loss: 0.168640
Train Epoch: 11 [33/43 (100%)]	Loss: 0.118462
Training set: Average loss: 0.1341
Time taken for epoch =  41.08170819282532
Validation set: Average loss: 0.1427


Train Epoch: 12 [16/43 (33%)]	Loss: 0.125413
Train Epoch: 12 [33/43 (100%)]	Loss: 0.117127
Training set: Average loss: 0.1200
Time taken for epoch =  41.1819281578064
Validation set: Average loss: 0.0975


Train Epoch: 13 [16/43 (33%)]	Loss: 0.110494
Train Epoch: 13 [33/43 (100%)]	Loss: 0.082700
Training set: Average loss: 0.1035
Time taken for epoch =  40.544241428375244
Validation set: Average loss: 0.0983


Train Epoch: 14 [16/43 (33%)]	Loss: 0.088948
Train Epoch: 14 [33/43 (100%)]	Loss: 0.137287
Training set: Average loss: 0.1010
Time taken for epoch =  40.80986952781677
Validation set: Average loss: 0.0936


Train Epoch: 15 [16/43 (33%)]	Loss: 0.084558
Train Epoch: 15 [33/43 (100%)]	Loss: 0.090680
Training set: Average loss: 0.0975
Time taken for epoch =  40.7449791431427
Validation set: Average loss: 0.1053


Train Epoch: 16 [16/43 (33%)]	Loss: 0.085383
Train Epoch: 16 [33/43 (100%)]	Loss: 0.092525
Training set: Average loss: 0.0927
Time taken for epoch =  40.95893120765686
Validation set: Average loss: 0.0631


Train Epoch: 17 [16/43 (33%)]	Loss: 0.079241
Train Epoch: 17 [33/43 (100%)]	Loss: 0.059338
Training set: Average loss: 0.0779
Time taken for epoch =  41.096211671829224
Validation set: Average loss: 0.2067


Train Epoch: 18 [16/43 (33%)]	Loss: 0.084545
Train Epoch: 18 [33/43 (100%)]	Loss: 0.066074
Training set: Average loss: 0.0744
Time taken for epoch =  40.93690323829651
Validation set: Average loss: 0.2692


Train Epoch: 19 [16/43 (33%)]	Loss: 0.054723
Train Epoch: 19 [33/43 (100%)]	Loss: 0.055708
Training set: Average loss: 0.0703
Time taken for epoch =  41.071234703063965
Validation set: Average loss: 0.0556


Train Epoch: 20 [16/43 (33%)]	Loss: 0.067598
Train Epoch: 20 [33/43 (100%)]	Loss: 0.071916
Training set: Average loss: 0.0680
Time taken for epoch =  40.89294195175171
Validation set: Average loss: 0.0540


Train Epoch: 21 [16/43 (33%)]	Loss: 0.051169
Train Epoch: 21 [33/43 (100%)]	Loss: 0.091468
Training set: Average loss: 0.0681
Time taken for epoch =  41.091144323349
Validation set: Average loss: 0.0524


Train Epoch: 22 [16/43 (33%)]	Loss: 0.045084
Train Epoch: 22 [33/43 (100%)]	Loss: 0.067226
Training set: Average loss: 0.0636
Time taken for epoch =  41.09392595291138
Validation set: Average loss: 0.0566


Train Epoch: 23 [16/43 (33%)]	Loss: 0.085535
Train Epoch: 23 [33/43 (100%)]	Loss: 0.043686
Training set: Average loss: 0.0593
Time taken for epoch =  40.86221766471863
Validation set: Average loss: 0.0502


Train Epoch: 24 [16/43 (33%)]	Loss: 0.061994
Train Epoch: 24 [33/43 (100%)]	Loss: 0.060686
Training set: Average loss: 0.0580
Time taken for epoch =  41.02969479560852
Validation set: Average loss: 0.0737


Train Epoch: 25 [16/43 (33%)]	Loss: 0.054998
Train Epoch: 25 [33/43 (100%)]	Loss: 0.066153
Training set: Average loss: 0.0591
Time taken for epoch =  41.23519444465637
Validation set: Average loss: 0.0628


Train Epoch: 26 [16/43 (33%)]	Loss: 0.070951
Train Epoch: 26 [33/43 (100%)]	Loss: 0.042758
Training set: Average loss: 0.0575
Time taken for epoch =  40.82172966003418
Validation set: Average loss: 0.0550


Train Epoch: 27 [16/43 (33%)]	Loss: 0.054177
Train Epoch: 27 [33/43 (100%)]	Loss: 0.061766
Training set: Average loss: 0.0565
Time taken for epoch =  40.6000075340271
Validation set: Average loss: 0.0471


Train Epoch: 28 [16/43 (33%)]	Loss: 0.071844
Train Epoch: 28 [33/43 (100%)]	Loss: 0.035453
Training set: Average loss: 0.0520
Time taken for epoch =  41.122313261032104
Validation set: Average loss: 0.0473


Train Epoch: 29 [16/43 (33%)]	Loss: 0.035399
Train Epoch: 29 [33/43 (100%)]	Loss: 0.058818
Training set: Average loss: 0.0522
Time taken for epoch =  40.899306535720825
Validation set: Average loss: 0.0472


Train Epoch: 30 [16/43 (33%)]	Loss: 0.050447
Train Epoch: 30 [33/43 (100%)]	Loss: 0.076605
Training set: Average loss: 0.0536
Time taken for epoch =  40.78545832633972
Validation set: Average loss: 0.0454


Train Epoch: 31 [16/43 (33%)]	Loss: 0.066647
Train Epoch: 31 [33/43 (100%)]	Loss: 0.038437
Training set: Average loss: 0.0510
Time taken for epoch =  40.768083572387695
Validation set: Average loss: 0.0425


Train Epoch: 32 [16/43 (33%)]	Loss: 0.047213
Train Epoch: 32 [33/43 (100%)]	Loss: 0.053162
Training set: Average loss: 0.0498
Time taken for epoch =  40.68601179122925
Validation set: Average loss: 0.0429


Train Epoch: 33 [16/43 (33%)]	Loss: 0.068623
Train Epoch: 33 [33/43 (100%)]	Loss: 0.051616
Training set: Average loss: 0.0508
Time taken for epoch =  40.88722467422485
Validation set: Average loss: 0.0424


Train Epoch: 34 [16/43 (33%)]	Loss: 0.045507
Train Epoch: 34 [33/43 (100%)]	Loss: 0.059310
Training set: Average loss: 0.0505
Time taken for epoch =  40.9780638217926
Validation set: Average loss: 0.0497


Train Epoch: 35 [16/43 (33%)]	Loss: 0.048805
Train Epoch: 35 [33/43 (100%)]	Loss: 0.076870
Training set: Average loss: 0.0524
Time taken for epoch =  40.77838087081909
Validation set: Average loss: 0.0450


Train Epoch: 36 [16/43 (33%)]	Loss: 0.047804
Train Epoch: 36 [33/43 (100%)]	Loss: 0.028420
Training set: Average loss: 0.0447
Time taken for epoch =  41.003334522247314
Validation set: Average loss: 0.0526


Train Epoch: 37 [16/43 (33%)]	Loss: 0.060901
Train Epoch: 37 [33/43 (100%)]	Loss: 0.030038
Training set: Average loss: 0.0449
Time taken for epoch =  40.94814729690552
Validation set: Average loss: 0.0441


Train Epoch: 38 [16/43 (33%)]	Loss: 0.028456
Train Epoch: 38 [33/43 (100%)]	Loss: 0.027232
Training set: Average loss: 0.0426
Time taken for epoch =  40.97102451324463
Validation set: Average loss: 0.0481


Train Epoch: 39 [16/43 (33%)]	Loss: 0.057964
Train Epoch: 39 [33/43 (100%)]	Loss: 0.027643
Training set: Average loss: 0.0432
Time taken for epoch =  40.56066393852234
Validation set: Average loss: 0.0424


Train Epoch: 40 [16/43 (33%)]	Loss: 0.027404
Train Epoch: 40 [33/43 (100%)]	Loss: 0.048561
Training set: Average loss: 0.0439
Time taken for epoch =  40.7350857257843
Validation set: Average loss: 0.0444


Train Epoch: 41 [16/43 (33%)]	Loss: 0.041747
Train Epoch: 41 [33/43 (100%)]	Loss: 0.029852
Training set: Average loss: 0.0422
Time taken for epoch =  40.52791213989258
Validation set: Average loss: 0.0418


Train Epoch: 42 [16/43 (33%)]	Loss: 0.042669
Train Epoch: 42 [33/43 (100%)]	Loss: 0.025046
Training set: Average loss: 0.0414
Time taken for epoch =  41.001591205596924
Validation set: Average loss: 0.0572


Train Epoch: 43 [16/43 (33%)]	Loss: 0.057292
Train Epoch: 43 [33/43 (100%)]	Loss: 0.045803
Training set: Average loss: 0.0439
Time taken for epoch =  40.76054811477661
Validation set: Average loss: 0.0390


Train Epoch: 44 [16/43 (33%)]	Loss: 0.040591
Train Epoch: 44 [33/43 (100%)]	Loss: 0.048878
Training set: Average loss: 0.0444
Time taken for epoch =  40.945701599121094
Validation set: Average loss: 0.0523


Train Epoch: 45 [16/43 (33%)]	Loss: 0.029986
Train Epoch: 45 [33/43 (100%)]	Loss: 0.045784
Training set: Average loss: 0.0448
Time taken for epoch =  41.04734921455383
Validation set: Average loss: 0.0683


Train Epoch: 46 [16/43 (33%)]	Loss: 0.058461
Train Epoch: 46 [33/43 (100%)]	Loss: 0.027828
Training set: Average loss: 0.0420
Time taken for epoch =  41.085243940353394
Validation set: Average loss: 0.0410


Train Epoch: 47 [16/43 (33%)]	Loss: 0.054150
Train Epoch: 47 [33/43 (100%)]	Loss: 0.029120
Training set: Average loss: 0.0418
Time taken for epoch =  40.99413204193115
Validation set: Average loss: 0.0493


Train Epoch: 48 [16/43 (33%)]	Loss: 0.068455
Train Epoch: 48 [33/43 (100%)]	Loss: 0.046160
Training set: Average loss: 0.0468
Time taken for epoch =  41.03544235229492
Validation set: Average loss: 0.1234


Train Epoch: 49 [16/43 (33%)]	Loss: 0.082030
Train Epoch: 49 [33/43 (100%)]	Loss: 0.082261
Training set: Average loss: 0.0797
Time taken for epoch =  40.878450870513916
Validation set: Average loss: 0.0704


Train Epoch: 50 [16/43 (33%)]	Loss: 0.046820
Train Epoch: 50 [33/43 (100%)]	Loss: 0.060748
Training set: Average loss: 0.0620
Time taken for epoch =  40.92124676704407
Validation set: Average loss: 0.5816


Train Epoch: 51 [16/43 (33%)]	Loss: 0.046241
Train Epoch: 51 [33/43 (100%)]	Loss: 0.057841
Training set: Average loss: 0.0599
Time taken for epoch =  40.95123553276062
Validation set: Average loss: 0.5813


Train Epoch: 52 [16/43 (33%)]	Loss: 0.054790
Train Epoch: 52 [33/43 (100%)]	Loss: 0.038028
Training set: Average loss: 0.0525
Time taken for epoch =  41.24378943443298
Validation set: Average loss: 0.5953


Train Epoch: 53 [16/43 (33%)]	Loss: 0.071605
Train Epoch: 53 [33/43 (100%)]	Loss: 0.040159
Training set: Average loss: 0.0555
Time taken for epoch =  40.76283574104309
Validation set: Average loss: 0.5839


Early stopping triggered. The final epoch is:  53
Losses Information (train, val):  [[0.5228549  0.4389564  0.39368197 0.362708   0.3241685  0.28464368
  0.24438596 0.21464391 0.18271832 0.15956645 0.13412534 0.12002518
  0.10354266 0.10102882 0.0974554  0.09270153 0.077917   0.07435134
  0.07026041 0.06800538 0.06812256 0.06358047 0.05926148 0.05803301
  0.05906112 0.05745177 0.0565175  0.05197335 0.05222268 0.05355288
  0.0509667  0.04984915 0.05077377 0.05046719 0.05238136 0.04473025
  0.04486534 0.04263037 0.04321037 0.04386028 0.04222174 0.04142554
  0.04394983 0.04444961 0.04482572 0.04195184 0.04177808 0.04676853
  0.07965926 0.06196783 0.05988288 0.05246093 0.05553554]
 [0.61090183 0.54345256 0.58169407 0.5762339  0.5827481  0.32822582
  0.3555894  0.3611579  0.2206428  0.14031176 0.14272614 0.09751425
  0.09833758 0.09359036 0.10525136 0.06313231 0.2067085  0.26920322
  0.05560694 0.05401144 0.0524287  0.05655016 0.05022677 0.07365399
  0.0628067  0.05497778 0.04710146 0.04733089 0.04724937 0.04538482
  0.0424756  0.04285444 0.04235433 0.04973496 0.0450112  0.05261286
  0.04412204 0.04808486 0.04237947 0.0443952  0.04180231 0.05716941
  0.03903678 0.05229433 0.06829195 0.04099325 0.04931406 0.12339307
  0.07039595 0.58162105 0.5813146  0.5952633  0.58393466]]
Dice Value:  0.00013733255036640912
IoU Score:  6.868362106615677e-05
File Source:  IOP
Augmentation Type:  BiasField
********************Do BiasField********************
********************Do Preprocess********************
********************Do Augmentation********************
Training:   43
Validation:  14
Test:       14
Trainable params:  5647874
######   Loss Function is ###### Dice Loss
Train Epoch: 1 [16/43 (33%)]	Loss: 0.513305
Train Epoch: 1 [33/43 (100%)]	Loss: 0.429117
Training set: Average loss: 0.4897
Time taken for epoch =  42.02925181388855
Validation set: Average loss: 0.5785


Train Epoch: 2 [16/43 (33%)]	Loss: 0.413020
Train Epoch: 2 [33/43 (100%)]	Loss: 0.381280
Training set: Average loss: 0.3956
Time taken for epoch =  41.21284055709839
Validation set: Average loss: 0.5794


Train Epoch: 3 [16/43 (33%)]	Loss: 0.372156
Train Epoch: 3 [33/43 (100%)]	Loss: 0.350095
Training set: Average loss: 0.3601
Time taken for epoch =  41.10051393508911
Validation set: Average loss: 0.7849


Train Epoch: 4 [16/43 (33%)]	Loss: 0.344425
Train Epoch: 4 [33/43 (100%)]	Loss: 0.323398
Training set: Average loss: 0.3339
Time taken for epoch =  41.05071544647217
Validation set: Average loss: 0.7744


Train Epoch: 5 [16/43 (33%)]	Loss: 0.319708
Train Epoch: 5 [33/43 (100%)]	Loss: 0.286322
Training set: Average loss: 0.3032
Time taken for epoch =  40.837913274765015
Validation set: Average loss: 0.6744


Train Epoch: 6 [16/43 (33%)]	Loss: 0.283268
Train Epoch: 6 [33/43 (100%)]	Loss: 0.268172
Training set: Average loss: 0.2751
Time taken for epoch =  39.627214193344116
Validation set: Average loss: 0.5974


Train Epoch: 7 [16/43 (33%)]	Loss: 0.249848
Train Epoch: 7 [33/43 (100%)]	Loss: 0.234180
Training set: Average loss: 0.2443
Time taken for epoch =  39.88076162338257
Validation set: Average loss: 0.4495


Train Epoch: 8 [16/43 (33%)]	Loss: 0.223372
Train Epoch: 8 [33/43 (100%)]	Loss: 0.214948
Training set: Average loss: 0.2186
Time taken for epoch =  40.89225792884827
Validation set: Average loss: 0.3281


Train Epoch: 9 [16/43 (33%)]	Loss: 0.194457
Train Epoch: 9 [33/43 (100%)]	Loss: 0.192934
Training set: Average loss: 0.1929
Time taken for epoch =  41.32377862930298
Validation set: Average loss: 0.2915


Train Epoch: 10 [16/43 (33%)]	Loss: 0.175269
Train Epoch: 10 [33/43 (100%)]	Loss: 0.151639
Training set: Average loss: 0.1655
Time taken for epoch =  39.7695472240448
Validation set: Average loss: 0.2436


Train Epoch: 11 [16/43 (33%)]	Loss: 0.151536
Train Epoch: 11 [33/43 (100%)]	Loss: 0.141960
Training set: Average loss: 0.1449
Time taken for epoch =  41.191049098968506
Validation set: Average loss: 0.1624


Train Epoch: 12 [16/43 (33%)]	Loss: 0.136303
Train Epoch: 12 [33/43 (100%)]	Loss: 0.114266
Training set: Average loss: 0.1253
Time taken for epoch =  40.24566197395325
Validation set: Average loss: 0.2301


Train Epoch: 13 [16/43 (33%)]	Loss: 0.106623
Train Epoch: 13 [33/43 (100%)]	Loss: 0.097696
Training set: Average loss: 0.1041
Time taken for epoch =  40.38930368423462
Validation set: Average loss: 0.1179


Train Epoch: 14 [16/43 (33%)]	Loss: 0.075800
Train Epoch: 14 [33/43 (100%)]	Loss: 0.114754
Training set: Average loss: 0.0920
Time taken for epoch =  40.96281290054321
Validation set: Average loss: 0.1063


Train Epoch: 15 [16/43 (33%)]	Loss: 0.086914
Train Epoch: 15 [33/43 (100%)]	Loss: 0.091959
Training set: Average loss: 0.0792
Time taken for epoch =  41.21255970001221
Validation set: Average loss: 0.0853


Train Epoch: 16 [16/43 (33%)]	Loss: 0.067949
Train Epoch: 16 [33/43 (100%)]	Loss: 0.062506
Training set: Average loss: 0.0678
Time taken for epoch =  41.014267683029175
Validation set: Average loss: 0.0770


Train Epoch: 17 [16/43 (33%)]	Loss: 0.056703
Train Epoch: 17 [33/43 (100%)]	Loss: 0.062390
Training set: Average loss: 0.0613
Time taken for epoch =  39.75960826873779
Validation set: Average loss: 0.0617


Train Epoch: 18 [16/43 (33%)]	Loss: 0.065605
Train Epoch: 18 [33/43 (100%)]	Loss: 0.055229
Training set: Average loss: 0.0572
Time taken for epoch =  41.48703098297119
Validation set: Average loss: 0.0473


Train Epoch: 19 [16/43 (33%)]	Loss: 0.046737
Train Epoch: 19 [33/43 (100%)]	Loss: 0.052653
Training set: Average loss: 0.0533
Time taken for epoch =  40.2531578540802
Validation set: Average loss: 0.0438


Train Epoch: 20 [16/43 (33%)]	Loss: 0.045519
Train Epoch: 20 [33/43 (100%)]	Loss: 0.046174
Training set: Average loss: 0.0500
Time taken for epoch =  40.33943319320679
Validation set: Average loss: 0.0359


Train Epoch: 21 [16/43 (33%)]	Loss: 0.054183
Train Epoch: 21 [33/43 (100%)]	Loss: 0.050010
Training set: Average loss: 0.0523
Time taken for epoch =  41.68838930130005
Validation set: Average loss: 0.1255


Train Epoch: 22 [16/43 (33%)]	Loss: 0.042324
Train Epoch: 22 [33/43 (100%)]	Loss: 0.071021
Training set: Average loss: 0.0529
Time taken for epoch =  41.091352462768555
Validation set: Average loss: 0.1289


Train Epoch: 23 [16/43 (33%)]	Loss: 0.062081
Train Epoch: 23 [33/43 (100%)]	Loss: 0.043678
Training set: Average loss: 0.0494
Time taken for epoch =  40.56148958206177
Validation set: Average loss: 0.1096


Train Epoch: 24 [16/43 (33%)]	Loss: 0.056000
Train Epoch: 24 [33/43 (100%)]	Loss: 0.044639
Training set: Average loss: 0.0474
Time taken for epoch =  40.14022707939148
Validation set: Average loss: 0.1081


Train Epoch: 25 [16/43 (33%)]	Loss: 0.082746
Train Epoch: 25 [33/43 (100%)]	Loss: 0.025337
Training set: Average loss: 0.0453
Time taken for epoch =  40.524741649627686
Validation set: Average loss: 0.0543


Train Epoch: 26 [16/43 (33%)]	Loss: 0.051412
Train Epoch: 26 [33/43 (100%)]	Loss: 0.067971
Training set: Average loss: 0.0485
Time taken for epoch =  39.295588970184326
Validation set: Average loss: 0.0353


Train Epoch: 27 [16/43 (33%)]	Loss: 0.056138
Train Epoch: 27 [33/43 (100%)]	Loss: 0.042854
Training set: Average loss: 0.0463
Time taken for epoch =  41.05002307891846
Validation set: Average loss: 0.0568


Train Epoch: 28 [16/43 (33%)]	Loss: 0.054123
Train Epoch: 28 [33/43 (100%)]	Loss: 0.045184
Training set: Average loss: 0.0447
Time taken for epoch =  39.81571364402771
Validation set: Average loss: 0.0319


Train Epoch: 29 [16/43 (33%)]	Loss: 0.050865
Train Epoch: 29 [33/43 (100%)]	Loss: 0.022462
Training set: Average loss: 0.0417
Time taken for epoch =  40.95465564727783
Validation set: Average loss: 0.0311


Train Epoch: 30 [16/43 (33%)]	Loss: 0.051019
Train Epoch: 30 [33/43 (100%)]	Loss: 0.037656
Training set: Average loss: 0.0417
Time taken for epoch =  40.244410037994385
Validation set: Average loss: 0.0276


Train Epoch: 31 [16/43 (33%)]	Loss: 0.020354
Train Epoch: 31 [33/43 (100%)]	Loss: 0.058751
Training set: Average loss: 0.0431
Time taken for epoch =  39.59805679321289
Validation set: Average loss: 0.0275


Train Epoch: 32 [16/43 (33%)]	Loss: 0.063660
Train Epoch: 32 [33/43 (100%)]	Loss: 0.018812
Training set: Average loss: 0.0392
Time taken for epoch =  41.29677867889404
Validation set: Average loss: 0.0298


Train Epoch: 33 [16/43 (33%)]	Loss: 0.034686
Train Epoch: 33 [33/43 (100%)]	Loss: 0.042353
Training set: Average loss: 0.0411
Time taken for epoch =  40.00240683555603
Validation set: Average loss: 0.0266


Train Epoch: 34 [16/43 (33%)]	Loss: 0.035189
Train Epoch: 34 [33/43 (100%)]	Loss: 0.080776
Training set: Average loss: 0.0453
Time taken for epoch =  41.561872243881226
Validation set: Average loss: 0.0282


Train Epoch: 35 [16/43 (33%)]	Loss: 0.019080
Train Epoch: 35 [33/43 (100%)]	Loss: 0.061639
Training set: Average loss: 0.0425
Time taken for epoch =  41.13992953300476
Validation set: Average loss: 0.0262


Train Epoch: 36 [16/43 (33%)]	Loss: 0.061665
Train Epoch: 36 [33/43 (100%)]	Loss: 0.019405
Training set: Average loss: 0.0380
Time taken for epoch =  40.15415978431702
Validation set: Average loss: 0.0256


Train Epoch: 37 [16/43 (33%)]	Loss: 0.034754
Train Epoch: 37 [33/43 (100%)]	Loss: 0.039736
Training set: Average loss: 0.0402
Time taken for epoch =  41.21880054473877
Validation set: Average loss: 0.0242


Train Epoch: 38 [16/43 (33%)]	Loss: 0.047457
Train Epoch: 38 [33/43 (100%)]	Loss: 0.017655
Training set: Average loss: 0.0378
Time taken for epoch =  40.613478899002075
Validation set: Average loss: 0.0245


Train Epoch: 39 [16/43 (33%)]	Loss: 0.036026
Train Epoch: 39 [33/43 (100%)]	Loss: 0.057704
Training set: Average loss: 0.0424
Time taken for epoch =  40.95789885520935
Validation set: Average loss: 0.0249


Train Epoch: 40 [16/43 (33%)]	Loss: 0.045815
Train Epoch: 40 [33/43 (100%)]	Loss: 0.040459
Training set: Average loss: 0.0396
Time taken for epoch =  40.34899592399597
Validation set: Average loss: 0.0240


Train Epoch: 41 [16/43 (33%)]	Loss: 0.060277
Train Epoch: 41 [33/43 (100%)]	Loss: 0.017410
Training set: Average loss: 0.0366
Time taken for epoch =  40.37429094314575
Validation set: Average loss: 0.0238


Train Epoch: 42 [16/43 (33%)]	Loss: 0.030467
Train Epoch: 42 [33/43 (100%)]	Loss: 0.062858
Training set: Average loss: 0.0416
Time taken for epoch =  42.619115591049194
Validation set: Average loss: 0.0247


Train Epoch: 43 [16/43 (33%)]	Loss: 0.029295
Train Epoch: 43 [33/43 (100%)]	Loss: 0.039110
Training set: Average loss: 0.0386
Time taken for epoch =  44.30617427825928
Validation set: Average loss: 0.0248


Train Epoch: 44 [16/43 (33%)]	Loss: 0.043427
Train Epoch: 44 [33/43 (100%)]	Loss: 0.018112
Training set: Average loss: 0.0368
Time taken for epoch =  40.46321749687195
Validation set: Average loss: 0.0232


Train Epoch: 45 [16/43 (33%)]	Loss: 0.045781
Train Epoch: 45 [33/43 (100%)]	Loss: 0.038398
Training set: Average loss: 0.0389
Time taken for epoch =  38.73356604576111
Validation set: Average loss: 0.0245


Train Epoch: 46 [16/43 (33%)]	Loss: 0.031835
Train Epoch: 46 [33/43 (100%)]	Loss: 0.054933
Training set: Average loss: 0.0403
Time taken for epoch =  39.24726176261902
Validation set: Average loss: 0.0320


Train Epoch: 47 [16/43 (33%)]	Loss: 0.046202
Train Epoch: 47 [33/43 (100%)]	Loss: 0.034700
Training set: Average loss: 0.0373
Time taken for epoch =  165.48182702064514
Validation set: Average loss: 0.0293


Train Epoch: 48 [16/43 (33%)]	Loss: 0.044564
Train Epoch: 48 [33/43 (100%)]	Loss: 0.015555
Training set: Average loss: 0.0354
Time taken for epoch =  179.08745908737183
Validation set: Average loss: 0.0242


Train Epoch: 49 [16/43 (33%)]	Loss: 0.031732
Train Epoch: 49 [33/43 (100%)]	Loss: 0.076324
Training set: Average loss: 0.0417
Time taken for epoch =  55.15583920478821
Validation set: Average loss: 0.0220


Train Epoch: 50 [16/43 (33%)]	Loss: 0.027801
Train Epoch: 50 [33/43 (100%)]	Loss: 0.038148
Training set: Average loss: 0.0376
Time taken for epoch =  49.207337856292725
Validation set: Average loss: 0.0226


Train Epoch: 51 [16/43 (33%)]	Loss: 0.029828
Train Epoch: 51 [33/43 (100%)]	Loss: 0.038184
Training set: Average loss: 0.0376
Time taken for epoch =  51.36209321022034
Validation set: Average loss: 0.0221


Train Epoch: 52 [16/43 (33%)]	Loss: 0.015563
Train Epoch: 52 [33/43 (100%)]	Loss: 0.059000
Training set: Average loss: 0.0398
Time taken for epoch =  51.74309754371643
Validation set: Average loss: 0.0218


Train Epoch: 53 [16/43 (33%)]	Loss: 0.015912
Train Epoch: 53 [33/43 (100%)]	Loss: 0.034106
Training set: Average loss: 0.0368
Time taken for epoch =  49.63343071937561
Validation set: Average loss: 0.0224


Train Epoch: 54 [16/43 (33%)]	Loss: 0.032167
Train Epoch: 54 [33/43 (100%)]	Loss: 0.058314
Training set: Average loss: 0.0394
Time taken for epoch =  50.10679769515991
Validation set: Average loss: 0.0219


Train Epoch: 55 [16/43 (33%)]	Loss: 0.046036
Train Epoch: 55 [33/43 (100%)]	Loss: 0.036112
Training set: Average loss: 0.0371
Time taken for epoch =  52.412209272384644
Validation set: Average loss: 0.0229


Train Epoch: 56 [16/43 (33%)]	Loss: 0.029433
Train Epoch: 56 [33/43 (100%)]	Loss: 0.054609
Training set: Average loss: 0.0383
Time taken for epoch =  50.146820306777954
Validation set: Average loss: 0.0304


Train Epoch: 57 [16/43 (33%)]	Loss: 0.015147
Train Epoch: 57 [33/43 (100%)]	Loss: 0.057223
Training set: Average loss: 0.0384
Time taken for epoch =  52.864656925201416
Validation set: Average loss: 0.0573


Train Epoch: 58 [16/43 (33%)]	Loss: 0.030072
Train Epoch: 58 [33/43 (100%)]	Loss: 0.014532
Training set: Average loss: 0.0339
Time taken for epoch =  55.03759956359863
Validation set: Average loss: 0.0213


Train Epoch: 59 [16/43 (33%)]	Loss: 0.041673
Train Epoch: 59 [33/43 (100%)]	Loss: 0.014167
Training set: Average loss: 0.0336
Time taken for epoch =  111.98467493057251
Validation set: Average loss: 0.0211


Train Epoch: 60 [16/43 (33%)]	Loss: 0.015152
Train Epoch: 60 [33/43 (100%)]	Loss: 0.035118
Training set: Average loss: 0.0363
Time taken for epoch =  42.125362396240234
Validation set: Average loss: 0.0212


Losses Information (train, val):  [[0.48968217 0.39564705 0.3601011  0.3338909  0.30319574 0.27513215
  0.24426644 0.21864744 0.19286847 0.16545953 0.1449129  0.12533765
  0.10406937 0.09204606 0.07921343 0.06781339 0.0612736  0.05717649
  0.05327831 0.0500371  0.05225655 0.05286056 0.0493867  0.04742101
  0.04534124 0.04847553 0.04626776 0.04471347 0.0417071  0.04170325
  0.04313869 0.03920245 0.04108465 0.04530884 0.04250884 0.03800803
  0.04016804 0.03780755 0.04238703 0.03960331 0.03658035 0.0416202
  0.03863741 0.03683437 0.03886029 0.04026963 0.03727608 0.03541709
  0.04171014 0.03758702 0.03761359 0.03981968 0.03679504 0.03942094
  0.03712011 0.03829017 0.03844212 0.03386301 0.0335807  0.03633285]
 [0.5785033  0.5793705  0.78489035 0.7743792  0.6743733  0.59739465
  0.4495094  0.32811093 0.29152384 0.2435854  0.16237165 0.23011248
  0.11790116 0.10628816 0.08525012 0.07700161 0.06166301 0.04734317
  0.04377134 0.03589789 0.12554158 0.1288985  0.10958786 0.10805424
  0.05433013 0.03533735 0.0568184  0.03191652 0.03113661 0.02756943
  0.02751333 0.02976196 0.02659352 0.02824198 0.02624111 0.02558916
  0.0241868  0.02445401 0.02488209 0.02404086 0.02380186 0.02469606
  0.02478946 0.02315247 0.02452523 0.03196201 0.02930444 0.02416564
  0.02202668 0.02255655 0.02209523 0.02181379 0.02238069 0.02192283
  0.02290938 0.03038982 0.05726953 0.02127106 0.02112827 0.02119035]]
Dice Value:  0.9581170082092285
IoU Score:  0.9271586537361145
File Source:  IOP
Augmentation Type:  Gamma
********************Do Gamma********************
********************Do Preprocess********************
********************Do Augmentation********************
Training:   43
Validation:  14
Test:       14
Trainable params:  5647874
######   Loss Function is ###### Dice Loss
Train Epoch: 1 [16/43 (33%)]	Loss: 0.530707
Train Epoch: 1 [33/43 (100%)]	Loss: 0.438609
Training set: Average loss: 0.4962
Time taken for epoch =  38.63513994216919
Validation set: Average loss: 0.5785


Train Epoch: 2 [16/43 (33%)]	Loss: 0.431690
Train Epoch: 2 [33/43 (100%)]	Loss: 0.401814
Training set: Average loss: 0.4166
Time taken for epoch =  38.26265525817871
Validation set: Average loss: 0.5785


Train Epoch: 3 [16/43 (33%)]	Loss: 0.392643
Train Epoch: 3 [33/43 (100%)]	Loss: 0.366572
Training set: Average loss: 0.3806
Time taken for epoch =  38.72573661804199
Validation set: Average loss: 0.5785


Train Epoch: 4 [16/43 (33%)]	Loss: 0.362467
Train Epoch: 4 [33/43 (100%)]	Loss: 0.342114
Training set: Average loss: 0.3498
Time taken for epoch =  39.60344314575195
Validation set: Average loss: 0.5788


Train Epoch: 5 [16/43 (33%)]	Loss: 0.325555
Train Epoch: 5 [33/43 (100%)]	Loss: 0.311187
Training set: Average loss: 0.3196
Time taken for epoch =  40.73213791847229
Validation set: Average loss: 0.5634


Train Epoch: 6 [16/43 (33%)]	Loss: 0.296242
Train Epoch: 6 [33/43 (100%)]	Loss: 0.279158
Training set: Average loss: 0.2881
Time taken for epoch =  42.275532245635986
Validation set: Average loss: 0.4954


Train Epoch: 7 [16/43 (33%)]	Loss: 0.268993
Train Epoch: 7 [33/43 (100%)]	Loss: 0.240137
Training set: Average loss: 0.2537
Time taken for epoch =  40.77836585044861
Validation set: Average loss: 0.3416


Train Epoch: 8 [16/43 (33%)]	Loss: 0.241494
Train Epoch: 8 [33/43 (100%)]	Loss: 0.193844
Training set: Average loss: 0.2146
Time taken for epoch =  39.41512989997864
Validation set: Average loss: 0.2087


Train Epoch: 9 [16/43 (33%)]	Loss: 0.180835
Train Epoch: 9 [33/43 (100%)]	Loss: 0.182165
Training set: Average loss: 0.1791
Time taken for epoch =  38.205811738967896
Validation set: Average loss: 0.2563


Train Epoch: 10 [16/43 (33%)]	Loss: 0.155929
Train Epoch: 10 [33/43 (100%)]	Loss: 0.154241
Training set: Average loss: 0.1523
Time taken for epoch =  38.10090446472168
Validation set: Average loss: 0.4744


Train Epoch: 11 [16/43 (33%)]	Loss: 0.130935
Train Epoch: 11 [33/43 (100%)]	Loss: 0.152584
Training set: Average loss: 0.1312
Time taken for epoch =  38.15476202964783
Validation set: Average loss: 0.2997


Train Epoch: 12 [16/43 (33%)]	Loss: 0.120506
Train Epoch: 12 [33/43 (100%)]	Loss: 0.082125
Training set: Average loss: 0.0985
Time taken for epoch =  37.94390678405762
Validation set: Average loss: 0.3007


Train Epoch: 13 [16/43 (33%)]	Loss: 0.098094
Train Epoch: 13 [33/43 (100%)]	Loss: 0.062585
Training set: Average loss: 0.0804
Time taken for epoch =  39.07871103286743
Validation set: Average loss: 0.1875


Train Epoch: 14 [16/43 (33%)]	Loss: 0.085798
Train Epoch: 14 [33/43 (100%)]	Loss: 0.055169
Training set: Average loss: 0.0688
Time taken for epoch =  39.78437614440918
Validation set: Average loss: 0.1247


Train Epoch: 15 [16/43 (33%)]	Loss: 0.048400
Train Epoch: 15 [33/43 (100%)]	Loss: 0.062891
Training set: Average loss: 0.0600
Time taken for epoch =  39.41592025756836
Validation set: Average loss: 0.0581


Train Epoch: 16 [16/43 (33%)]	Loss: 0.068359
Train Epoch: 16 [33/43 (100%)]	Loss: 0.036543
Training set: Average loss: 0.0515
Time taken for epoch =  40.067949533462524
Validation set: Average loss: 0.0498


Train Epoch: 17 [16/43 (33%)]	Loss: 0.062357
Train Epoch: 17 [33/43 (100%)]	Loss: 0.033865
Training set: Average loss: 0.0479
Time taken for epoch =  38.75316023826599
Validation set: Average loss: 0.1025


Train Epoch: 18 [16/43 (33%)]	Loss: 0.032111
Train Epoch: 18 [33/43 (100%)]	Loss: 0.068168
Training set: Average loss: 0.0486
Time taken for epoch =  38.42115068435669
Validation set: Average loss: 0.5554


Train Epoch: 19 [16/43 (33%)]	Loss: 0.055530
Train Epoch: 19 [33/43 (100%)]	Loss: 0.026719
Training set: Average loss: 0.0421
Time taken for epoch =  38.189789056777954
Validation set: Average loss: 0.0365


Train Epoch: 20 [16/43 (33%)]	Loss: 0.027416
Train Epoch: 20 [33/43 (100%)]	Loss: 0.067222
Training set: Average loss: 0.0445
Time taken for epoch =  37.911673069000244
Validation set: Average loss: 0.0343


Train Epoch: 21 [16/43 (33%)]	Loss: 0.052026
Train Epoch: 21 [33/43 (100%)]	Loss: 0.045488
Training set: Average loss: 0.0411
Time taken for epoch =  38.167221546173096
Validation set: Average loss: 0.0381


Train Epoch: 22 [16/43 (33%)]	Loss: 0.053005
Train Epoch: 22 [33/43 (100%)]	Loss: 0.024007
Training set: Average loss: 0.0379
Time taken for epoch =  37.900896310806274
Validation set: Average loss: 0.0326


Train Epoch: 23 [16/43 (33%)]	Loss: 0.024169
Train Epoch: 23 [33/43 (100%)]	Loss: 0.041448
Training set: Average loss: 0.0393
Time taken for epoch =  39.93473982810974
Validation set: Average loss: 0.0312


Train Epoch: 24 [16/43 (33%)]	Loss: 0.036310
Train Epoch: 24 [33/43 (100%)]	Loss: 0.022183
Training set: Average loss: 0.0358
Time taken for epoch =  38.559823513031006
Validation set: Average loss: 0.0303


Train Epoch: 25 [16/43 (33%)]	Loss: 0.048440
Train Epoch: 25 [33/43 (100%)]	Loss: 0.021918
Training set: Average loss: 0.0352
Time taken for epoch =  40.60994505882263
Validation set: Average loss: 0.0293


Train Epoch: 26 [16/43 (33%)]	Loss: 0.020870
Train Epoch: 26 [33/43 (100%)]	Loss: 0.038162
Training set: Average loss: 0.0363
Time taken for epoch =  38.447826623916626
Validation set: Average loss: 0.0458


Train Epoch: 27 [16/43 (33%)]	Loss: 0.061357
Train Epoch: 27 [33/43 (100%)]	Loss: 0.020711
Training set: Average loss: 0.0341
Time taken for epoch =  39.021323919296265
Validation set: Average loss: 0.0297


Train Epoch: 28 [16/43 (33%)]	Loss: 0.050901
Train Epoch: 28 [33/43 (100%)]	Loss: 0.020737
Training set: Average loss: 0.0344
Time taken for epoch =  46.53149461746216
Validation set: Average loss: 0.0294


Train Epoch: 29 [16/43 (33%)]	Loss: 0.018408
Train Epoch: 29 [33/43 (100%)]	Loss: 0.020654
Training set: Average loss: 0.0333
Time taken for epoch =  39.664960861206055
Validation set: Average loss: 0.0277


Train Epoch: 30 [16/43 (33%)]	Loss: 0.032099
Train Epoch: 30 [33/43 (100%)]	Loss: 0.041841
Training set: Average loss: 0.0354
Time taken for epoch =  41.262656688690186
Validation set: Average loss: 0.0266


Train Epoch: 31 [16/43 (33%)]	Loss: 0.033919
Train Epoch: 31 [33/43 (100%)]	Loss: 0.017543
Training set: Average loss: 0.0327
Time taken for epoch =  38.27509093284607
Validation set: Average loss: 0.0260


Train Epoch: 32 [16/43 (33%)]	Loss: 0.047956
Train Epoch: 32 [33/43 (100%)]	Loss: 0.017413
Training set: Average loss: 0.0325
Time taken for epoch =  38.439008474349976
Validation set: Average loss: 0.0251


Train Epoch: 33 [16/43 (33%)]	Loss: 0.030024
Train Epoch: 33 [33/43 (100%)]	Loss: 0.039484
Training set: Average loss: 0.0340
Time taken for epoch =  38.7132933139801
Validation set: Average loss: 0.0248


Train Epoch: 34 [16/43 (33%)]	Loss: 0.059335
Train Epoch: 34 [33/43 (100%)]	Loss: 0.017331
Training set: Average loss: 0.0312
Time taken for epoch =  41.31369495391846
Validation set: Average loss: 0.0254


Train Epoch: 35 [16/43 (33%)]	Loss: 0.031275
Train Epoch: 35 [33/43 (100%)]	Loss: 0.038202
Training set: Average loss: 0.0330
Time taken for epoch =  39.137638568878174
Validation set: Average loss: 0.0243


Train Epoch: 36 [16/43 (33%)]	Loss: 0.043573
Train Epoch: 36 [33/43 (100%)]	Loss: 0.017563
Training set: Average loss: 0.0308
Time taken for epoch =  38.1222198009491
Validation set: Average loss: 0.0249


Train Epoch: 37 [16/43 (33%)]	Loss: 0.029330
Train Epoch: 37 [33/43 (100%)]	Loss: 0.058254
Training set: Average loss: 0.0346
Time taken for epoch =  38.99654841423035
Validation set: Average loss: 0.0257


Train Epoch: 38 [16/43 (33%)]	Loss: 0.045543
Train Epoch: 38 [33/43 (100%)]	Loss: 0.036291
Training set: Average loss: 0.0329
Time taken for epoch =  38.2987003326416
Validation set: Average loss: 0.0286


Train Epoch: 39 [16/43 (33%)]	Loss: 0.043083
Train Epoch: 39 [33/43 (100%)]	Loss: 0.038762
Training set: Average loss: 0.0327
Time taken for epoch =  38.14942502975464
Validation set: Average loss: 0.0263


Train Epoch: 40 [16/43 (33%)]	Loss: 0.031584
Train Epoch: 40 [33/43 (100%)]	Loss: 0.037445
Training set: Average loss: 0.0328
Time taken for epoch =  39.519264698028564
Validation set: Average loss: 0.0233


Train Epoch: 41 [16/43 (33%)]	Loss: 0.016119
Train Epoch: 41 [33/43 (100%)]	Loss: 0.016710
Training set: Average loss: 0.0302
Time taken for epoch =  41.13512372970581
Validation set: Average loss: 0.0239


Train Epoch: 42 [16/43 (33%)]	Loss: 0.030431
Train Epoch: 42 [33/43 (100%)]	Loss: 0.036254
Training set: Average loss: 0.0318
Time taken for epoch =  39.88567018508911
Validation set: Average loss: 0.0234


Train Epoch: 43 [16/43 (33%)]	Loss: 0.016181
Train Epoch: 43 [33/43 (100%)]	Loss: 0.036153
Training set: Average loss: 0.0320
Time taken for epoch =  38.02161121368408
Validation set: Average loss: 0.0223


Train Epoch: 44 [16/43 (33%)]	Loss: 0.029347
Train Epoch: 44 [33/43 (100%)]	Loss: 0.033238
Training set: Average loss: 0.0312
Time taken for epoch =  40.19419813156128
Validation set: Average loss: 0.0228


Train Epoch: 45 [16/43 (33%)]	Loss: 0.016023
Train Epoch: 45 [33/43 (100%)]	Loss: 0.057322
Training set: Average loss: 0.0338
Time taken for epoch =  38.233940839767456
Validation set: Average loss: 0.0222


Train Epoch: 46 [16/43 (33%)]	Loss: 0.015626
Train Epoch: 46 [33/43 (100%)]	Loss: 0.015353
Training set: Average loss: 0.0291
Time taken for epoch =  39.099939584732056
Validation set: Average loss: 0.0220


Train Epoch: 47 [16/43 (33%)]	Loss: 0.027185
Train Epoch: 47 [33/43 (100%)]	Loss: 0.037415
Training set: Average loss: 0.0315
Time taken for epoch =  37.98206901550293
Validation set: Average loss: 0.0253


Train Epoch: 48 [16/43 (33%)]	Loss: 0.014637
Train Epoch: 48 [33/43 (100%)]	Loss: 0.014451
Training set: Average loss: 0.0293
Time taken for epoch =  38.30827188491821
Validation set: Average loss: 0.0677


Train Epoch: 49 [16/43 (33%)]	Loss: 0.042737
Train Epoch: 49 [33/43 (100%)]	Loss: 0.014928
Training set: Average loss: 0.0292
Time taken for epoch =  37.942524433135986
Validation set: Average loss: 0.0223


Train Epoch: 50 [16/43 (33%)]	Loss: 0.016407
Train Epoch: 50 [33/43 (100%)]	Loss: 0.076438
Training set: Average loss: 0.0358
Time taken for epoch =  38.23857259750366
Validation set: Average loss: 0.5611


Train Epoch: 51 [16/43 (33%)]	Loss: 0.046662
Train Epoch: 51 [33/43 (100%)]	Loss: 0.015475
Training set: Average loss: 0.0301
Time taken for epoch =  39.0320463180542
Validation set: Average loss: 0.0252


Train Epoch: 52 [16/43 (33%)]	Loss: 0.028702
Train Epoch: 52 [33/43 (100%)]	Loss: 0.015257
Training set: Average loss: 0.0296
Time taken for epoch =  38.29915165901184
Validation set: Average loss: 0.5283


Train Epoch: 53 [16/43 (33%)]	Loss: 0.029477
Train Epoch: 53 [33/43 (100%)]	Loss: 0.033534
Training set: Average loss: 0.0309
Time taken for epoch =  38.971354484558105
Validation set: Average loss: 0.0232


Train Epoch: 54 [16/43 (33%)]	Loss: 0.028256
Train Epoch: 54 [33/43 (100%)]	Loss: 0.036016
Training set: Average loss: 0.0312
Time taken for epoch =  40.330302476882935
Validation set: Average loss: 0.0217


Train Epoch: 55 [16/43 (33%)]	Loss: 0.015106
Train Epoch: 55 [33/43 (100%)]	Loss: 0.014858
Training set: Average loss: 0.0287
Time taken for epoch =  39.63413643836975
Validation set: Average loss: 0.0695


Train Epoch: 56 [16/43 (33%)]	Loss: 0.041976
Train Epoch: 56 [33/43 (100%)]	Loss: 0.014942
Training set: Average loss: 0.0287
Time taken for epoch =  37.869818687438965
Validation set: Average loss: 0.0215


Train Epoch: 57 [16/43 (33%)]	Loss: 0.041423
Train Epoch: 57 [33/43 (100%)]	Loss: 0.034961
Training set: Average loss: 0.0305
Time taken for epoch =  39.124269008636475
Validation set: Average loss: 0.0289


Train Epoch: 58 [16/43 (33%)]	Loss: 0.028746
Train Epoch: 58 [33/43 (100%)]	Loss: 0.036715
Training set: Average loss: 0.0307
Time taken for epoch =  39.00260925292969
Validation set: Average loss: 0.0214


Train Epoch: 59 [16/43 (33%)]	Loss: 0.028055
Train Epoch: 59 [33/43 (100%)]	Loss: 0.035968
Training set: Average loss: 0.0305
Time taken for epoch =  38.14845418930054
Validation set: Average loss: 0.0229


Train Epoch: 60 [16/43 (33%)]	Loss: 0.056552
Train Epoch: 60 [33/43 (100%)]	Loss: 0.014825
Training set: Average loss: 0.0291
Time taken for epoch =  37.845423460006714
Validation set: Average loss: 0.0222


Losses Information (train, val):  [[0.4961883  0.41656208 0.38058588 0.3498149  0.31960893 0.28812703
  0.25367132 0.21459429 0.17905444 0.15232705 0.13122837 0.09849466
  0.08035422 0.06884505 0.06002873 0.05148138 0.04788246 0.04858598
  0.04213707 0.04452182 0.04113735 0.03788294 0.0392868  0.03580179
  0.03519047 0.03625911 0.03405723 0.03442118 0.03330885 0.03539598
  0.03268545 0.03254891 0.03399205 0.03122156 0.03301369 0.03082573
  0.03462504 0.03287183 0.03271083 0.03277429 0.03019525 0.03184806
  0.03195241 0.03117228 0.03377939 0.02908069 0.03145035 0.02926661
  0.0291923  0.03583555 0.03008498 0.02958618 0.03085773 0.03116176
  0.02869641 0.0286793  0.03051475 0.03068036 0.03052879 0.02908343]
 [0.5784897  0.5784897  0.5784908  0.5788476  0.5633833  0.495426
  0.34157926 0.20872739 0.25631163 0.47442192 0.29966703 0.30066603
  0.1874636  0.12469711 0.05807875 0.04980376 0.10246075 0.5554398
  0.03648114 0.0343135  0.03809528 0.0326373  0.03120586 0.03034712
  0.02933167 0.04584578 0.0296676  0.02936803 0.02772659 0.02655053
  0.02600689 0.02508076 0.0247728  0.02539446 0.02426879 0.0249255
  0.02567121 0.02861174 0.02631951 0.02326116 0.0238566  0.02341214
  0.02226605 0.02275057 0.02216499 0.02201629 0.02525727 0.06766925
  0.02227078 0.56107014 0.02515253 0.52834433 0.02324792 0.02172145
  0.06950618 0.02149071 0.02889238 0.02137302 0.02292259 0.02219053]]
Dice Value:  0.9338618516921997
IoU Score:  0.8921043276786804
File Source:  IOP
Augmentation Type:  Noise
********************Do Noise********************
********************Do Preprocess********************
********************Do Augmentation********************
Training:   43
Validation:  14
Test:       14
Trainable params:  5647874
######   Loss Function is ###### Dice Loss
Train Epoch: 1 [16/43 (33%)]	Loss: 0.506537
Train Epoch: 1 [33/43 (100%)]	Loss: 0.383780
Training set: Average loss: 0.4379
Time taken for epoch =  38.22742509841919
Validation set: Average loss: 0.5779


Train Epoch: 2 [16/43 (33%)]	Loss: 0.364039
Train Epoch: 2 [33/43 (100%)]	Loss: 0.315361
Training set: Average loss: 0.3422
Time taken for epoch =  37.87515616416931
Validation set: Average loss: 0.5779


Train Epoch: 3 [16/43 (33%)]	Loss: 0.311077
Train Epoch: 3 [33/43 (100%)]	Loss: 0.284283
Training set: Average loss: 0.2957
Time taken for epoch =  38.71448612213135
Validation set: Average loss: 0.5795


Train Epoch: 4 [16/43 (33%)]	Loss: 0.261758
Train Epoch: 4 [33/43 (100%)]	Loss: 0.233298
Training set: Average loss: 0.2515
Time taken for epoch =  40.0947699546814
Validation set: Average loss: 0.3402


Train Epoch: 5 [16/43 (33%)]	Loss: 0.215108
Train Epoch: 5 [33/43 (100%)]	Loss: 0.208120
Training set: Average loss: 0.2126
Time taken for epoch =  38.88181781768799
Validation set: Average loss: 0.5918


Train Epoch: 6 [16/43 (33%)]	Loss: 0.187957
Train Epoch: 6 [33/43 (100%)]	Loss: 0.177909
Training set: Average loss: 0.1776
Time taken for epoch =  38.584064960479736
Validation set: Average loss: 0.3115


Train Epoch: 7 [16/43 (33%)]	Loss: 0.144727
Train Epoch: 7 [33/43 (100%)]	Loss: 0.146254
Training set: Average loss: 0.1456
Time taken for epoch =  40.678252935409546
Validation set: Average loss: 0.3966


Train Epoch: 8 [16/43 (33%)]	Loss: 0.141306
Train Epoch: 8 [33/43 (100%)]	Loss: 0.106043
Training set: Average loss: 0.1192
Time taken for epoch =  38.728209018707275
Validation set: Average loss: 0.4832


Train Epoch: 9 [16/43 (33%)]	Loss: 0.118248
Train Epoch: 9 [33/43 (100%)]	Loss: 0.072110
Training set: Average loss: 0.0978
Time taken for epoch =  38.5551061630249
Validation set: Average loss: 0.4280


Train Epoch: 10 [16/43 (33%)]	Loss: 0.094811
Train Epoch: 10 [33/43 (100%)]	Loss: 0.093975
Training set: Average loss: 0.0882
Time taken for epoch =  38.533941984176636
Validation set: Average loss: 0.5486


Train Epoch: 11 [16/43 (33%)]	Loss: 0.082209
Train Epoch: 11 [33/43 (100%)]	Loss: 0.067981
Training set: Average loss: 0.0760
Time taken for epoch =  38.36748695373535
Validation set: Average loss: 0.3594


Train Epoch: 12 [16/43 (33%)]	Loss: 0.073032
Train Epoch: 12 [33/43 (100%)]	Loss: 0.042507
Training set: Average loss: 0.0670
Time taken for epoch =  38.36741280555725
Validation set: Average loss: 0.1408


Train Epoch: 13 [16/43 (33%)]	Loss: 0.067078
Train Epoch: 13 [33/43 (100%)]	Loss: 0.059787
Training set: Average loss: 0.0640
Time taken for epoch =  39.91547989845276
Validation set: Average loss: 0.0711


Train Epoch: 14 [16/43 (33%)]	Loss: 0.048623
Train Epoch: 14 [33/43 (100%)]	Loss: 0.073642
Training set: Average loss: 0.0616
Time taken for epoch =  87.40760159492493
Validation set: Average loss: 0.0478


Train Epoch: 15 [16/43 (33%)]	Loss: 0.069884
Train Epoch: 15 [33/43 (100%)]	Loss: 0.054043
Training set: Average loss: 0.0566
Time taken for epoch =  109.49648594856262
Validation set: Average loss: 0.0468


Train Epoch: 16 [16/43 (33%)]	Loss: 0.043190
Train Epoch: 16 [33/43 (100%)]	Loss: 0.071734
Training set: Average loss: 0.0565
Time taken for epoch =  106.80911207199097
Validation set: Average loss: 0.0405


Train Epoch: 17 [16/43 (33%)]	Loss: 0.054509
Train Epoch: 17 [33/43 (100%)]	Loss: 0.046507
Training set: Average loss: 0.0521
Time taken for epoch =  129.899555683136
Validation set: Average loss: 0.0408


Train Epoch: 18 [16/43 (33%)]	Loss: 0.052412
Train Epoch: 18 [33/43 (100%)]	Loss: 0.065921
Training set: Average loss: 0.0528
Time taken for epoch =  162.0278298854828
Validation set: Average loss: 0.0360


Train Epoch: 19 [16/43 (33%)]	Loss: 0.024402
Train Epoch: 19 [33/43 (100%)]	Loss: 0.061823
Training set: Average loss: 0.0515
Time taken for epoch =  163.90061736106873
Validation set: Average loss: 0.0326


Train Epoch: 20 [16/43 (33%)]	Loss: 0.065167
Train Epoch: 20 [33/43 (100%)]	Loss: 0.063669
Training set: Average loss: 0.0503
Time taken for epoch =  162.65725469589233
Validation set: Average loss: 0.0345


Train Epoch: 21 [16/43 (33%)]	Loss: 0.049355
Train Epoch: 21 [33/43 (100%)]	Loss: 0.041971
Training set: Average loss: 0.0474
Time taken for epoch =  164.32443165779114
Validation set: Average loss: 0.0308


Train Epoch: 22 [16/43 (33%)]	Loss: 0.066418
Train Epoch: 22 [33/43 (100%)]	Loss: 0.020467
Training set: Average loss: 0.0454
Time taken for epoch =  160.52046084403992
Validation set: Average loss: 0.0477


Train Epoch: 23 [16/43 (33%)]	Loss: 0.077506
Train Epoch: 23 [33/43 (100%)]	Loss: 0.020127
Training set: Average loss: 0.0449
Time taken for epoch =  160.86883449554443
Validation set: Average loss: 0.0325


Train Epoch: 24 [16/43 (33%)]	Loss: 0.033170
Train Epoch: 24 [33/43 (100%)]	Loss: 0.065251
Training set: Average loss: 0.0485
Time taken for epoch =  160.24693536758423
Validation set: Average loss: 0.0292


Train Epoch: 25 [16/43 (33%)]	Loss: 0.035704
Train Epoch: 25 [33/43 (100%)]	Loss: 0.060705
Training set: Average loss: 0.0483
Time taken for epoch =  161.99632120132446
Validation set: Average loss: 0.0251


Train Epoch: 26 [16/43 (33%)]	Loss: 0.048379
Train Epoch: 26 [33/43 (100%)]	Loss: 0.060839
Training set: Average loss: 0.0480
Time taken for epoch =  164.30764985084534
Validation set: Average loss: 0.0269


Train Epoch: 27 [16/43 (33%)]	Loss: 0.048723
Train Epoch: 27 [33/43 (100%)]	Loss: 0.020419
Training set: Average loss: 0.0434
Time taken for epoch =  161.5162672996521
Validation set: Average loss: 0.0248


Train Epoch: 28 [16/43 (33%)]	Loss: 0.058940
Train Epoch: 28 [33/43 (100%)]	Loss: 0.042741
Training set: Average loss: 0.0454
Time taken for epoch =  159.5486867427826
Validation set: Average loss: 0.0256


Train Epoch: 29 [16/43 (33%)]	Loss: 0.019108
Train Epoch: 29 [33/43 (100%)]	Loss: 0.101950
Training set: Average loss: 0.0516
Time taken for epoch =  159.12776851654053
Validation set: Average loss: 0.0264


Train Epoch: 30 [16/43 (33%)]	Loss: 0.018708
Train Epoch: 30 [33/43 (100%)]	Loss: 0.040027
Training set: Average loss: 0.0446
Time taken for epoch =  159.87994527816772
Validation set: Average loss: 0.0283


Train Epoch: 31 [16/43 (33%)]	Loss: 0.032047
Train Epoch: 31 [33/43 (100%)]	Loss: 0.057018
Training set: Average loss: 0.0459
Time taken for epoch =  159.61441159248352
Validation set: Average loss: 0.0260


Train Epoch: 32 [16/43 (33%)]	Loss: 0.046764
Train Epoch: 32 [33/43 (100%)]	Loss: 0.059020
Training set: Average loss: 0.0462
Time taken for epoch =  161.05939388275146
Validation set: Average loss: 0.0261


Train Epoch: 33 [16/43 (33%)]	Loss: 0.033229
Train Epoch: 33 [33/43 (100%)]	Loss: 0.034707
Training set: Average loss: 0.0426
Time taken for epoch =  158.08558130264282
Validation set: Average loss: 0.0256


Train Epoch: 34 [16/43 (33%)]	Loss: 0.059363
Train Epoch: 34 [33/43 (100%)]	Loss: 0.036881
Training set: Average loss: 0.0424
Time taken for epoch =  158.34090042114258
Validation set: Average loss: 0.0232


Train Epoch: 35 [16/43 (33%)]	Loss: 0.058952
Train Epoch: 35 [33/43 (100%)]	Loss: 0.038998
Training set: Average loss: 0.0423
Time taken for epoch =  160.87121486663818
Validation set: Average loss: 0.0231


Train Epoch: 36 [16/43 (33%)]	Loss: 0.015478
Train Epoch: 36 [33/43 (100%)]	Loss: 0.034625
Training set: Average loss: 0.0418
Time taken for epoch =  154.55534839630127
Validation set: Average loss: 0.0228


Train Epoch: 37 [16/43 (33%)]	Loss: 0.043506
Train Epoch: 37 [33/43 (100%)]	Loss: 0.058316
Training set: Average loss: 0.0440
Time taken for epoch =  160.82061767578125
Validation set: Average loss: 0.0241


Train Epoch: 38 [16/43 (33%)]	Loss: 0.016113
Train Epoch: 38 [33/43 (100%)]	Loss: 0.037496
Training set: Average loss: 0.0417
Time taken for epoch =  159.1554081439972
Validation set: Average loss: 0.0232


Train Epoch: 39 [16/43 (33%)]	Loss: 0.043848
Train Epoch: 39 [33/43 (100%)]	Loss: 0.037962
Training set: Average loss: 0.0415
Time taken for epoch =  160.24811506271362
Validation set: Average loss: 0.0231


Train Epoch: 40 [16/43 (33%)]	Loss: 0.031669
Train Epoch: 40 [33/43 (100%)]	Loss: 0.035546
Training set: Average loss: 0.0413
Time taken for epoch =  157.90240359306335
Validation set: Average loss: 0.0242


Train Epoch: 41 [16/43 (33%)]	Loss: 0.071462
Train Epoch: 41 [33/43 (100%)]	Loss: 0.014434
Training set: Average loss: 0.0390
Time taken for epoch =  160.6092131137848
Validation set: Average loss: 0.0240


Train Epoch: 42 [16/43 (33%)]	Loss: 0.045130
Train Epoch: 42 [33/43 (100%)]	Loss: 0.054626
Training set: Average loss: 0.0428
Time taken for epoch =  161.2567174434662
Validation set: Average loss: 0.0248


Train Epoch: 43 [16/43 (33%)]	Loss: 0.056673
Train Epoch: 43 [33/43 (100%)]	Loss: 0.035884
Training set: Average loss: 0.0409
Time taken for epoch =  162.15860843658447
Validation set: Average loss: 0.0230


Train Epoch: 44 [16/43 (33%)]	Loss: 0.041626
Train Epoch: 44 [33/43 (100%)]	Loss: 0.035857
Training set: Average loss: 0.0408
Time taken for epoch =  160.93967962265015
Validation set: Average loss: 0.0225


Train Epoch: 45 [16/43 (33%)]	Loss: 0.030436
Train Epoch: 45 [33/43 (100%)]	Loss: 0.055633
Training set: Average loss: 0.0431
Time taken for epoch =  160.78511881828308
Validation set: Average loss: 0.0228


Train Epoch: 46 [16/43 (33%)]	Loss: 0.042435
Train Epoch: 46 [33/43 (100%)]	Loss: 0.036446
Training set: Average loss: 0.0411
Time taken for epoch =  159.801522731781
Validation set: Average loss: 0.0246


Train Epoch: 47 [16/43 (33%)]	Loss: 0.029449
Train Epoch: 47 [33/43 (100%)]	Loss: 0.038524
Training set: Average loss: 0.0414
Time taken for epoch =  161.06862020492554
Validation set: Average loss: 0.0264


Train Epoch: 48 [16/43 (33%)]	Loss: 0.015074
Train Epoch: 48 [33/43 (100%)]	Loss: 0.036467
Training set: Average loss: 0.0411
Time taken for epoch =  159.82127904891968
Validation set: Average loss: 0.0225


Train Epoch: 49 [16/43 (33%)]	Loss: 0.031187
Train Epoch: 49 [33/43 (100%)]	Loss: 0.075097
Training set: Average loss: 0.0453
Time taken for epoch =  162.48946237564087
Validation set: Average loss: 0.0238


Train Epoch: 50 [16/43 (33%)]	Loss: 0.031261
Train Epoch: 50 [33/43 (100%)]	Loss: 0.036223
Training set: Average loss: 0.0406
Time taken for epoch =  154.80444288253784
Validation set: Average loss: 0.0246


Train Epoch: 51 [16/43 (33%)]	Loss: 0.040707
Train Epoch: 51 [33/43 (100%)]	Loss: 0.057688
Training set: Average loss: 0.0423
Time taken for epoch =  127.6970694065094
Validation set: Average loss: 0.0227


Train Epoch: 52 [16/43 (33%)]	Loss: 0.056006
Train Epoch: 52 [33/43 (100%)]	Loss: 0.054972
Training set: Average loss: 0.0421
Time taken for epoch =  143.23912167549133
Validation set: Average loss: 0.0231


Train Epoch: 53 [16/43 (33%)]	Loss: 0.042922
Train Epoch: 53 [33/43 (100%)]	Loss: 0.038025
Training set: Average loss: 0.0405
Time taken for epoch =  116.24290204048157
Validation set: Average loss: 0.0219


Train Epoch: 54 [16/43 (33%)]	Loss: 0.052653
Train Epoch: 54 [33/43 (100%)]	Loss: 0.038987
Training set: Average loss: 0.0402
Time taken for epoch =  96.7999062538147
Validation set: Average loss: 0.0719


Train Epoch: 55 [16/43 (33%)]	Loss: 0.040137
Train Epoch: 55 [33/43 (100%)]	Loss: 0.037890
Training set: Average loss: 0.0410
Time taken for epoch =  100.87559175491333
Validation set: Average loss: 0.0234


Train Epoch: 56 [16/43 (33%)]	Loss: 0.045524
Train Epoch: 56 [33/43 (100%)]	Loss: 0.055234
Training set: Average loss: 0.0435
Time taken for epoch =  193.04076504707336
Validation set: Average loss: 0.0230


Train Epoch: 57 [16/43 (33%)]	Loss: 0.043855
Train Epoch: 57 [33/43 (100%)]	Loss: 0.058448
Training set: Average loss: 0.0431
Time taken for epoch =  198.25716924667358
Validation set: Average loss: 0.0236


Train Epoch: 58 [16/43 (33%)]	Loss: 0.029621
Train Epoch: 58 [33/43 (100%)]	Loss: 0.032931
Training set: Average loss: 0.0405
Time taken for epoch =  203.04451632499695
Validation set: Average loss: 0.0222


Train Epoch: 59 [16/43 (33%)]	Loss: 0.043262
Train Epoch: 59 [33/43 (100%)]	Loss: 0.019424
Training set: Average loss: 0.0398
Time taken for epoch =  195.73502945899963
Validation set: Average loss: 0.0223


Train Epoch: 60 [16/43 (33%)]	Loss: 0.058103
Train Epoch: 60 [33/43 (100%)]	Loss: 0.015415
Training set: Average loss: 0.0397
Time taken for epoch =  138.60251450538635
Validation set: Average loss: 0.0237


Losses Information (train, val):  [[0.4379219  0.34221378 0.2956507  0.25151423 0.21259339 0.17755003
  0.14556135 0.11916598 0.09784991 0.08820939 0.0760266  0.06702232
  0.06401664 0.06159854 0.05664558 0.05650318 0.05210679 0.05283542
  0.05148903 0.05032997 0.04739234 0.04538509 0.04492921 0.04847565
  0.04834679 0.04802008 0.04344322 0.04536316 0.05159699 0.04460524
  0.04586684 0.04620856 0.04263682 0.04242483 0.04226142 0.04181862
  0.04398525 0.04168921 0.04148554 0.04130057 0.0390167  0.04276466
  0.04091043 0.04077094 0.0430827  0.04105823 0.04135719 0.04106336
  0.04525567 0.04063742 0.04226981 0.0420569  0.0404937  0.04016683
  0.04103685 0.0435012  0.04314135 0.04049737 0.03977815 0.03968031]
 [0.5779081  0.5779287  0.57946837 0.3401781  0.5917725  0.31147102
  0.39661258 0.48323324 0.42798036 0.5485903  0.35942212 0.14083792
  0.07107594 0.04777691 0.0468455  0.04050532 0.04079408 0.03601074
  0.03258807 0.03453456 0.03081571 0.04771311 0.03250129 0.02920666
  0.02514618 0.02688606 0.02484176 0.02558513 0.02644909 0.02829585
  0.02604913 0.02613012 0.02561856 0.02322875 0.02308221 0.02279969
  0.0241342  0.02315091 0.02313935 0.02416758 0.02395303 0.02477629
  0.02303892 0.02245167 0.0228193  0.02455947 0.0263519  0.02246347
  0.02377194 0.02460118 0.02269517 0.0231343  0.02186697 0.07186675
  0.02342131 0.02295126 0.02359183 0.02218359 0.02230266 0.0236726 ]]
Dice Value:  0.9741551280021667
IoU Score:  0.949641764163971
File Source:  IOP
Augmentation Type:  Flip
********************Do Flip********************
********************Do Preprocess********************
********************Do Augmentation********************
Training:   43
Validation:  14
Test:       14
Trainable params:  5647874
######   Loss Function is ###### Dice Loss
Train Epoch: 1 [16/43 (33%)]	Loss: 0.531954
Train Epoch: 1 [33/43 (100%)]	Loss: 0.426249
Training set: Average loss: 0.4850
Time taken for epoch =  137.61886072158813
Validation set: Average loss: 0.5915


Train Epoch: 2 [16/43 (33%)]	Loss: 0.395089
Train Epoch: 2 [33/43 (100%)]	Loss: 0.369703
Training set: Average loss: 0.3805
Time taken for epoch =  122.9295163154602
Validation set: Average loss: 0.9751


Train Epoch: 3 [16/43 (33%)]	Loss: 0.352260
Train Epoch: 3 [33/43 (100%)]	Loss: 0.333242
Training set: Average loss: 0.3416
Time taken for epoch =  84.30122470855713
Validation set: Average loss: 0.5900


Train Epoch: 4 [16/43 (33%)]	Loss: 0.308948
Train Epoch: 4 [33/43 (100%)]	Loss: 0.301830
Training set: Average loss: 0.3042
Time taken for epoch =  106.13257431983948
Validation set: Average loss: 0.5947


Train Epoch: 5 [16/43 (33%)]	Loss: 0.271828
Train Epoch: 5 [33/43 (100%)]	Loss: 0.248972
Training set: Average loss: 0.2628
Time taken for epoch =  104.3038055896759
Validation set: Average loss: 0.5971


Train Epoch: 6 [16/43 (33%)]	Loss: 0.234791
Train Epoch: 6 [33/43 (100%)]	Loss: 0.210913
Training set: Average loss: 0.2255
Time taken for epoch =  102.16755509376526
Validation set: Average loss: 0.6621


Train Epoch: 7 [16/43 (33%)]	Loss: 0.192434
Train Epoch: 7 [33/43 (100%)]	Loss: 0.160824
Training set: Average loss: 0.1863
Time taken for epoch =  100.79712104797363
Validation set: Average loss: 0.3697


Train Epoch: 8 [16/43 (33%)]	Loss: 0.174065
Train Epoch: 8 [33/43 (100%)]	Loss: 0.133014
Training set: Average loss: 0.1538
Time taken for epoch =  184.69014406204224
Validation set: Average loss: 0.2809


Train Epoch: 9 [16/43 (33%)]	Loss: 0.133564
Train Epoch: 9 [33/43 (100%)]	Loss: 0.101412
Training set: Average loss: 0.1233
Time taken for epoch =  195.42212677001953
Validation set: Average loss: 0.2614


Train Epoch: 10 [16/43 (33%)]	Loss: 0.123714
Train Epoch: 10 [33/43 (100%)]	Loss: 0.089676
Training set: Average loss: 0.1004
Time taken for epoch =  194.31526613235474
Validation set: Average loss: 0.2643


Train Epoch: 11 [16/43 (33%)]	Loss: 0.088038
Train Epoch: 11 [33/43 (100%)]	Loss: 0.074814
Training set: Average loss: 0.0826
Time taken for epoch =  193.50966095924377
Validation set: Average loss: 0.1959


Train Epoch: 12 [16/43 (33%)]	Loss: 0.073266
Train Epoch: 12 [33/43 (100%)]	Loss: 0.057624
Training set: Average loss: 0.0685
Time taken for epoch =  201.2785816192627
Validation set: Average loss: 0.1714


Train Epoch: 13 [16/43 (33%)]	Loss: 0.082458
Train Epoch: 13 [33/43 (100%)]	Loss: 0.043314
Training set: Average loss: 0.0581
Time taken for epoch =  199.37472486495972
Validation set: Average loss: 0.1428


Train Epoch: 14 [16/43 (33%)]	Loss: 0.055682
Train Epoch: 14 [33/43 (100%)]	Loss: 0.043561
Training set: Average loss: 0.0532
Time taken for epoch =  194.81956315040588
Validation set: Average loss: 0.1525


Train Epoch: 15 [16/43 (33%)]	Loss: 0.048680
Train Epoch: 15 [33/43 (100%)]	Loss: 0.043045
Training set: Average loss: 0.0473
Time taken for epoch =  183.4344413280487
Validation set: Average loss: 0.1080


Train Epoch: 16 [16/43 (33%)]	Loss: 0.052635
Train Epoch: 16 [33/43 (100%)]	Loss: 0.048299
Training set: Average loss: 0.0447
Time taken for epoch =  201.25336003303528
Validation set: Average loss: 0.1107


Train Epoch: 17 [16/43 (33%)]	Loss: 0.043941
Train Epoch: 17 [33/43 (100%)]	Loss: 0.052660
Training set: Average loss: 0.0432
Time taken for epoch =  196.15210628509521
Validation set: Average loss: 0.1113


Train Epoch: 18 [16/43 (33%)]	Loss: 0.034494
Train Epoch: 18 [33/43 (100%)]	Loss: 0.028873
Training set: Average loss: 0.0387
Time taken for epoch =  196.72276258468628
Validation set: Average loss: 0.1078


Train Epoch: 19 [16/43 (33%)]	Loss: 0.042126
Train Epoch: 19 [33/43 (100%)]	Loss: 0.042928
Training set: Average loss: 0.0389
Time taken for epoch =  192.7732458114624
Validation set: Average loss: 0.0701


Train Epoch: 20 [16/43 (33%)]	Loss: 0.029284
Train Epoch: 20 [33/43 (100%)]	Loss: 0.043718
Training set: Average loss: 0.0375
Time taken for epoch =  198.04150295257568
Validation set: Average loss: 0.0609


Train Epoch: 21 [16/43 (33%)]	Loss: 0.022715
Train Epoch: 21 [33/43 (100%)]	Loss: 0.031582
Training set: Average loss: 0.0352
Time taken for epoch =  189.92567467689514
Validation set: Average loss: 0.0610


Train Epoch: 22 [16/43 (33%)]	Loss: 0.023871
Train Epoch: 22 [33/43 (100%)]	Loss: 0.049987
Training set: Average loss: 0.0364
Time taken for epoch =  199.63955950737
Validation set: Average loss: 0.0616


Train Epoch: 23 [16/43 (33%)]	Loss: 0.022598
Train Epoch: 23 [33/43 (100%)]	Loss: 0.043988
Training set: Average loss: 0.0353
Time taken for epoch =  198.5776071548462
Validation set: Average loss: 0.0591


Train Epoch: 24 [16/43 (33%)]	Loss: 0.049892
Train Epoch: 24 [33/43 (100%)]	Loss: 0.020097
Training set: Average loss: 0.0324
Time taken for epoch =  190.84343886375427
Validation set: Average loss: 0.0579


Train Epoch: 25 [16/43 (33%)]	Loss: 0.020227
Train Epoch: 25 [33/43 (100%)]	Loss: 0.027244
Training set: Average loss: 0.0321
Time taken for epoch =  196.14473342895508
Validation set: Average loss: 0.0569


Train Epoch: 26 [16/43 (33%)]	Loss: 0.025386
Train Epoch: 26 [33/43 (100%)]	Loss: 0.041150
Training set: Average loss: 0.0328
Time taken for epoch =  203.8532898426056
Validation set: Average loss: 0.0580


Train Epoch: 27 [16/43 (33%)]	Loss: 0.034346
Train Epoch: 27 [33/43 (100%)]	Loss: 0.025580
Training set: Average loss: 0.0312
Time taken for epoch =  200.24005365371704
Validation set: Average loss: 0.0547


Train Epoch: 28 [16/43 (33%)]	Loss: 0.035291
Train Epoch: 28 [33/43 (100%)]	Loss: 0.018933
Training set: Average loss: 0.0302
Time taken for epoch =  208.6173872947693
Validation set: Average loss: 0.0545


Train Epoch: 29 [16/43 (33%)]	Loss: 0.018465
Train Epoch: 29 [33/43 (100%)]	Loss: 0.039399
Training set: Average loss: 0.0313
Time taken for epoch =  204.71341228485107
Validation set: Average loss: 0.0548


Train Epoch: 30 [16/43 (33%)]	Loss: 0.020342
Train Epoch: 30 [33/43 (100%)]	Loss: 0.039997
Training set: Average loss: 0.0316
Time taken for epoch =  202.079576253891
Validation set: Average loss: 0.0536


Train Epoch: 31 [16/43 (33%)]	Loss: 0.029927
Train Epoch: 31 [33/43 (100%)]	Loss: 0.039848
Training set: Average loss: 0.0305
Time taken for epoch =  211.51838493347168
Validation set: Average loss: 0.0546


Train Epoch: 32 [16/43 (33%)]	Loss: 0.032897
Train Epoch: 32 [33/43 (100%)]	Loss: 0.037599
Training set: Average loss: 0.0309
Time taken for epoch =  202.18946242332458
Validation set: Average loss: 0.0536


Train Epoch: 33 [16/43 (33%)]	Loss: 0.021037
Train Epoch: 33 [33/43 (100%)]	Loss: 0.038865
Training set: Average loss: 0.0305
Time taken for epoch =  209.10098147392273
Validation set: Average loss: 0.0529


Train Epoch: 34 [16/43 (33%)]	Loss: 0.029850
Train Epoch: 34 [33/43 (100%)]	Loss: 0.017309
Training set: Average loss: 0.0276
Time taken for epoch =  208.59231519699097
Validation set: Average loss: 0.0533


Train Epoch: 35 [16/43 (33%)]	Loss: 0.020902
Train Epoch: 35 [33/43 (100%)]	Loss: 0.038376
Training set: Average loss: 0.0294
Time taken for epoch =  214.391503572464
Validation set: Average loss: 0.0532


Train Epoch: 36 [16/43 (33%)]	Loss: 0.016845
Train Epoch: 36 [33/43 (100%)]	Loss: 0.038240
Training set: Average loss: 0.0296
Time taken for epoch =  207.02769684791565
Validation set: Average loss: 0.0543


Train Epoch: 37 [16/43 (33%)]	Loss: 0.028973
Train Epoch: 37 [33/43 (100%)]	Loss: 0.016576
Training set: Average loss: 0.0275
Time taken for epoch =  203.92258191108704
Validation set: Average loss: 0.0523


Train Epoch: 38 [16/43 (33%)]	Loss: 0.031963
Train Epoch: 38 [33/43 (100%)]	Loss: 0.045355
Training set: Average loss: 0.0311
Time taken for epoch =  207.2380154132843
Validation set: Average loss: 0.0519


Train Epoch: 39 [16/43 (33%)]	Loss: 0.030790
Train Epoch: 39 [33/43 (100%)]	Loss: 0.016938
Training set: Average loss: 0.0269
Time taken for epoch =  177.47291588783264
Validation set: Average loss: 0.0512


Train Epoch: 40 [16/43 (33%)]	Loss: 0.034180
Train Epoch: 40 [33/43 (100%)]	Loss: 0.015988
Training set: Average loss: 0.0264
Time taken for epoch =  139.262122631073
Validation set: Average loss: 0.0519


Train Epoch: 41 [16/43 (33%)]	Loss: 0.047382
Train Epoch: 41 [33/43 (100%)]	Loss: 0.015612
Training set: Average loss: 0.0264
Time taken for epoch =  201.11830949783325
Validation set: Average loss: 0.0513


Train Epoch: 42 [16/43 (33%)]	Loss: 0.033188
Train Epoch: 42 [33/43 (100%)]	Loss: 0.016049
Training set: Average loss: 0.0265
Time taken for epoch =  203.12669157981873
Validation set: Average loss: 0.0519


Train Epoch: 43 [16/43 (33%)]	Loss: 0.030419
Train Epoch: 43 [33/43 (100%)]	Loss: 0.021312
Training set: Average loss: 0.0266
Time taken for epoch =  198.3503339290619
Validation set: Average loss: 0.0525


Train Epoch: 44 [16/43 (33%)]	Loss: 0.020735
Train Epoch: 44 [33/43 (100%)]	Loss: 0.015850
Training set: Average loss: 0.0263
Time taken for epoch =  209.60734629631042
Validation set: Average loss: 0.0526


Train Epoch: 45 [16/43 (33%)]	Loss: 0.030880
Train Epoch: 45 [33/43 (100%)]	Loss: 0.033169
Training set: Average loss: 0.0279
Time taken for epoch =  197.3756880760193
Validation set: Average loss: 0.0535


Train Epoch: 46 [16/43 (33%)]	Loss: 0.031687
Train Epoch: 46 [33/43 (100%)]	Loss: 0.016357
Training set: Average loss: 0.0259
Time taken for epoch =  203.2605378627777
Validation set: Average loss: 0.0511


Train Epoch: 47 [16/43 (33%)]	Loss: 0.019771
Train Epoch: 47 [33/43 (100%)]	Loss: 0.036686
Training set: Average loss: 0.0279
Time taken for epoch =  199.9932951927185
Validation set: Average loss: 0.0551


Train Epoch: 48 [16/43 (33%)]	Loss: 0.034773
Train Epoch: 48 [33/43 (100%)]	Loss: 0.018162
Training set: Average loss: 0.0267
Time taken for epoch =  168.61029076576233
Validation set: Average loss: 0.0505


Train Epoch: 49 [16/43 (33%)]	Loss: 0.019880
Train Epoch: 49 [33/43 (100%)]	Loss: 0.015191
Training set: Average loss: 0.0261
Time taken for epoch =  175.08880257606506
Validation set: Average loss: 0.0520


Train Epoch: 50 [16/43 (33%)]	Loss: 0.019464
Train Epoch: 50 [33/43 (100%)]	Loss: 0.015614
Training set: Average loss: 0.0256
Time taken for epoch =  198.63887095451355
Validation set: Average loss: 0.0551


Train Epoch: 51 [16/43 (33%)]	Loss: 0.013987
Train Epoch: 51 [33/43 (100%)]	Loss: 0.033375
Training set: Average loss: 0.0271
Time taken for epoch =  195.5478789806366
Validation set: Average loss: 0.0510


Train Epoch: 52 [16/43 (33%)]	Loss: 0.026830
Train Epoch: 52 [33/43 (100%)]	Loss: 0.013966
Training set: Average loss: 0.0250
Time taken for epoch =  204.40458869934082
Validation set: Average loss: 0.0502


Train Epoch: 53 [16/43 (33%)]	Loss: 0.029813
Train Epoch: 53 [33/43 (100%)]	Loss: 0.033290
Training set: Average loss: 0.0272
Time taken for epoch =  196.47217559814453
Validation set: Average loss: 0.0506


Train Epoch: 54 [16/43 (33%)]	Loss: 0.014421
Train Epoch: 54 [33/43 (100%)]	Loss: 0.020349
Training set: Average loss: 0.0254
Time taken for epoch =  197.65485095977783
Validation set: Average loss: 0.0511


Train Epoch: 55 [16/43 (33%)]	Loss: 0.041524
Train Epoch: 55 [33/43 (100%)]	Loss: 0.019524
Training set: Average loss: 0.0251
Time taken for epoch =  195.15682196617126
Validation set: Average loss: 0.0503


Train Epoch: 56 [16/43 (33%)]	Loss: 0.029063
Train Epoch: 56 [33/43 (100%)]	Loss: 0.032973
Training set: Average loss: 0.0267
Time taken for epoch =  199.37461709976196
Validation set: Average loss: 0.0497


Train Epoch: 57 [16/43 (33%)]	Loss: 0.030867
Train Epoch: 57 [33/43 (100%)]	Loss: 0.034672
Training set: Average loss: 0.0264
Time taken for epoch =  195.62162566184998
Validation set: Average loss: 0.0529


Train Epoch: 58 [16/43 (33%)]	Loss: 0.028548
Train Epoch: 58 [33/43 (100%)]	Loss: 0.014552
Training set: Average loss: 0.0242
Time taken for epoch =  196.93449783325195
Validation set: Average loss: 0.0504


Train Epoch: 59 [16/43 (33%)]	Loss: 0.027712
Train Epoch: 59 [33/43 (100%)]	Loss: 0.015013
Training set: Average loss: 0.0239
Time taken for epoch =  199.97426986694336
Validation set: Average loss: 0.0531


Train Epoch: 60 [16/43 (33%)]	Loss: 0.014603
Train Epoch: 60 [33/43 (100%)]	Loss: 0.053494
Training set: Average loss: 0.0284
Time taken for epoch =  192.0863585472107
Validation set: Average loss: 0.0516


Losses Information (train, val):  [[0.48497918 0.38048568 0.3416121  0.3041819  0.26277277 0.22550313
  0.18631339 0.15382749 0.12325543 0.10044254 0.08256803 0.06849948
  0.0580867  0.05322654 0.04725218 0.04473169 0.04318666 0.03867951
  0.03889285 0.03750984 0.03524702 0.03640889 0.03526447 0.03241907
  0.03207027 0.03284815 0.03120626 0.03023485 0.03129843 0.03159642
  0.03052421 0.03085028 0.0304751  0.02761991 0.02943867 0.02955418
  0.02747203 0.03114688 0.02690516 0.0264101  0.02635612 0.026462
  0.02663834 0.02631419 0.02792631 0.02592715 0.02790301 0.02673284
  0.02614734 0.02560211 0.02710252 0.02498559 0.02721984 0.02543956
  0.02506933 0.02666708 0.02644368 0.02417516 0.02394932 0.02837755]
 [0.5914776  0.9751152  0.59003836 0.5946994  0.5970704  0.66214365
  0.36972922 0.28094953 0.26139405 0.26431218 0.19587676 0.17135479
  0.14277266 0.15251489 0.10802133 0.11068254 0.11126596 0.10778504
  0.07014202 0.06089779 0.06096068 0.06156338 0.05911037 0.05785751
  0.05689043 0.05801356 0.0546981  0.05452099 0.05477773 0.05363619
  0.05455706 0.05362662 0.05291822 0.05331687 0.05315831 0.05431227
  0.05234194 0.05190357 0.05122546 0.05187868 0.05126692 0.05187517
  0.05250537 0.05263862 0.05349674 0.05108009 0.055078   0.05052484
  0.05196765 0.05509284 0.05101231 0.05024178 0.05056421 0.05110874
  0.05032777 0.04967907 0.05287847 0.05039765 0.05310582 0.05164396]]
Dice Value:  0.9561856985092163
IoU Score:  0.9234954118728638
File Source:  IOP
Augmentation Type:  Motion
********************Do Motion********************
********************Do Preprocess********************
********************Do Augmentation********************
Training:   43
Validation:  14
Test:       14
Trainable params:  5647874
######   Loss Function is ###### Dice Loss
Train Epoch: 1 [16/43 (33%)]	Loss: 0.513144
Train Epoch: 1 [33/43 (100%)]	Loss: 0.430567
Training set: Average loss: 0.4843
Time taken for epoch =  200.85901951789856
Validation set: Average loss: 0.5778


Train Epoch: 2 [16/43 (33%)]	Loss: 0.409807
Train Epoch: 2 [33/43 (100%)]	Loss: 0.384347
Training set: Average loss: 0.3969
Time taken for epoch =  204.9677219390869
Validation set: Average loss: 0.5778


Train Epoch: 3 [16/43 (33%)]	Loss: 0.364542
Train Epoch: 3 [33/43 (100%)]	Loss: 0.339620
Training set: Average loss: 0.3523
Time taken for epoch =  201.82783341407776
Validation set: Average loss: 0.6231


Train Epoch: 4 [16/43 (33%)]	Loss: 0.323053
Train Epoch: 4 [33/43 (100%)]	Loss: 0.308072
Training set: Average loss: 0.3136
Time taken for epoch =  205.0435082912445
Validation set: Average loss: 0.7871


Train Epoch: 5 [16/43 (33%)]	Loss: 0.291640
Train Epoch: 5 [33/43 (100%)]	Loss: 0.257623
Training set: Average loss: 0.2764
Time taken for epoch =  212.747389793396
Validation set: Average loss: 0.7742


Train Epoch: 6 [16/43 (33%)]	Loss: 0.249833
Train Epoch: 6 [33/43 (100%)]	Loss: 0.218782
Training set: Average loss: 0.2392
Time taken for epoch =  205.8383927345276
Validation set: Average loss: 0.6827


Train Epoch: 7 [16/43 (33%)]	Loss: 0.208303
Train Epoch: 7 [33/43 (100%)]	Loss: 0.191348
Training set: Average loss: 0.2034
Time taken for epoch =  213.89668154716492
Validation set: Average loss: 0.4624


Train Epoch: 8 [16/43 (33%)]	Loss: 0.183433
Train Epoch: 8 [33/43 (100%)]	Loss: 0.173346
Training set: Average loss: 0.1768
Time taken for epoch =  220.2358889579773
Validation set: Average loss: 0.4042


Train Epoch: 9 [16/43 (33%)]	Loss: 0.152809
Train Epoch: 9 [33/43 (100%)]	Loss: 0.149164
Training set: Average loss: 0.1461
Time taken for epoch =  208.80933332443237
Validation set: Average loss: 0.3470


Train Epoch: 10 [16/43 (33%)]	Loss: 0.129586
Train Epoch: 10 [33/43 (100%)]	Loss: 0.134861
Training set: Average loss: 0.1347
Time taken for epoch =  196.54573345184326
Validation set: Average loss: 0.3065


Train Epoch: 11 [16/43 (33%)]	Loss: 0.116062
Train Epoch: 11 [33/43 (100%)]	Loss: 0.087516
Training set: Average loss: 0.1087
Time taken for epoch =  174.4709439277649
Validation set: Average loss: 0.5134


Train Epoch: 12 [16/43 (33%)]	Loss: 0.085714
Train Epoch: 12 [33/43 (100%)]	Loss: 0.103950
Training set: Average loss: 0.0896
Time taken for epoch =  169.12830567359924
Validation set: Average loss: 0.3252


Train Epoch: 13 [16/43 (33%)]	Loss: 0.079193
Train Epoch: 13 [33/43 (100%)]	Loss: 0.058986
Training set: Average loss: 0.0711
Time taken for epoch =  179.49885416030884
Validation set: Average loss: 0.3433


Train Epoch: 14 [16/43 (33%)]	Loss: 0.079415
Train Epoch: 14 [33/43 (100%)]	Loss: 0.049651
Training set: Average loss: 0.0615
Time taken for epoch =  186.02201628684998
Validation set: Average loss: 0.1280


Train Epoch: 15 [16/43 (33%)]	Loss: 0.057578
Train Epoch: 15 [33/43 (100%)]	Loss: 0.042621
Training set: Average loss: 0.0531
Time taken for epoch =  189.19859337806702
Validation set: Average loss: 0.0752


Train Epoch: 16 [16/43 (33%)]	Loss: 0.040584
Train Epoch: 16 [33/43 (100%)]	Loss: 0.037904
Training set: Average loss: 0.0474
Time taken for epoch =  192.48958134651184
Validation set: Average loss: 0.0620


Train Epoch: 17 [16/43 (33%)]	Loss: 0.037435
Train Epoch: 17 [33/43 (100%)]	Loss: 0.033796
Training set: Average loss: 0.0437
Time taken for epoch =  206.41606783866882
Validation set: Average loss: 0.0565


Train Epoch: 18 [16/43 (33%)]	Loss: 0.055764
Train Epoch: 18 [33/43 (100%)]	Loss: 0.032855
Training set: Average loss: 0.0422
Time taken for epoch =  202.97016859054565
Validation set: Average loss: 0.0422


Train Epoch: 19 [16/43 (33%)]	Loss: 0.032152
Train Epoch: 19 [33/43 (100%)]	Loss: 0.047166
Training set: Average loss: 0.0413
Time taken for epoch =  205.25824904441833
Validation set: Average loss: 0.0485


Train Epoch: 20 [16/43 (33%)]	Loss: 0.029562
Train Epoch: 20 [33/43 (100%)]	Loss: 0.065271
Training set: Average loss: 0.0406
Time taken for epoch =  205.5484561920166
Validation set: Average loss: 0.0392


Train Epoch: 21 [16/43 (33%)]	Loss: 0.055054
Train Epoch: 21 [33/43 (100%)]	Loss: 0.025873
Training set: Average loss: 0.0357
Time taken for epoch =  204.26832604408264
Validation set: Average loss: 0.0392


Train Epoch: 22 [16/43 (33%)]	Loss: 0.040257
Train Epoch: 22 [33/43 (100%)]	Loss: 0.025135
Training set: Average loss: 0.0342
Time taken for epoch =  205.7971739768982
Validation set: Average loss: 0.0352


Train Epoch: 23 [16/43 (33%)]	Loss: 0.037765
Train Epoch: 23 [33/43 (100%)]	Loss: 0.026339
Training set: Average loss: 0.0332
Time taken for epoch =  209.63405060768127
Validation set: Average loss: 0.0337


Train Epoch: 24 [16/43 (33%)]	Loss: 0.036123
Train Epoch: 24 [33/43 (100%)]	Loss: 0.043550
Training set: Average loss: 0.0340
Time taken for epoch =  200.29811930656433
Validation set: Average loss: 0.0327


Train Epoch: 25 [16/43 (33%)]	Loss: 0.021563
Train Epoch: 25 [33/43 (100%)]	Loss: 0.023152
Training set: Average loss: 0.0310
Time taken for epoch =  207.98476934432983
Validation set: Average loss: 0.0284


Train Epoch: 26 [16/43 (33%)]	Loss: 0.034030
Train Epoch: 26 [33/43 (100%)]	Loss: 0.021629
Training set: Average loss: 0.0301
Time taken for epoch =  205.61566710472107
Validation set: Average loss: 0.0286


Train Epoch: 27 [16/43 (33%)]	Loss: 0.021668
Train Epoch: 27 [33/43 (100%)]	Loss: 0.038463
Training set: Average loss: 0.0319
Time taken for epoch =  202.1301782131195
Validation set: Average loss: 0.0262


Train Epoch: 28 [16/43 (33%)]	Loss: 0.020479
Train Epoch: 28 [33/43 (100%)]	Loss: 0.039719
Training set: Average loss: 0.0316
Time taken for epoch =  208.3265540599823
Validation set: Average loss: 0.0271


Train Epoch: 29 [16/43 (33%)]	Loss: 0.019220
Train Epoch: 29 [33/43 (100%)]	Loss: 0.040651
Training set: Average loss: 0.0313
Time taken for epoch =  210.4033670425415
Validation set: Average loss: 0.0261


Train Epoch: 30 [16/43 (33%)]	Loss: 0.018942
Train Epoch: 30 [33/43 (100%)]	Loss: 0.044130
Training set: Average loss: 0.0314
Time taken for epoch =  227.7080261707306
Validation set: Average loss: 0.0254


Train Epoch: 31 [16/43 (33%)]	Loss: 0.018833
Train Epoch: 31 [33/43 (100%)]	Loss: 0.039938
Training set: Average loss: 0.0306
Time taken for epoch =  206.51724696159363
Validation set: Average loss: 0.0252


Train Epoch: 32 [16/43 (33%)]	Loss: 0.031589
Train Epoch: 32 [33/43 (100%)]	Loss: 0.018574
Training set: Average loss: 0.0276
Time taken for epoch =  178.98059344291687
Validation set: Average loss: 0.0246


Train Epoch: 33 [16/43 (33%)]	Loss: 0.019012
Train Epoch: 33 [33/43 (100%)]	Loss: 0.038338
Training set: Average loss: 0.0298
Time taken for epoch =  187.474543094635
Validation set: Average loss: 0.0240


Train Epoch: 34 [16/43 (33%)]	Loss: 0.030887
Train Epoch: 34 [33/43 (100%)]	Loss: 0.018465
Training set: Average loss: 0.0268
Time taken for epoch =  200.58949899673462
Validation set: Average loss: 0.0237


Train Epoch: 35 [16/43 (33%)]	Loss: 0.017285
Train Epoch: 35 [33/43 (100%)]	Loss: 0.018354
Training set: Average loss: 0.0269
Time taken for epoch =  172.4195795059204
Validation set: Average loss: 0.0239


Train Epoch: 36 [16/43 (33%)]	Loss: 0.016642
Train Epoch: 36 [33/43 (100%)]	Loss: 0.038640
Training set: Average loss: 0.0287
Time taken for epoch =  172.19489407539368
Validation set: Average loss: 0.0231


Train Epoch: 37 [16/43 (33%)]	Loss: 0.031070
Train Epoch: 37 [33/43 (100%)]	Loss: 0.018808
Training set: Average loss: 0.0266
Time taken for epoch =  191.43355751037598
Validation set: Average loss: 0.0226


Train Epoch: 38 [16/43 (33%)]	Loss: 0.017244
Train Epoch: 38 [33/43 (100%)]	Loss: 0.036373
Training set: Average loss: 0.0279
Time taken for epoch =  174.24690294265747
Validation set: Average loss: 0.0228


Train Epoch: 39 [16/43 (33%)]	Loss: 0.018050
Train Epoch: 39 [33/43 (100%)]	Loss: 0.034893
Training set: Average loss: 0.0277
Time taken for epoch =  176.9281280040741
Validation set: Average loss: 0.0231


Train Epoch: 40 [16/43 (33%)]	Loss: 0.043413
Train Epoch: 40 [33/43 (100%)]	Loss: 0.016664
Training set: Average loss: 0.0253
Time taken for epoch =  169.27950358390808
Validation set: Average loss: 0.0225


Train Epoch: 41 [16/43 (33%)]	Loss: 0.016687
Train Epoch: 41 [33/43 (100%)]	Loss: 0.033537
Training set: Average loss: 0.0271
Time taken for epoch =  176.55412483215332
Validation set: Average loss: 0.0222


Train Epoch: 42 [16/43 (33%)]	Loss: 0.015011
Train Epoch: 42 [33/43 (100%)]	Loss: 0.015886
Training set: Average loss: 0.0248
Time taken for epoch =  179.9523651599884
Validation set: Average loss: 0.0225


Train Epoch: 43 [16/43 (33%)]	Loss: 0.028117
Train Epoch: 43 [33/43 (100%)]	Loss: 0.035070
Training set: Average loss: 0.0265
Time taken for epoch =  175.97348642349243
Validation set: Average loss: 0.0225


Train Epoch: 44 [16/43 (33%)]	Loss: 0.016965
Train Epoch: 44 [33/43 (100%)]	Loss: 0.016054
Training set: Average loss: 0.0249
Time taken for epoch =  178.04642820358276
Validation set: Average loss: 0.0220


Train Epoch: 45 [16/43 (33%)]	Loss: 0.028135
Train Epoch: 45 [33/43 (100%)]	Loss: 0.015815
Training set: Average loss: 0.0250
Time taken for epoch =  171.60632705688477
Validation set: Average loss: 0.0217


Train Epoch: 46 [16/43 (33%)]	Loss: 0.029411
Train Epoch: 46 [33/43 (100%)]	Loss: 0.016284
Training set: Average loss: 0.0252
Time taken for epoch =  176.52565264701843
Validation set: Average loss: 0.0223


Train Epoch: 47 [16/43 (33%)]	Loss: 0.016964
Train Epoch: 47 [33/43 (100%)]	Loss: 0.055426
Training set: Average loss: 0.0298
Time taken for epoch =  190.1495544910431
Validation set: Average loss: 0.0240


Train Epoch: 48 [16/43 (33%)]	Loss: 0.028443
Train Epoch: 48 [33/43 (100%)]	Loss: 0.036271
Training set: Average loss: 0.0269
Time taken for epoch =  175.85457038879395
Validation set: Average loss: 0.0219


Train Epoch: 49 [16/43 (33%)]	Loss: 0.027221
