Do the loss
Batch_size:  6
Total_epochs:  50
Debug:  True
Augmenttion:  True
Preprocess:  True
Resolution Steps:  4
File Source:  ALL
Augmentation Type:  All
********************Do All********************
********************Do Preprocess********************
********************Do Augmentation********************
Training:   54
Validation:  18
Test:       18
Trainable params:  1413250
######   Loss Function is ######:  DiceCE_Loss
Train Epoch: 1 [6/54 (11%)]	Loss: 1.211393
Train Epoch: 1 [18/54 (33%)]	Loss: 1.036563
Train Epoch: 1 [30/54 (56%)]	Loss: 1.004684
Train Epoch: 1 [42/54 (78%)]	Loss: 0.994755
Train Epoch: 1 [54/54 (100%)]	Loss: 0.918870
Training set: Average loss: 1.0206
Time taken for epoch =  171.98296475410461
Validation set: Average loss: 1.0415


Train Epoch: 2 [6/54 (11%)]	Loss: 0.913430
Train Epoch: 2 [18/54 (33%)]	Loss: 0.895974
Train Epoch: 2 [30/54 (56%)]	Loss: 0.850340
Train Epoch: 2 [42/54 (78%)]	Loss: 0.790556
Train Epoch: 2 [54/54 (100%)]	Loss: 0.798809
Training set: Average loss: 0.8508
Time taken for epoch =  199.9061040878296
Validation set: Average loss: 0.9512


Train Epoch: 3 [6/54 (11%)]	Loss: 0.754261
Train Epoch: 3 [18/54 (33%)]	Loss: 0.734961
Train Epoch: 3 [30/54 (56%)]	Loss: 0.712390
Train Epoch: 3 [42/54 (78%)]	Loss: 0.664968
Train Epoch: 3 [54/54 (100%)]	Loss: 0.652307
Training set: Average loss: 0.7186
Time taken for epoch =  388.68530201911926
Validation set: Average loss: 0.6855


Train Epoch: 4 [6/54 (11%)]	Loss: 0.653100
Train Epoch: 4 [18/54 (33%)]	Loss: 0.652336
Train Epoch: 4 [30/54 (56%)]	Loss: 0.601968
Train Epoch: 4 [42/54 (78%)]	Loss: 0.588232
Train Epoch: 4 [54/54 (100%)]	Loss: 0.606732
Training set: Average loss: 0.6088
Time taken for epoch =  180.6686246395111
Validation set: Average loss: 0.6300


Train Epoch: 5 [6/54 (11%)]	Loss: 0.539739
Train Epoch: 5 [18/54 (33%)]	Loss: 0.544881
Train Epoch: 5 [30/54 (56%)]	Loss: 0.565748
Train Epoch: 5 [42/54 (78%)]	Loss: 0.508561
Train Epoch: 5 [54/54 (100%)]	Loss: 0.507154
Training set: Average loss: 0.5371
Time taken for epoch =  174.1040277481079
Validation set: Average loss: 0.6416


Train Epoch: 6 [6/54 (11%)]	Loss: 0.502654
Train Epoch: 6 [18/54 (33%)]	Loss: 0.483379
Train Epoch: 6 [30/54 (56%)]	Loss: 0.464676
Train Epoch: 6 [42/54 (78%)]	Loss: 0.469352
Train Epoch: 6 [54/54 (100%)]	Loss: 0.502193
Training set: Average loss: 0.4887
Time taken for epoch =  168.27212929725647
Validation set: Average loss: 0.5519


Train Epoch: 7 [6/54 (11%)]	Loss: 0.435956
Train Epoch: 7 [18/54 (33%)]	Loss: 0.443044
Train Epoch: 7 [30/54 (56%)]	Loss: 0.428807
Train Epoch: 7 [42/54 (78%)]	Loss: 0.416560
Train Epoch: 7 [54/54 (100%)]	Loss: 0.483458
Training set: Average loss: 0.4431
Time taken for epoch =  158.725337266922
Validation set: Average loss: 0.4370


Train Epoch: 8 [6/54 (11%)]	Loss: 0.420974
Train Epoch: 8 [18/54 (33%)]	Loss: 0.437854
Train Epoch: 8 [30/54 (56%)]	Loss: 0.422876
Train Epoch: 8 [42/54 (78%)]	Loss: 0.438928
Train Epoch: 8 [54/54 (100%)]	Loss: 0.485850
Training set: Average loss: 0.4418
Time taken for epoch =  168.5610008239746
Validation set: Average loss: 0.5195


Train Epoch: 9 [6/54 (11%)]	Loss: 0.421742
Train Epoch: 9 [18/54 (33%)]	Loss: 0.474512
Train Epoch: 9 [30/54 (56%)]	Loss: 0.481938
Train Epoch: 9 [42/54 (78%)]	Loss: 0.397556
Train Epoch: 9 [54/54 (100%)]	Loss: 0.399216
Training set: Average loss: 0.4225
Time taken for epoch =  168.46129083633423
Validation set: Average loss: 0.4130


Train Epoch: 10 [6/54 (11%)]	Loss: 0.398631
Train Epoch: 10 [18/54 (33%)]	Loss: 0.409242
Train Epoch: 10 [30/54 (56%)]	Loss: 0.545724
Train Epoch: 10 [42/54 (78%)]	Loss: 0.393817
Train Epoch: 10 [54/54 (100%)]	Loss: 0.391695
Training set: Average loss: 0.4127
Time taken for epoch =  165.34214067459106
Validation set: Average loss: 0.3907


Train Epoch: 11 [6/54 (11%)]	Loss: 0.398329
Train Epoch: 11 [18/54 (33%)]	Loss: 0.467822
Train Epoch: 11 [30/54 (56%)]	Loss: 0.383958
Train Epoch: 11 [42/54 (78%)]	Loss: 0.382992
Train Epoch: 11 [54/54 (100%)]	Loss: 0.390273
Training set: Average loss: 0.4087
Time taken for epoch =  157.0631353855133
Validation set: Average loss: 0.3765


Train Epoch: 12 [6/54 (11%)]	Loss: 0.379803
Train Epoch: 12 [18/54 (33%)]	Loss: 0.393334
Train Epoch: 12 [30/54 (56%)]	Loss: 0.466244
Train Epoch: 12 [42/54 (78%)]	Loss: 0.377805
Train Epoch: 12 [54/54 (100%)]	Loss: 0.383750
Training set: Average loss: 0.4017
Time taken for epoch =  162.5651969909668
Validation set: Average loss: 0.3718


Train Epoch: 13 [6/54 (11%)]	Loss: 0.374046
Train Epoch: 13 [18/54 (33%)]	Loss: 0.529030
Train Epoch: 13 [30/54 (56%)]	Loss: 0.380416
Train Epoch: 13 [42/54 (78%)]	Loss: 0.409783
Train Epoch: 13 [54/54 (100%)]	Loss: 0.377752
Training set: Average loss: 0.4000
Time taken for epoch =  163.5541808605194
Validation set: Average loss: 0.3674


Train Epoch: 14 [6/54 (11%)]	Loss: 0.449960
Train Epoch: 14 [18/54 (33%)]	Loss: 0.384912
Train Epoch: 14 [30/54 (56%)]	Loss: 0.379057
Train Epoch: 14 [42/54 (78%)]	Loss: 0.377657
Train Epoch: 14 [54/54 (100%)]	Loss: 0.370053
Training set: Average loss: 0.3960
Time taken for epoch =  159.34143662452698
Validation set: Average loss: 0.3716


Train Epoch: 15 [6/54 (11%)]	Loss: 0.379500
Train Epoch: 15 [18/54 (33%)]	Loss: 0.450969
Train Epoch: 15 [30/54 (56%)]	Loss: 0.398402
Train Epoch: 15 [42/54 (78%)]	Loss: 0.373742
Train Epoch: 15 [54/54 (100%)]	Loss: 0.378338
Training set: Average loss: 0.3962
Time taken for epoch =  163.95044684410095
Validation set: Average loss: 0.3780


Train Epoch: 16 [6/54 (11%)]	Loss: 0.374559
Train Epoch: 16 [18/54 (33%)]	Loss: 0.375106
Train Epoch: 16 [30/54 (56%)]	Loss: 0.460983
Train Epoch: 16 [42/54 (78%)]	Loss: 0.386558
Train Epoch: 16 [54/54 (100%)]	Loss: 0.375100
Training set: Average loss: 0.3948
Time taken for epoch =  169.97564911842346
Validation set: Average loss: 0.3909


Train Epoch: 17 [6/54 (11%)]	Loss: 0.373443
Train Epoch: 17 [18/54 (33%)]	Loss: 0.454889
Train Epoch: 17 [30/54 (56%)]	Loss: 0.377094
Train Epoch: 17 [42/54 (78%)]	Loss: 0.375078
Train Epoch: 17 [54/54 (100%)]	Loss: 0.377345
Training set: Average loss: 0.3941
Time taken for epoch =  165.1696915626526
Validation set: Average loss: 0.4519


Train Epoch: 18 [6/54 (11%)]	Loss: 0.376247
Train Epoch: 18 [18/54 (33%)]	Loss: 0.372951
Train Epoch: 18 [30/54 (56%)]	Loss: 0.379407
Train Epoch: 18 [42/54 (78%)]	Loss: 0.444241
Train Epoch: 18 [54/54 (100%)]	Loss: 0.377486
Training set: Average loss: 0.3940
Time taken for epoch =  167.21704578399658
Validation set: Average loss: 0.3588


Train Epoch: 19 [6/54 (11%)]	Loss: 0.373233
Train Epoch: 19 [18/54 (33%)]	Loss: 0.380330
Train Epoch: 19 [30/54 (56%)]	Loss: 0.457115
Train Epoch: 19 [42/54 (78%)]	Loss: 0.375442
Train Epoch: 19 [54/54 (100%)]	Loss: 0.375569
Training set: Average loss: 0.3935
Time taken for epoch =  161.82230043411255
Validation set: Average loss: 0.3568


Train Epoch: 20 [6/54 (11%)]	Loss: 0.367830
Train Epoch: 20 [18/54 (33%)]	Loss: 0.444444
Train Epoch: 20 [30/54 (56%)]	Loss: 0.388247
Train Epoch: 20 [42/54 (78%)]	Loss: 0.362231
Train Epoch: 20 [54/54 (100%)]	Loss: 0.365887
Training set: Average loss: 0.3874
Time taken for epoch =  162.77329874038696
Validation set: Average loss: 0.3596


Train Epoch: 21 [6/54 (11%)]	Loss: 0.372114
Train Epoch: 21 [18/54 (33%)]	Loss: 0.374352
Train Epoch: 21 [30/54 (56%)]	Loss: 0.449177
Train Epoch: 21 [42/54 (78%)]	Loss: 0.440220
Train Epoch: 21 [54/54 (100%)]	Loss: 0.369355
Training set: Average loss: 0.3875
Time taken for epoch =  163.4751420021057
Validation set: Average loss: 0.3564


Train Epoch: 22 [6/54 (11%)]	Loss: 0.358060
Train Epoch: 22 [18/54 (33%)]	Loss: 0.363759
Train Epoch: 22 [30/54 (56%)]	Loss: 0.374208
